Test (2A): initial election ...
008059 VOTE S1 开始预选举 term为0 
008123 VOTE S1开始向0要票
008124 VOTE S1开始向2要票
008138 VOTE S1 要票，args为 {Term:1 CandidateId:1 LastLogIndex:0 LastLogTerm:-1 PreElcection:true} 投票者0条件为 log: [{Term:-1 Command:<nil>}], term: 0, votedFor: -1
008138 VOTE S1 要票，args为 {Term:1 CandidateId:1 LastLogIndex:0 LastLogTerm:-1 PreElcection:true} 投票者2条件为 log: [{Term:-1 Command:<nil>}], term: 0, votedFor: -1
008144 VOTE S1 term 1 的情况下 向0要票结束, 结果为true
008145 VOTE S1 预选举成功
008145 VOTE S1 开始正式选举
008146 VOTE S1 开始选举 term为1 
008146 VOTE S1 term 1 的情况下 向2要票结束, 结果为true
008147 LOG1 S1 选举成功
008148 VOTE S1 选举成功 term为: 1
008147 VOTE S1开始向0要票
008148 LEAD S1 成为leader
008148 VOTE S1开始向2要票
008149 LEAD S1 的term: 1 votedFor:1 nextIndex: [1 1 1] matchIndex: [0 0 0] log:[{-1 <nil>}]
008149 LOG2 S1 发送给S0 commitIndex为 0 S1的CommitIndex: 0 nextIndex为: [1 1 1]
008151 LOG2 S1 发送给S2 commitIndex为 0 S1的CommitIndex: 0 nextIndex为: [1 1 1]
008156 VOTE S1 要票，args为 {Term:1 CandidateId:1 LastLogIndex:0 LastLogTerm:-1 PreElcection:false} 投票者0条件为 log: [{Term:-1 Command:<nil>}], term: 0, votedFor: -1
008156 VOTE S1 要票，args为 {Term:1 CandidateId:1 LastLogIndex:0 LastLogTerm:-1 PreElcection:false} 投票者2条件为 log: [{Term:-1 Command:<nil>}], term: 0, votedFor: -1
008160 VOTE S1 term 1 的情况下 向2要票结束, 结果为true
008160 VOTE S1 term 1 的情况下 向0要票结束, 结果为true
008162 LEAD S0 目前有[{-1 <nil>}]日志, 长度为1, 接收S1 的参数为{Term:1 LeaderId:1 PrevLogIndex:0 PrevLogTerm:-1 Entries:[] LeaderCommit:0}
008165 LEAD S2 目前有[{-1 <nil>}]日志, 长度为1, 接收S1 的参数为{Term:1 LeaderId:1 PrevLogIndex:0 PrevLogTerm:-1 Entries:[] LeaderCommit:0}
009173 LEAD S1 的term: 1 votedFor:1 nextIndex: [1 1 1] matchIndex: [0 0 0] log:[{-1 <nil>}]
009176 LOG2 S1 发送给S0 commitIndex为 0 S1的CommitIndex: 0 nextIndex为: [1 1 1]
009178 LOG2 S1 发送给S2 commitIndex为 0 S1的CommitIndex: 0 nextIndex为: [1 1 1]
009194 LEAD S0 目前有[{-1 <nil>}]日志, 长度为1, 接收S1 的参数为{Term:1 LeaderId:1 PrevLogIndex:0 PrevLogTerm:-1 Entries:[] LeaderCommit:0}
009200 LEAD S2 目前有[{-1 <nil>}]日志, 长度为1, 接收S1 的参数为{Term:1 LeaderId:1 PrevLogIndex:0 PrevLogTerm:-1 Entries:[] LeaderCommit:0}
009555 INFO S1 think itself is leader ,term is 1
010071 INFO S1 think itself is leader ,term is 1
010205 LEAD S1 的term: 1 votedFor:1 nextIndex: [1 1 1] matchIndex: [0 0 0] log:[{-1 <nil>}]
010206 LOG2 S1 发送给S0 commitIndex为 0 S1的CommitIndex: 0 nextIndex为: [1 1 1]
010208 LOG2 S1 发送给S2 commitIndex为 0 S1的CommitIndex: 0 nextIndex为: [1 1 1]
010214 LEAD S0 目前有[{-1 <nil>}]日志, 长度为1, 接收S1 的参数为{Term:1 LeaderId:1 PrevLogIndex:0 PrevLogTerm:-1 Entries:[] LeaderCommit:0}
010215 LEAD S2 目前有[{-1 <nil>}]日志, 长度为1, 接收S1 的参数为{Term:1 LeaderId:1 PrevLogIndex:0 PrevLogTerm:-1 Entries:[] LeaderCommit:0}
011219 LEAD S1 的term: 1 votedFor:1 nextIndex: [1 1 1] matchIndex: [0 0 0] log:[{-1 <nil>}]
011221 LOG2 S1 发送给S0 commitIndex为 0 S1的CommitIndex: 0 nextIndex为: [1 1 1]
011223 LOG2 S1 发送给S2 commitIndex为 0 S1的CommitIndex: 0 nextIndex为: [1 1 1]
011235 LEAD S0 目前有[{-1 <nil>}]日志, 长度为1, 接收S1 的参数为{Term:1 LeaderId:1 PrevLogIndex:0 PrevLogTerm:-1 Entries:[] LeaderCommit:0}
011236 LEAD S2 目前有[{-1 <nil>}]日志, 长度为1, 接收S1 的参数为{Term:1 LeaderId:1 PrevLogIndex:0 PrevLogTerm:-1 Entries:[] LeaderCommit:0}
012252 LEAD S1 的term: 1 votedFor:1 nextIndex: [1 1 1] matchIndex: [0 0 0] log:[{-1 <nil>}]
012257 LOG2 S1 发送给S0 commitIndex为 0 S1的CommitIndex: 0 nextIndex为: [1 1 1]
012260 LOG2 S1 发送给S2 commitIndex为 0 S1的CommitIndex: 0 nextIndex为: [1 1 1]
012282 LEAD S2 目前有[{-1 <nil>}]日志, 长度为1, 接收S1 的参数为{Term:1 LeaderId:1 PrevLogIndex:0 PrevLogTerm:-1 Entries:[] LeaderCommit:0}
012282 LEAD S0 目前有[{-1 <nil>}]日志, 长度为1, 接收S1 的参数为{Term:1 LeaderId:1 PrevLogIndex:0 PrevLogTerm:-1 Entries:[] LeaderCommit:0}
013294 LEAD S1 的term: 1 votedFor:1 nextIndex: [1 1 1] matchIndex: [0 0 0] log:[{-1 <nil>}]
013295 LOG2 S1 发送给S0 commitIndex为 0 S1的CommitIndex: 0 nextIndex为: [1 1 1]
013302 LOG2 S1 发送给S2 commitIndex为 0 S1的CommitIndex: 0 nextIndex为: [1 1 1]
013324 LEAD S2 目前有[{-1 <nil>}]日志, 长度为1, 接收S1 的参数为{Term:1 LeaderId:1 PrevLogIndex:0 PrevLogTerm:-1 Entries:[] LeaderCommit:0}
013324 LEAD S0 目前有[{-1 <nil>}]日志, 长度为1, 接收S1 的参数为{Term:1 LeaderId:1 PrevLogIndex:0 PrevLogTerm:-1 Entries:[] LeaderCommit:0}
014334 LEAD S1 的term: 1 votedFor:1 nextIndex: [1 1 1] matchIndex: [0 0 0] log:[{-1 <nil>}]
014338 LOG2 S1 发送给S0 commitIndex为 0 S1的CommitIndex: 0 nextIndex为: [1 1 1]
014350 LOG2 S1 发送给S2 commitIndex为 0 S1的CommitIndex: 0 nextIndex为: [1 1 1]
014436 LEAD S0 目前有[{-1 <nil>}]日志, 长度为1, 接收S1 的参数为{Term:1 LeaderId:1 PrevLogIndex:0 PrevLogTerm:-1 Entries:[] LeaderCommit:0}
014440 LEAD S2 目前有[{-1 <nil>}]日志, 长度为1, 接收S1 的参数为{Term:1 LeaderId:1 PrevLogIndex:0 PrevLogTerm:-1 Entries:[] LeaderCommit:0}
015454 LEAD S1 的term: 1 votedFor:1 nextIndex: [1 1 1] matchIndex: [0 0 0] log:[{-1 <nil>}]
015459 LOG2 S1 发送给S0 commitIndex为 0 S1的CommitIndex: 0 nextIndex为: [1 1 1]
015462 LOG2 S1 发送给S2 commitIndex为 0 S1的CommitIndex: 0 nextIndex为: [1 1 1]
015482 LEAD S2 目前有[{-1 <nil>}]日志, 长度为1, 接收S1 的参数为{Term:1 LeaderId:1 PrevLogIndex:0 PrevLogTerm:-1 Entries:[] LeaderCommit:0}
015483 LEAD S0 目前有[{-1 <nil>}]日志, 长度为1, 接收S1 的参数为{Term:1 LeaderId:1 PrevLogIndex:0 PrevLogTerm:-1 Entries:[] LeaderCommit:0}
016494 LEAD S1 的term: 1 votedFor:1 nextIndex: [1 1 1] matchIndex: [0 0 0] log:[{-1 <nil>}]
016497 LOG2 S1 发送给S0 commitIndex为 0 S1的CommitIndex: 0 nextIndex为: [1 1 1]
016499 LOG2 S1 发送给S2 commitIndex为 0 S1的CommitIndex: 0 nextIndex为: [1 1 1]
016513 LEAD S0 目前有[{-1 <nil>}]日志, 长度为1, 接收S1 的参数为{Term:1 LeaderId:1 PrevLogIndex:0 PrevLogTerm:-1 Entries:[] LeaderCommit:0}
016513 LEAD S2 目前有[{-1 <nil>}]日志, 长度为1, 接收S1 的参数为{Term:1 LeaderId:1 PrevLogIndex:0 PrevLogTerm:-1 Entries:[] LeaderCommit:0}
017523 LEAD S1 的term: 1 votedFor:1 nextIndex: [1 1 1] matchIndex: [0 0 0] log:[{-1 <nil>}]
017526 LOG2 S1 发送给S0 commitIndex为 0 S1的CommitIndex: 0 nextIndex为: [1 1 1]
017528 LOG2 S1 发送给S2 commitIndex为 0 S1的CommitIndex: 0 nextIndex为: [1 1 1]
017544 LEAD S0 目前有[{-1 <nil>}]日志, 长度为1, 接收S1 的参数为{Term:1 LeaderId:1 PrevLogIndex:0 PrevLogTerm:-1 Entries:[] LeaderCommit:0}
017545 LEAD S2 目前有[{-1 <nil>}]日志, 长度为1, 接收S1 的参数为{Term:1 LeaderId:1 PrevLogIndex:0 PrevLogTerm:-1 Entries:[] LeaderCommit:0}
018557 LEAD S1 的term: 1 votedFor:1 nextIndex: [1 1 1] matchIndex: [0 0 0] log:[{-1 <nil>}]
018562 LOG2 S1 发送给S0 commitIndex为 0 S1的CommitIndex: 0 nextIndex为: [1 1 1]
018564 LOG2 S1 发送给S2 commitIndex为 0 S1的CommitIndex: 0 nextIndex为: [1 1 1]
018580 LEAD S0 目前有[{-1 <nil>}]日志, 长度为1, 接收S1 的参数为{Term:1 LeaderId:1 PrevLogIndex:0 PrevLogTerm:-1 Entries:[] LeaderCommit:0}
018583 LEAD S2 目前有[{-1 <nil>}]日志, 长度为1, 接收S1 的参数为{Term:1 LeaderId:1 PrevLogIndex:0 PrevLogTerm:-1 Entries:[] LeaderCommit:0}
019589 LEAD S1 的term: 1 votedFor:1 nextIndex: [1 1 1] matchIndex: [0 0 0] log:[{-1 <nil>}]
019602 LOG2 S1 发送给S0 commitIndex为 0 S1的CommitIndex: 0 nextIndex为: [1 1 1]
019603 LOG2 S1 发送给S2 commitIndex为 0 S1的CommitIndex: 0 nextIndex为: [1 1 1]
019632 LEAD S2 目前有[{-1 <nil>}]日志, 长度为1, 接收S1 的参数为{Term:1 LeaderId:1 PrevLogIndex:0 PrevLogTerm:-1 Entries:[] LeaderCommit:0}
019632 LEAD S0 目前有[{-1 <nil>}]日志, 长度为1, 接收S1 的参数为{Term:1 LeaderId:1 PrevLogIndex:0 PrevLogTerm:-1 Entries:[] LeaderCommit:0}
020639 LEAD S1 的term: 1 votedFor:1 nextIndex: [1 1 1] matchIndex: [0 0 0] log:[{-1 <nil>}]
020640 LOG2 S1 发送给S0 commitIndex为 0 S1的CommitIndex: 0 nextIndex为: [1 1 1]
020641 LOG2 S1 发送给S2 commitIndex为 0 S1的CommitIndex: 0 nextIndex为: [1 1 1]
020645 LEAD S2 目前有[{-1 <nil>}]日志, 长度为1, 接收S1 的参数为{Term:1 LeaderId:1 PrevLogIndex:0 PrevLogTerm:-1 Entries:[] LeaderCommit:0}
020645 LEAD S0 目前有[{-1 <nil>}]日志, 长度为1, 接收S1 的参数为{Term:1 LeaderId:1 PrevLogIndex:0 PrevLogTerm:-1 Entries:[] LeaderCommit:0}
021776 LEAD S1 的term: 1 votedFor:1 nextIndex: [1 1 1] matchIndex: [0 0 0] log:[{-1 <nil>}]
021777 LOG2 S1 发送给S0 commitIndex为 0 S1的CommitIndex: 0 nextIndex为: [1 1 1]
021778 LOG2 S1 发送给S2 commitIndex为 0 S1的CommitIndex: 0 nextIndex为: [1 1 1]
021790 LEAD S2 目前有[{-1 <nil>}]日志, 长度为1, 接收S1 的参数为{Term:1 LeaderId:1 PrevLogIndex:0 PrevLogTerm:-1 Entries:[] LeaderCommit:0}
021811 LEAD S0 目前有[{-1 <nil>}]日志, 长度为1, 接收S1 的参数为{Term:1 LeaderId:1 PrevLogIndex:0 PrevLogTerm:-1 Entries:[] LeaderCommit:0}
022818 LEAD S1 的term: 1 votedFor:1 nextIndex: [1 1 1] matchIndex: [0 0 0] log:[{-1 <nil>}]
022820 LOG2 S1 发送给S0 commitIndex为 0 S1的CommitIndex: 0 nextIndex为: [1 1 1]
022822 LOG2 S1 发送给S2 commitIndex为 0 S1的CommitIndex: 0 nextIndex为: [1 1 1]
022837 LEAD S0 目前有[{-1 <nil>}]日志, 长度为1, 接收S1 的参数为{Term:1 LeaderId:1 PrevLogIndex:0 PrevLogTerm:-1 Entries:[] LeaderCommit:0}
022839 LEAD S2 目前有[{-1 <nil>}]日志, 长度为1, 接收S1 的参数为{Term:1 LeaderId:1 PrevLogIndex:0 PrevLogTerm:-1 Entries:[] LeaderCommit:0}
023850 LEAD S1 的term: 1 votedFor:1 nextIndex: [1 1 1] matchIndex: [0 0 0] log:[{-1 <nil>}]
023853 LOG2 S1 发送给S0 commitIndex为 0 S1的CommitIndex: 0 nextIndex为: [1 1 1]
023855 LOG2 S1 发送给S2 commitIndex为 0 S1的CommitIndex: 0 nextIndex为: [1 1 1]
023902 LEAD S0 目前有[{-1 <nil>}]日志, 长度为1, 接收S1 的参数为{Term:1 LeaderId:1 PrevLogIndex:0 PrevLogTerm:-1 Entries:[] LeaderCommit:0}
023915 LEAD S2 目前有[{-1 <nil>}]日志, 长度为1, 接收S1 的参数为{Term:1 LeaderId:1 PrevLogIndex:0 PrevLogTerm:-1 Entries:[] LeaderCommit:0}
024939 LEAD S1 的term: 1 votedFor:1 nextIndex: [1 1 1] matchIndex: [0 0 0] log:[{-1 <nil>}]
024942 LOG2 S1 发送给S0 commitIndex为 0 S1的CommitIndex: 0 nextIndex为: [1 1 1]
024944 LOG2 S1 发送给S2 commitIndex为 0 S1的CommitIndex: 0 nextIndex为: [1 1 1]
024961 LEAD S2 目前有[{-1 <nil>}]日志, 长度为1, 接收S1 的参数为{Term:1 LeaderId:1 PrevLogIndex:0 PrevLogTerm:-1 Entries:[] LeaderCommit:0}
024964 LEAD S0 目前有[{-1 <nil>}]日志, 长度为1, 接收S1 的参数为{Term:1 LeaderId:1 PrevLogIndex:0 PrevLogTerm:-1 Entries:[] LeaderCommit:0}
025973 LEAD S1 的term: 1 votedFor:1 nextIndex: [1 1 1] matchIndex: [0 0 0] log:[{-1 <nil>}]
025978 LOG2 S1 发送给S0 commitIndex为 0 S1的CommitIndex: 0 nextIndex为: [1 1 1]
025980 LOG2 S1 发送给S2 commitIndex为 0 S1的CommitIndex: 0 nextIndex为: [1 1 1]
026027 LEAD S2 目前有[{-1 <nil>}]日志, 长度为1, 接收S1 的参数为{Term:1 LeaderId:1 PrevLogIndex:0 PrevLogTerm:-1 Entries:[] LeaderCommit:0}
026034 LEAD S0 目前有[{-1 <nil>}]日志, 长度为1, 接收S1 的参数为{Term:1 LeaderId:1 PrevLogIndex:0 PrevLogTerm:-1 Entries:[] LeaderCommit:0}
027050 LEAD S1 的term: 1 votedFor:1 nextIndex: [1 1 1] matchIndex: [0 0 0] log:[{-1 <nil>}]
027051 LOG2 S1 发送给S0 commitIndex为 0 S1的CommitIndex: 0 nextIndex为: [1 1 1]
027052 LOG2 S1 发送给S2 commitIndex为 0 S1的CommitIndex: 0 nextIndex为: [1 1 1]
027057 LEAD S0 目前有[{-1 <nil>}]日志, 长度为1, 接收S1 的参数为{Term:1 LeaderId:1 PrevLogIndex:0 PrevLogTerm:-1 Entries:[] LeaderCommit:0}
027057 LEAD S2 目前有[{-1 <nil>}]日志, 长度为1, 接收S1 的参数为{Term:1 LeaderId:1 PrevLogIndex:0 PrevLogTerm:-1 Entries:[] LeaderCommit:0}
028066 LEAD S1 的term: 1 votedFor:1 nextIndex: [1 1 1] matchIndex: [0 0 0] log:[{-1 <nil>}]
028072 LOG2 S1 发送给S0 commitIndex为 0 S1的CommitIndex: 0 nextIndex为: [1 1 1]
028075 LOG2 S1 发送给S2 commitIndex为 0 S1的CommitIndex: 0 nextIndex为: [1 1 1]
028108 LEAD S0 目前有[{-1 <nil>}]日志, 长度为1, 接收S1 的参数为{Term:1 LeaderId:1 PrevLogIndex:0 PrevLogTerm:-1 Entries:[] LeaderCommit:0}
028109 LEAD S2 目前有[{-1 <nil>}]日志, 长度为1, 接收S1 的参数为{Term:1 LeaderId:1 PrevLogIndex:0 PrevLogTerm:-1 Entries:[] LeaderCommit:0}
029150 LEAD S1 的term: 1 votedFor:1 nextIndex: [1 1 1] matchIndex: [0 0 0] log:[{-1 <nil>}]
029152 LOG2 S1 发送给S0 commitIndex为 0 S1的CommitIndex: 0 nextIndex为: [1 1 1]
029154 LOG2 S1 发送给S2 commitIndex为 0 S1的CommitIndex: 0 nextIndex为: [1 1 1]
029168 LEAD S0 目前有[{-1 <nil>}]日志, 长度为1, 接收S1 的参数为{Term:1 LeaderId:1 PrevLogIndex:0 PrevLogTerm:-1 Entries:[] LeaderCommit:0}
029178 LEAD S2 目前有[{-1 <nil>}]日志, 长度为1, 接收S1 的参数为{Term:1 LeaderId:1 PrevLogIndex:0 PrevLogTerm:-1 Entries:[] LeaderCommit:0}
030084 INFO S1 think itself is leader ,term is 1
030187 LEAD S1 的term: 1 votedFor:1 nextIndex: [1 1 1] matchIndex: [0 0 0] log:[{-1 <nil>}]
030190 LOG2 S1 发送给S0 commitIndex为 0 S1的CommitIndex: 0 nextIndex为: [1 1 1]
030193 LOG2 S1 发送给S2 commitIndex为 0 S1的CommitIndex: 0 nextIndex为: [1 1 1]
030210 LEAD S0 目前有[{-1 <nil>}]日志, 长度为1, 接收S1 的参数为{Term:1 LeaderId:1 PrevLogIndex:0 PrevLogTerm:-1 Entries:[] LeaderCommit:0}
030210 LEAD S2 目前有[{-1 <nil>}]日志, 长度为1, 接收S1 的参数为{Term:1 LeaderId:1 PrevLogIndex:0 PrevLogTerm:-1 Entries:[] LeaderCommit:0}
031223 LEAD S1 的term: 1 votedFor:1 nextIndex: [1 1 1] matchIndex: [0 0 0] log:[{-1 <nil>}]
031225 LOG2 S1 发送给S0 commitIndex为 0 S1的CommitIndex: 0 nextIndex为: [1 1 1]
031226 LOG2 S1 发送给S2 commitIndex为 0 S1的CommitIndex: 0 nextIndex为: [1 1 1]
031238 LEAD S2 目前有[{-1 <nil>}]日志, 长度为1, 接收S1 的参数为{Term:1 LeaderId:1 PrevLogIndex:0 PrevLogTerm:-1 Entries:[] LeaderCommit:0}
031239 LEAD S0 目前有[{-1 <nil>}]日志, 长度为1, 接收S1 的参数为{Term:1 LeaderId:1 PrevLogIndex:0 PrevLogTerm:-1 Entries:[] LeaderCommit:0}
032245 LEAD S1 的term: 1 votedFor:1 nextIndex: [1 1 1] matchIndex: [0 0 0] log:[{-1 <nil>}]
032249 LOG2 S1 发送给S0 commitIndex为 0 S1的CommitIndex: 0 nextIndex为: [1 1 1]
032250 LOG2 S1 发送给S2 commitIndex为 0 S1的CommitIndex: 0 nextIndex为: [1 1 1]
032267 LEAD S0 目前有[{-1 <nil>}]日志, 长度为1, 接收S1 的参数为{Term:1 LeaderId:1 PrevLogIndex:0 PrevLogTerm:-1 Entries:[] LeaderCommit:0}
032267 LEAD S2 目前有[{-1 <nil>}]日志, 长度为1, 接收S1 的参数为{Term:1 LeaderId:1 PrevLogIndex:0 PrevLogTerm:-1 Entries:[] LeaderCommit:0}
033277 LEAD S1 的term: 1 votedFor:1 nextIndex: [1 1 1] matchIndex: [0 0 0] log:[{-1 <nil>}]
033279 LOG2 S1 发送给S0 commitIndex为 0 S1的CommitIndex: 0 nextIndex为: [1 1 1]
033280 LOG2 S1 发送给S2 commitIndex为 0 S1的CommitIndex: 0 nextIndex为: [1 1 1]
033290 LEAD S0 目前有[{-1 <nil>}]日志, 长度为1, 接收S1 的参数为{Term:1 LeaderId:1 PrevLogIndex:0 PrevLogTerm:-1 Entries:[] LeaderCommit:0}
033291 LEAD S2 目前有[{-1 <nil>}]日志, 长度为1, 接收S1 的参数为{Term:1 LeaderId:1 PrevLogIndex:0 PrevLogTerm:-1 Entries:[] LeaderCommit:0}
034298 LEAD S1 的term: 1 votedFor:1 nextIndex: [1 1 1] matchIndex: [0 0 0] log:[{-1 <nil>}]
034301 LOG2 S1 发送给S0 commitIndex为 0 S1的CommitIndex: 0 nextIndex为: [1 1 1]
034302 LOG2 S1 发送给S2 commitIndex为 0 S1的CommitIndex: 0 nextIndex为: [1 1 1]
034320 LEAD S0 目前有[{-1 <nil>}]日志, 长度为1, 接收S1 的参数为{Term:1 LeaderId:1 PrevLogIndex:0 PrevLogTerm:-1 Entries:[] LeaderCommit:0}
034331 LEAD S2 目前有[{-1 <nil>}]日志, 长度为1, 接收S1 的参数为{Term:1 LeaderId:1 PrevLogIndex:0 PrevLogTerm:-1 Entries:[] LeaderCommit:0}
035029 INFO S1 think itself is leader ,term is 1
  ... Passed --   3.5  3   56   16320    0
Test (2A): election after network failure ...
036510 VOTE S2 退出预选举
039038 VOTE S0 退出预选举
043800 VOTE S1 开始预选举 term为0 
043830 VOTE S1开始向2要票
043843 VOTE S1开始向0要票
043955 VOTE S1 要票，args为 {Term:1 CandidateId:1 LastLogIndex:0 LastLogTerm:-1 PreElcection:true} 投票者2条件为 log: [{Term:-1 Command:<nil>}], term: 0, votedFor: -1
043966 VOTE S1 term 1 的情况下 向2要票结束, 结果为true
043968 VOTE S1 预选举成功
043968 VOTE S1 开始正式选举
043969 VOTE S1 开始选举 term为1 
043970 VOTE S1开始向0要票
043973 VOTE S1开始向2要票
043974 VOTE S1 要票，args为 {Term:1 CandidateId:1 LastLogIndex:0 LastLogTerm:-1 PreElcection:true} 投票者0条件为 log: [{Term:-1 Command:<nil>}], term: 0, votedFor: -1
044090 VOTE S1 term 1 的情况下 向0要票结束, 结果为true
044093 LOG1 S1 选举成功
044093 VOTE S1 选举成功 term为: 1
044094 LEAD S1 成为leader
044094 LEAD S1 的term: 1 votedFor:1 nextIndex: [1 1 1] matchIndex: [0 0 0] log:[{-1 <nil>}]
044099 LOG2 S1 发送给S0 commitIndex为 0 S1的CommitIndex: 0 nextIndex为: [1 1 1]
044100 LOG2 S1 发送给S2 commitIndex为 0 S1的CommitIndex: 0 nextIndex为: [1 1 1]
044111 VOTE S1 要票，args为 {Term:1 CandidateId:1 LastLogIndex:0 LastLogTerm:-1 PreElcection:false} 投票者2条件为 log: [{Term:-1 Command:<nil>}], term: 0, votedFor: -1
044122 VOTE S1 term 1 的情况下 向2要票结束, 结果为true
044133 LEAD S2 目前有[{-1 <nil>}]日志, 长度为1, 接收S1 的参数为{Term:1 LeaderId:1 PrevLogIndex:0 PrevLogTerm:-1 Entries:[] LeaderCommit:0}
044143 LEAD S0 目前有[{-1 <nil>}]日志, 长度为1, 接收S1 的参数为{Term:1 LeaderId:1 PrevLogIndex:0 PrevLogTerm:-1 Entries:[] LeaderCommit:0}
044147 VOTE S1 要票，args为 {Term:1 CandidateId:1 LastLogIndex:0 LastLogTerm:-1 PreElcection:false} 投票者0条件为 log: [{Term:-1 Command:<nil>}], term: 1, votedFor: -1
044226 VOTE S1 term 1 的情况下 向0要票结束, 结果为true
045229 LEAD S1 的term: 1 votedFor:1 nextIndex: [1 1 1] matchIndex: [0 0 0] log:[{-1 <nil>}]
045233 LOG2 S1 发送给S0 commitIndex为 0 S1的CommitIndex: 0 nextIndex为: [1 1 1]
045234 LOG2 S1 发送给S2 commitIndex为 0 S1的CommitIndex: 0 nextIndex为: [1 1 1]
045250 LEAD S2 目前有[{-1 <nil>}]日志, 长度为1, 接收S1 的参数为{Term:1 LeaderId:1 PrevLogIndex:0 PrevLogTerm:-1 Entries:[] LeaderCommit:0}
045261 LEAD S0 目前有[{-1 <nil>}]日志, 长度为1, 接收S1 的参数为{Term:1 LeaderId:1 PrevLogIndex:0 PrevLogTerm:-1 Entries:[] LeaderCommit:0}
045668 INFO S1 think itself is leader ,term is 1
045710 INFO S1 断开连接
046285 LEAD S1 的term: 1 votedFor:1 nextIndex: [1 1 1] matchIndex: [0 0 0] log:[{-1 <nil>}]
046292 LOG2 S1 发送给S0 commitIndex为 0 S1的CommitIndex: 0 nextIndex为: [1 1 1]
046293 LOG2 S1 发送给S2 commitIndex为 0 S1的CommitIndex: 0 nextIndex为: [1 1 1]
047318 LEAD S1 的term: 1 votedFor:1 nextIndex: [1 1 1] matchIndex: [0 0 0] log:[{-1 <nil>}]
047321 LOG2 S1 发送给S0 commitIndex为 0 S1的CommitIndex: 0 nextIndex为: [1 1 1]
047327 LOG2 S1 发送给S2 commitIndex为 0 S1的CommitIndex: 0 nextIndex为: [1 1 1]
048345 LEAD S1 的term: 1 votedFor:1 nextIndex: [1 1 1] matchIndex: [0 0 0] log:[{-1 <nil>}]
048351 LOG2 S1 发送给S0 commitIndex为 0 S1的CommitIndex: 0 nextIndex为: [1 1 1]
048353 LOG2 S1 发送给S2 commitIndex为 0 S1的CommitIndex: 0 nextIndex为: [1 1 1]
049366 LEAD S1 的term: 1 votedFor:1 nextIndex: [1 1 1] matchIndex: [0 0 0] log:[{-1 <nil>}]
049369 LOG2 S1 发送给S0 commitIndex为 0 S1的CommitIndex: 0 nextIndex为: [1 1 1]
049370 LOG2 S1 发送给S2 commitIndex为 0 S1的CommitIndex: 0 nextIndex为: [1 1 1]
050383 LEAD S1 的term: 1 votedFor:1 nextIndex: [1 1 1] matchIndex: [0 0 0] log:[{-1 <nil>}]
050386 LOG2 S1 发送给S0 commitIndex为 0 S1的CommitIndex: 0 nextIndex为: [1 1 1]
050387 LOG2 S1 发送给S2 commitIndex为 0 S1的CommitIndex: 0 nextIndex为: [1 1 1]
051402 LEAD S1 的term: 1 votedFor:1 nextIndex: [1 1 1] matchIndex: [0 0 0] log:[{-1 <nil>}]
051405 LOG2 S1 发送给S0 commitIndex为 0 S1的CommitIndex: 0 nextIndex为: [1 1 1]
051406 LOG2 S1 发送给S2 commitIndex为 0 S1的CommitIndex: 0 nextIndex为: [1 1 1]
052417 LEAD S1 的term: 1 votedFor:1 nextIndex: [1 1 1] matchIndex: [0 0 0] log:[{-1 <nil>}]
052419 LOG2 S1 发送给S0 commitIndex为 0 S1的CommitIndex: 0 nextIndex为: [1 1 1]
052420 LOG2 S1 发送给S2 commitIndex为 0 S1的CommitIndex: 0 nextIndex为: [1 1 1]
053441 LEAD S1 的term: 1 votedFor:1 nextIndex: [1 1 1] matchIndex: [0 0 0] log:[{-1 <nil>}]
053444 LOG2 S1 发送给S0 commitIndex为 0 S1的CommitIndex: 0 nextIndex为: [1 1 1]
053445 LOG2 S1 发送给S2 commitIndex为 0 S1的CommitIndex: 0 nextIndex为: [1 1 1]
054458 LEAD S1 的term: 1 votedFor:1 nextIndex: [1 1 1] matchIndex: [0 0 0] log:[{-1 <nil>}]
054465 LOG2 S1 发送给S0 commitIndex为 0 S1的CommitIndex: 0 nextIndex为: [1 1 1]
054475 LOG2 S1 发送给S2 commitIndex为 0 S1的CommitIndex: 0 nextIndex为: [1 1 1]
055481 LEAD S1 的term: 1 votedFor:1 nextIndex: [1 1 1] matchIndex: [0 0 0] log:[{-1 <nil>}]
055483 LOG2 S1 发送给S0 commitIndex为 0 S1的CommitIndex: 0 nextIndex为: [1 1 1]
055484 LOG2 S1 发送给S2 commitIndex为 0 S1的CommitIndex: 0 nextIndex为: [1 1 1]
056573 LEAD S1 的term: 1 votedFor:1 nextIndex: [1 1 1] matchIndex: [0 0 0] log:[{-1 <nil>}]
056580 LOG2 S1 发送给S0 commitIndex为 0 S1的CommitIndex: 0 nextIndex为: [1 1 1]
056583 LOG2 S1 发送给S2 commitIndex为 0 S1的CommitIndex: 0 nextIndex为: [1 1 1]
057599 LEAD S1 的term: 1 votedFor:1 nextIndex: [1 1 1] matchIndex: [0 0 0] log:[{-1 <nil>}]
057604 LOG2 S1 发送给S0 commitIndex为 0 S1的CommitIndex: 0 nextIndex为: [1 1 1]
057606 LOG2 S1 发送给S2 commitIndex为 0 S1的CommitIndex: 0 nextIndex为: [1 1 1]
058620 LEAD S1 的term: 1 votedFor:1 nextIndex: [1 1 1] matchIndex: [0 0 0] log:[{-1 <nil>}]
058623 LOG2 S1 发送给S0 commitIndex为 0 S1的CommitIndex: 0 nextIndex为: [1 1 1]
058624 LOG2 S1 发送给S2 commitIndex为 0 S1的CommitIndex: 0 nextIndex为: [1 1 1]
059661 LEAD S1 的term: 1 votedFor:1 nextIndex: [1 1 1] matchIndex: [0 0 0] log:[{-1 <nil>}]
059672 LOG2 S1 发送给S0 commitIndex为 0 S1的CommitIndex: 0 nextIndex为: [1 1 1]
059674 LOG2 S1 发送给S2 commitIndex为 0 S1的CommitIndex: 0 nextIndex为: [1 1 1]
060687 LEAD S1 的term: 1 votedFor:1 nextIndex: [1 1 1] matchIndex: [0 0 0] log:[{-1 <nil>}]
060689 LOG2 S1 发送给S0 commitIndex为 0 S1的CommitIndex: 0 nextIndex为: [1 1 1]
060690 LOG2 S1 发送给S2 commitIndex为 0 S1的CommitIndex: 0 nextIndex为: [1 1 1]
061704 LEAD S1 的term: 1 votedFor:1 nextIndex: [1 1 1] matchIndex: [0 0 0] log:[{-1 <nil>}]
061707 LOG2 S1 发送给S0 commitIndex为 0 S1的CommitIndex: 0 nextIndex为: [1 1 1]
061708 LOG2 S1 发送给S2 commitIndex为 0 S1的CommitIndex: 0 nextIndex为: [1 1 1]
062712 LEAD S1 的term: 1 votedFor:1 nextIndex: [1 1 1] matchIndex: [0 0 0] log:[{-1 <nil>}]
062715 LOG2 S1 发送给S0 commitIndex为 0 S1的CommitIndex: 0 nextIndex为: [1 1 1]
062716 LOG2 S1 发送给S2 commitIndex为 0 S1的CommitIndex: 0 nextIndex为: [1 1 1]
063729 LEAD S1 的term: 1 votedFor:1 nextIndex: [1 1 1] matchIndex: [0 0 0] log:[{-1 <nil>}]
063732 LOG2 S1 发送给S0 commitIndex为 0 S1的CommitIndex: 0 nextIndex为: [1 1 1]
063733 LOG2 S1 发送给S2 commitIndex为 0 S1的CommitIndex: 0 nextIndex为: [1 1 1]
063769 VOTE S2 开始预选举 term为1 
063776 VOTE S2开始向0要票
063778 VOTE S2开始向1要票
063789 VOTE S2 要票，args为 {Term:2 CandidateId:2 LastLogIndex:0 LastLogTerm:-1 PreElcection:true} 投票者0条件为 log: [{Term:-1 Command:<nil>}], term: 1, votedFor: 1
063798 VOTE S2 term 2 的情况下 向0要票结束, 结果为true
063799 VOTE S2 预选举成功
063800 VOTE S2 开始正式选举
063800 VOTE S2 开始选举 term为2 
063802 VOTE S2开始向0要票
063802 VOTE S2开始向1要票
063814 VOTE S2 要票，args为 {Term:2 CandidateId:2 LastLogIndex:0 LastLogTerm:-1 PreElcection:false} 投票者0条件为 log: [{Term:-1 Command:<nil>}], term: 1, votedFor: 1
063822 VOTE S2 term 2 的情况下 向0要票结束, 结果为true
063823 LOG1 S2 选举成功
063823 VOTE S2 选举成功 term为: 2
063823 LEAD S2 成为leader
063824 LEAD S2 的term: 2 votedFor:2 nextIndex: [1 1 1] matchIndex: [0 0 0] log:[{-1 <nil>}]
063824 LOG2 S2 发送给S0 commitIndex为 0 S2的CommitIndex: 0 nextIndex为: [1 1 1]
063825 LOG2 S2 发送给S1 commitIndex为 0 S2的CommitIndex: 0 nextIndex为: [1 1 1]
063844 LEAD S0 目前有[{-1 <nil>}]日志, 长度为1, 接收S2 的参数为{Term:2 LeaderId:2 PrevLogIndex:0 PrevLogTerm:-1 Entries:[] LeaderCommit:0}
064746 LEAD S1 的term: 1 votedFor:1 nextIndex: [1 1 1] matchIndex: [0 0 0] log:[{-1 <nil>}]
064753 LOG2 S1 发送给S0 commitIndex为 0 S1的CommitIndex: 0 nextIndex为: [1 1 1]
064754 LOG2 S1 发送给S2 commitIndex为 0 S1的CommitIndex: 0 nextIndex为: [1 1 1]
064894 LEAD S2 的term: 2 votedFor:2 nextIndex: [1 1 1] matchIndex: [0 0 0] log:[{-1 <nil>}]
064897 LOG2 S2 发送给S0 commitIndex为 0 S2的CommitIndex: 0 nextIndex为: [1 1 1]
064898 LOG2 S2 发送给S1 commitIndex为 0 S2的CommitIndex: 0 nextIndex为: [1 1 1]
064913 LEAD S0 目前有[{-1 <nil>}]日志, 长度为1, 接收S2 的参数为{Term:2 LeaderId:2 PrevLogIndex:0 PrevLogTerm:-1 Entries:[] LeaderCommit:0}
065763 LEAD S1 的term: 1 votedFor:1 nextIndex: [1 1 1] matchIndex: [0 0 0] log:[{-1 <nil>}]
065767 LOG2 S1 发送给S0 commitIndex为 0 S1的CommitIndex: 0 nextIndex为: [1 1 1]
065768 LOG2 S1 发送给S2 commitIndex为 0 S1的CommitIndex: 0 nextIndex为: [1 1 1]
065827 INFO S2 think itself is leader ,term is 2
065829 INFO S1 重新连接
065935 LEAD S2 的term: 2 votedFor:2 nextIndex: [1 1 1] matchIndex: [0 0 0] log:[{-1 <nil>}]
065937 LOG2 S2 发送给S0 commitIndex为 0 S2的CommitIndex: 0 nextIndex为: [1 1 1]
065939 LOG2 S2 发送给S1 commitIndex为 0 S2的CommitIndex: 0 nextIndex为: [1 1 1]
065953 LEAD S1 目前有[{-1 <nil>}]日志, 长度为1, 接收S2 的参数为{Term:2 LeaderId:2 PrevLogIndex:0 PrevLogTerm:-1 Entries:[] LeaderCommit:0}
065954 LEAD S0 目前有[{-1 <nil>}]日志, 长度为1, 接收S2 的参数为{Term:2 LeaderId:2 PrevLogIndex:0 PrevLogTerm:-1 Entries:[] LeaderCommit:0}
066966 LEAD S2 的term: 2 votedFor:2 nextIndex: [1 1 1] matchIndex: [0 0 0] log:[{-1 <nil>}]
066970 LOG2 S2 发送给S0 commitIndex为 0 S2的CommitIndex: 0 nextIndex为: [1 1 1]
066971 LOG2 S2 发送给S1 commitIndex为 0 S2的CommitIndex: 0 nextIndex为: [1 1 1]
066984 LEAD S0 目前有[{-1 <nil>}]日志, 长度为1, 接收S2 的参数为{Term:2 LeaderId:2 PrevLogIndex:0 PrevLogTerm:-1 Entries:[] LeaderCommit:0}
066985 LEAD S1 目前有[{-1 <nil>}]日志, 长度为1, 接收S2 的参数为{Term:2 LeaderId:2 PrevLogIndex:0 PrevLogTerm:-1 Entries:[] LeaderCommit:0}
068003 LEAD S2 的term: 2 votedFor:2 nextIndex: [1 1 1] matchIndex: [0 0 0] log:[{-1 <nil>}]
068006 LOG2 S2 发送给S0 commitIndex为 0 S2的CommitIndex: 0 nextIndex为: [1 1 1]
068007 LOG2 S2 发送给S1 commitIndex为 0 S2的CommitIndex: 0 nextIndex为: [1 1 1]
068064 LEAD S1 目前有[{-1 <nil>}]日志, 长度为1, 接收S2 的参数为{Term:2 LeaderId:2 PrevLogIndex:0 PrevLogTerm:-1 Entries:[] LeaderCommit:0}
068096 LEAD S0 目前有[{-1 <nil>}]日志, 长度为1, 接收S2 的参数为{Term:2 LeaderId:2 PrevLogIndex:0 PrevLogTerm:-1 Entries:[] LeaderCommit:0}
069107 LEAD S2 的term: 2 votedFor:2 nextIndex: [1 1 1] matchIndex: [0 0 0] log:[{-1 <nil>}]
069109 LOG2 S2 发送给S0 commitIndex为 0 S2的CommitIndex: 0 nextIndex为: [1 1 1]
069111 LOG2 S2 发送给S1 commitIndex为 0 S2的CommitIndex: 0 nextIndex为: [1 1 1]
069122 LEAD S0 目前有[{-1 <nil>}]日志, 长度为1, 接收S2 的参数为{Term:2 LeaderId:2 PrevLogIndex:0 PrevLogTerm:-1 Entries:[] LeaderCommit:0}
069123 LEAD S1 目前有[{-1 <nil>}]日志, 长度为1, 接收S2 的参数为{Term:2 LeaderId:2 PrevLogIndex:0 PrevLogTerm:-1 Entries:[] LeaderCommit:0}
070130 LEAD S2 的term: 2 votedFor:2 nextIndex: [1 1 1] matchIndex: [0 0 0] log:[{-1 <nil>}]
070135 LOG2 S2 发送给S0 commitIndex为 0 S2的CommitIndex: 0 nextIndex为: [1 1 1]
070139 LOG2 S2 发送给S1 commitIndex为 0 S2的CommitIndex: 0 nextIndex为: [1 1 1]
070172 LEAD S0 目前有[{-1 <nil>}]日志, 长度为1, 接收S2 的参数为{Term:2 LeaderId:2 PrevLogIndex:0 PrevLogTerm:-1 Entries:[] LeaderCommit:0}
070175 LEAD S1 目前有[{-1 <nil>}]日志, 长度为1, 接收S2 的参数为{Term:2 LeaderId:2 PrevLogIndex:0 PrevLogTerm:-1 Entries:[] LeaderCommit:0}
070421 INFO S2 think itself is leader ,term is 2
070424 INFO S2 断开连接
070425 INFO S0 断开连接
071185 LEAD S2 的term: 2 votedFor:2 nextIndex: [1 1 1] matchIndex: [0 0 0] log:[{-1 <nil>}]
071189 LOG2 S2 发送给S0 commitIndex为 0 S2的CommitIndex: 0 nextIndex为: [1 1 1]
071191 LOG2 S2 发送给S1 commitIndex为 0 S2的CommitIndex: 0 nextIndex为: [1 1 1]
072205 LEAD S2 的term: 2 votedFor:2 nextIndex: [1 1 1] matchIndex: [0 0 0] log:[{-1 <nil>}]
072209 LOG2 S2 发送给S0 commitIndex为 0 S2的CommitIndex: 0 nextIndex为: [1 1 1]
072211 LOG2 S2 发送给S1 commitIndex为 0 S2的CommitIndex: 0 nextIndex为: [1 1 1]
073224 LEAD S2 的term: 2 votedFor:2 nextIndex: [1 1 1] matchIndex: [0 0 0] log:[{-1 <nil>}]
073227 LOG2 S2 发送给S0 commitIndex为 0 S2的CommitIndex: 0 nextIndex为: [1 1 1]
073229 LOG2 S2 发送给S1 commitIndex为 0 S2的CommitIndex: 0 nextIndex为: [1 1 1]
074242 LEAD S2 的term: 2 votedFor:2 nextIndex: [1 1 1] matchIndex: [0 0 0] log:[{-1 <nil>}]
074246 LOG2 S2 发送给S0 commitIndex为 0 S2的CommitIndex: 0 nextIndex为: [1 1 1]
074250 LOG2 S2 发送给S1 commitIndex为 0 S2的CommitIndex: 0 nextIndex为: [1 1 1]
075263 LEAD S2 的term: 2 votedFor:2 nextIndex: [1 1 1] matchIndex: [0 0 0] log:[{-1 <nil>}]
075267 LOG2 S2 发送给S0 commitIndex为 0 S2的CommitIndex: 0 nextIndex为: [1 1 1]
075277 LOG2 S2 发送给S1 commitIndex为 0 S2的CommitIndex: 0 nextIndex为: [1 1 1]
076284 LEAD S2 的term: 2 votedFor:2 nextIndex: [1 1 1] matchIndex: [0 0 0] log:[{-1 <nil>}]
076292 LOG2 S2 发送给S0 commitIndex为 0 S2的CommitIndex: 0 nextIndex为: [1 1 1]
076295 LOG2 S2 发送给S1 commitIndex为 0 S2的CommitIndex: 0 nextIndex为: [1 1 1]
077310 LEAD S2 的term: 2 votedFor:2 nextIndex: [1 1 1] matchIndex: [0 0 0] log:[{-1 <nil>}]
077315 LOG2 S2 发送给S0 commitIndex为 0 S2的CommitIndex: 0 nextIndex为: [1 1 1]
077317 LOG2 S2 发送给S1 commitIndex为 0 S2的CommitIndex: 0 nextIndex为: [1 1 1]
078329 LEAD S2 的term: 2 votedFor:2 nextIndex: [1 1 1] matchIndex: [0 0 0] log:[{-1 <nil>}]
078334 LOG2 S2 发送给S0 commitIndex为 0 S2的CommitIndex: 0 nextIndex为: [1 1 1]
078336 LOG2 S2 发送给S1 commitIndex为 0 S2的CommitIndex: 0 nextIndex为: [1 1 1]
079352 LEAD S2 的term: 2 votedFor:2 nextIndex: [1 1 1] matchIndex: [0 0 0] log:[{-1 <nil>}]
079359 LOG2 S2 发送给S0 commitIndex为 0 S2的CommitIndex: 0 nextIndex为: [1 1 1]
079360 LOG2 S2 发送给S1 commitIndex为 0 S2的CommitIndex: 0 nextIndex为: [1 1 1]
080371 LEAD S2 的term: 2 votedFor:2 nextIndex: [1 1 1] matchIndex: [0 0 0] log:[{-1 <nil>}]
080373 LOG2 S2 发送给S0 commitIndex为 0 S2的CommitIndex: 0 nextIndex为: [1 1 1]
080375 LOG2 S2 发送给S1 commitIndex为 0 S2的CommitIndex: 0 nextIndex为: [1 1 1]
081388 LEAD S2 的term: 2 votedFor:2 nextIndex: [1 1 1] matchIndex: [0 0 0] log:[{-1 <nil>}]
081392 LOG2 S2 发送给S0 commitIndex为 0 S2的CommitIndex: 0 nextIndex为: [1 1 1]
081395 LOG2 S2 发送给S1 commitIndex为 0 S2的CommitIndex: 0 nextIndex为: [1 1 1]
082414 LEAD S2 的term: 2 votedFor:2 nextIndex: [1 1 1] matchIndex: [0 0 0] log:[{-1 <nil>}]
082437 LOG2 S2 发送给S0 commitIndex为 0 S2的CommitIndex: 0 nextIndex为: [1 1 1]
082442 LOG2 S2 发送给S1 commitIndex为 0 S2的CommitIndex: 0 nextIndex为: [1 1 1]
083455 LEAD S2 的term: 2 votedFor:2 nextIndex: [1 1 1] matchIndex: [0 0 0] log:[{-1 <nil>}]
083459 LOG2 S2 发送给S0 commitIndex为 0 S2的CommitIndex: 0 nextIndex为: [1 1 1]
083461 LOG2 S2 发送给S1 commitIndex为 0 S2的CommitIndex: 0 nextIndex为: [1 1 1]
083989 VOTE S0 开始预选举 term为2 
084002 VOTE S0开始向2要票
084013 VOTE S0开始向1要票
084474 LEAD S2 的term: 2 votedFor:2 nextIndex: [1 1 1] matchIndex: [0 0 0] log:[{-1 <nil>}]
084478 LOG2 S2 发送给S0 commitIndex为 0 S2的CommitIndex: 0 nextIndex为: [1 1 1]
084479 LOG2 S2 发送给S1 commitIndex为 0 S2的CommitIndex: 0 nextIndex为: [1 1 1]
085495 LEAD S2 的term: 2 votedFor:2 nextIndex: [1 1 1] matchIndex: [0 0 0] log:[{-1 <nil>}]
085501 LOG2 S2 发送给S0 commitIndex为 0 S2的CommitIndex: 0 nextIndex为: [1 1 1]
085502 LOG2 S2 发送给S1 commitIndex为 0 S2的CommitIndex: 0 nextIndex为: [1 1 1]
086527 LEAD S2 的term: 2 votedFor:2 nextIndex: [1 1 1] matchIndex: [0 0 0] log:[{-1 <nil>}]
086553 LOG2 S2 发送给S0 commitIndex为 0 S2的CommitIndex: 0 nextIndex为: [1 1 1]
086621 LOG2 S2 发送给S1 commitIndex为 0 S2的CommitIndex: 0 nextIndex为: [1 1 1]
087233 VOTE S1 开始预选举 term为2 
087262 VOTE S1开始向0要票
087265 VOTE S1开始向2要票
087608 VOTE S0 预选举失败，获得1票数
087625 LEAD S2 的term: 2 votedFor:2 nextIndex: [1 1 1] matchIndex: [0 0 0] log:[{-1 <nil>}]
087627 LOG2 S2 发送给S0 commitIndex为 0 S2的CommitIndex: 0 nextIndex为: [1 1 1]
087628 LOG2 S2 发送给S1 commitIndex为 0 S2的CommitIndex: 0 nextIndex为: [1 1 1]
088631 LEAD S2 的term: 2 votedFor:2 nextIndex: [1 1 1] matchIndex: [0 0 0] log:[{-1 <nil>}]
088635 LOG2 S2 发送给S0 commitIndex为 0 S2的CommitIndex: 0 nextIndex为: [1 1 1]
088638 LOG2 S2 发送给S1 commitIndex为 0 S2的CommitIndex: 0 nextIndex为: [1 1 1]
089645 LEAD S2 的term: 2 votedFor:2 nextIndex: [1 1 1] matchIndex: [0 0 0] log:[{-1 <nil>}]
089649 LOG2 S2 发送给S0 commitIndex为 0 S2的CommitIndex: 0 nextIndex为: [1 1 1]
089651 LOG2 S2 发送给S1 commitIndex为 0 S2的CommitIndex: 0 nextIndex为: [1 1 1]
090661 LEAD S2 的term: 2 votedFor:2 nextIndex: [1 1 1] matchIndex: [0 0 0] log:[{-1 <nil>}]
090663 VOTE S1 预选举失败，获得1票数
090663 LOG2 S2 发送给S0 commitIndex为 0 S2的CommitIndex: 0 nextIndex为: [1 1 1]
090665 LOG2 S2 发送给S1 commitIndex为 0 S2的CommitIndex: 0 nextIndex为: [1 1 1]
090666 INFO S0 重新连接
091675 LEAD S2 的term: 2 votedFor:2 nextIndex: [1 1 1] matchIndex: [0 0 0] log:[{-1 <nil>}]
091678 LOG2 S2 发送给S0 commitIndex为 0 S2的CommitIndex: 0 nextIndex为: [1 1 1]
091679 LOG2 S2 发送给S1 commitIndex为 0 S2的CommitIndex: 0 nextIndex为: [1 1 1]
092681 LEAD S2 的term: 2 votedFor:2 nextIndex: [1 1 1] matchIndex: [0 0 0] log:[{-1 <nil>}]
092685 LOG2 S2 发送给S0 commitIndex为 0 S2的CommitIndex: 0 nextIndex为: [1 1 1]
092687 LOG2 S2 发送给S1 commitIndex为 0 S2的CommitIndex: 0 nextIndex为: [1 1 1]
093690 LEAD S2 的term: 2 votedFor:2 nextIndex: [1 1 1] matchIndex: [0 0 0] log:[{-1 <nil>}]
093694 LOG2 S2 发送给S0 commitIndex为 0 S2的CommitIndex: 0 nextIndex为: [1 1 1]
093709 LOG2 S2 发送给S1 commitIndex为 0 S2的CommitIndex: 0 nextIndex为: [1 1 1]
094711 LEAD S2 的term: 2 votedFor:2 nextIndex: [1 1 1] matchIndex: [0 0 0] log:[{-1 <nil>}]
094713 LOG2 S2 发送给S0 commitIndex为 0 S2的CommitIndex: 0 nextIndex为: [1 1 1]
094714 LOG2 S2 发送给S1 commitIndex为 0 S2的CommitIndex: 0 nextIndex为: [1 1 1]
095716 LEAD S2 的term: 2 votedFor:2 nextIndex: [1 1 1] matchIndex: [0 0 0] log:[{-1 <nil>}]
095720 LOG2 S2 发送给S0 commitIndex为 0 S2的CommitIndex: 0 nextIndex为: [1 1 1]
095722 LOG2 S2 发送给S1 commitIndex为 0 S2的CommitIndex: 0 nextIndex为: [1 1 1]
095846 VOTE S0 开始预选举 term为2 
095852 VOTE S0开始向1要票
095855 VOTE S0开始向2要票
095870 VOTE S0 要票，args为 {Term:3 CandidateId:0 LastLogIndex:0 LastLogTerm:-1 PreElcection:true} 投票者1条件为 log: [{Term:-1 Command:<nil>}], term: 2, votedFor: -1
095879 VOTE S0 term 3 的情况下 向1要票结束, 结果为true
095881 VOTE S0 预选举成功
095881 VOTE S0 开始正式选举
095882 VOTE S0 开始选举 term为3 
095882 VOTE S0开始向1要票
095883 VOTE S0开始向2要票
095890 VOTE S0 要票，args为 {Term:3 CandidateId:0 LastLogIndex:0 LastLogTerm:-1 PreElcection:false} 投票者1条件为 log: [{Term:-1 Command:<nil>}], term: 2, votedFor: -1
095896 VOTE S0 term 3 的情况下 向1要票结束, 结果为true
095896 LOG1 S0 选举成功
095897 VOTE S0 选举成功 term为: 3
095897 LEAD S0 成为leader
095898 LEAD S0 的term: 3 votedFor:0 nextIndex: [1 1 1] matchIndex: [0 0 0] log:[{-1 <nil>}]
095899 LOG2 S0 发送给S1 commitIndex为 0 S0的CommitIndex: 0 nextIndex为: [1 1 1]
095900 LOG2 S0 发送给S2 commitIndex为 0 S0的CommitIndex: 0 nextIndex为: [1 1 1]
095916 LEAD S1 目前有[{-1 <nil>}]日志, 长度为1, 接收S0 的参数为{Term:3 LeaderId:0 PrevLogIndex:0 PrevLogTerm:-1 Entries:[] LeaderCommit:0}
096731 LEAD S2 的term: 2 votedFor:2 nextIndex: [1 1 1] matchIndex: [0 0 0] log:[{-1 <nil>}]
096735 LOG2 S2 发送给S0 commitIndex为 0 S2的CommitIndex: 0 nextIndex为: [1 1 1]
096737 LOG2 S2 发送给S1 commitIndex为 0 S2的CommitIndex: 0 nextIndex为: [1 1 1]
096926 LEAD S0 的term: 3 votedFor:0 nextIndex: [1 1 1] matchIndex: [0 0 0] log:[{-1 <nil>}]
096932 LOG2 S0 发送给S1 commitIndex为 0 S0的CommitIndex: 0 nextIndex为: [1 1 1]
096933 LOG2 S0 发送给S2 commitIndex为 0 S0的CommitIndex: 0 nextIndex为: [1 1 1]
096950 LEAD S1 目前有[{-1 <nil>}]日志, 长度为1, 接收S0 的参数为{Term:3 LeaderId:0 PrevLogIndex:0 PrevLogTerm:-1 Entries:[] LeaderCommit:0}
097795 LEAD S2 的term: 2 votedFor:2 nextIndex: [1 1 1] matchIndex: [0 0 0] log:[{-1 <nil>}]
097799 LOG2 S2 发送给S0 commitIndex为 0 S2的CommitIndex: 0 nextIndex为: [1 1 1]
097800 LOG2 S2 发送给S1 commitIndex为 0 S2的CommitIndex: 0 nextIndex为: [1 1 1]
097961 LEAD S0 的term: 3 votedFor:0 nextIndex: [1 1 1] matchIndex: [0 0 0] log:[{-1 <nil>}]
097966 LOG2 S0 发送给S1 commitIndex为 0 S0的CommitIndex: 0 nextIndex为: [1 1 1]
097968 LOG2 S0 发送给S2 commitIndex为 0 S0的CommitIndex: 0 nextIndex为: [1 1 1]
097984 LEAD S1 目前有[{-1 <nil>}]日志, 长度为1, 接收S0 的参数为{Term:3 LeaderId:0 PrevLogIndex:0 PrevLogTerm:-1 Entries:[] LeaderCommit:0}
098807 LEAD S2 的term: 2 votedFor:2 nextIndex: [1 1 1] matchIndex: [0 0 0] log:[{-1 <nil>}]
098810 LOG2 S2 发送给S0 commitIndex为 0 S2的CommitIndex: 0 nextIndex为: [1 1 1]
098812 LOG2 S2 发送给S1 commitIndex为 0 S2的CommitIndex: 0 nextIndex为: [1 1 1]
098993 LEAD S0 的term: 3 votedFor:0 nextIndex: [1 1 1] matchIndex: [0 0 0] log:[{-1 <nil>}]
098998 LOG2 S0 发送给S1 commitIndex为 0 S0的CommitIndex: 0 nextIndex为: [1 1 1]
099001 LOG2 S0 发送给S2 commitIndex为 0 S0的CommitIndex: 0 nextIndex为: [1 1 1]
099030 LEAD S1 目前有[{-1 <nil>}]日志, 长度为1, 接收S0 的参数为{Term:3 LeaderId:0 PrevLogIndex:0 PrevLogTerm:-1 Entries:[] LeaderCommit:0}
099813 LEAD S2 的term: 2 votedFor:2 nextIndex: [1 1 1] matchIndex: [0 0 0] log:[{-1 <nil>}]
099817 LOG2 S2 发送给S0 commitIndex为 0 S2的CommitIndex: 0 nextIndex为: [1 1 1]
099818 LOG2 S2 发送给S1 commitIndex为 0 S2的CommitIndex: 0 nextIndex为: [1 1 1]
100060 LEAD S0 的term: 3 votedFor:0 nextIndex: [1 1 1] matchIndex: [0 0 0] log:[{-1 <nil>}]
100063 LOG2 S0 发送给S1 commitIndex为 0 S0的CommitIndex: 0 nextIndex为: [1 1 1]
100065 LOG2 S0 发送给S2 commitIndex为 0 S0的CommitIndex: 0 nextIndex为: [1 1 1]
100084 LEAD S1 目前有[{-1 <nil>}]日志, 长度为1, 接收S0 的参数为{Term:3 LeaderId:0 PrevLogIndex:0 PrevLogTerm:-1 Entries:[] LeaderCommit:0}
100817 INFO S0 think itself is leader ,term is 3
100819 INFO S2 重新连接
100820 LEAD S2 的term: 2 votedFor:2 nextIndex: [1 1 1] matchIndex: [0 0 0] log:[{-1 <nil>}]
100822 LOG2 S2 发送给S0 commitIndex为 0 S2的CommitIndex: 0 nextIndex为: [1 1 1]
100823 LOG2 S2 发送给S1 commitIndex为 0 S2的CommitIndex: 0 nextIndex为: [1 1 1]
100837 LEAD S2 给S1发送信息后放弃成为lead
101096 LEAD S0 的term: 3 votedFor:0 nextIndex: [1 1 1] matchIndex: [0 0 0] log:[{-1 <nil>}]
101100 LOG2 S0 发送给S1 commitIndex为 0 S0的CommitIndex: 0 nextIndex为: [1 1 1]
101102 LOG2 S0 发送给S2 commitIndex为 0 S0的CommitIndex: 0 nextIndex为: [1 1 1]
101123 LEAD S2 目前有[{-1 <nil>}]日志, 长度为1, 接收S0 的参数为{Term:3 LeaderId:0 PrevLogIndex:0 PrevLogTerm:-1 Entries:[] LeaderCommit:0}
101123 LEAD S1 目前有[{-1 <nil>}]日志, 长度为1, 接收S0 的参数为{Term:3 LeaderId:0 PrevLogIndex:0 PrevLogTerm:-1 Entries:[] LeaderCommit:0}
102142 LEAD S0 的term: 3 votedFor:0 nextIndex: [1 1 1] matchIndex: [0 0 0] log:[{-1 <nil>}]
102146 LOG2 S0 发送给S1 commitIndex为 0 S0的CommitIndex: 0 nextIndex为: [1 1 1]
102148 LOG2 S0 发送给S2 commitIndex为 0 S0的CommitIndex: 0 nextIndex为: [1 1 1]
102195 LEAD S1 目前有[{-1 <nil>}]日志, 长度为1, 接收S0 的参数为{Term:3 LeaderId:0 PrevLogIndex:0 PrevLogTerm:-1 Entries:[] LeaderCommit:0}
102197 LEAD S2 目前有[{-1 <nil>}]日志, 长度为1, 接收S0 的参数为{Term:3 LeaderId:0 PrevLogIndex:0 PrevLogTerm:-1 Entries:[] LeaderCommit:0}
103207 LEAD S0 的term: 3 votedFor:0 nextIndex: [1 1 1] matchIndex: [0 0 0] log:[{-1 <nil>}]
103213 LOG2 S0 发送给S1 commitIndex为 0 S0的CommitIndex: 0 nextIndex为: [1 1 1]
103215 LOG2 S0 发送给S2 commitIndex为 0 S0的CommitIndex: 0 nextIndex为: [1 1 1]
103270 LEAD S2 目前有[{-1 <nil>}]日志, 长度为1, 接收S0 的参数为{Term:3 LeaderId:0 PrevLogIndex:0 PrevLogTerm:-1 Entries:[] LeaderCommit:0}
103300 LEAD S1 目前有[{-1 <nil>}]日志, 长度为1, 接收S0 的参数为{Term:3 LeaderId:0 PrevLogIndex:0 PrevLogTerm:-1 Entries:[] LeaderCommit:0}
104325 LEAD S0 的term: 3 votedFor:0 nextIndex: [1 1 1] matchIndex: [0 0 0] log:[{-1 <nil>}]
104330 LOG2 S0 发送给S1 commitIndex为 0 S0的CommitIndex: 0 nextIndex为: [1 1 1]
104334 LOG2 S0 发送给S2 commitIndex为 0 S0的CommitIndex: 0 nextIndex为: [1 1 1]
104360 LEAD S1 目前有[{-1 <nil>}]日志, 长度为1, 接收S0 的参数为{Term:3 LeaderId:0 PrevLogIndex:0 PrevLogTerm:-1 Entries:[] LeaderCommit:0}
104363 LEAD S2 目前有[{-1 <nil>}]日志, 长度为1, 接收S0 的参数为{Term:3 LeaderId:0 PrevLogIndex:0 PrevLogTerm:-1 Entries:[] LeaderCommit:0}
105377 LEAD S0 的term: 3 votedFor:0 nextIndex: [1 1 1] matchIndex: [0 0 0] log:[{-1 <nil>}]
105380 LOG2 S0 发送给S1 commitIndex为 0 S0的CommitIndex: 0 nextIndex为: [1 1 1]
105381 LOG2 S0 发送给S2 commitIndex为 0 S0的CommitIndex: 0 nextIndex为: [1 1 1]
105394 LEAD S2 目前有[{-1 <nil>}]日志, 长度为1, 接收S0 的参数为{Term:3 LeaderId:0 PrevLogIndex:0 PrevLogTerm:-1 Entries:[] LeaderCommit:0}
105395 LEAD S1 目前有[{-1 <nil>}]日志, 长度为1, 接收S0 的参数为{Term:3 LeaderId:0 PrevLogIndex:0 PrevLogTerm:-1 Entries:[] LeaderCommit:0}
106093 INFO S0 think itself is leader ,term is 3
  ... Passed --   7.1  3  154   31545    0
Test (2A): multiple elections ...
110307 VOTE S1 退出预选举
111596 VOTE S2 退出预选举
114161 VOTE S4 开始预选举 term为0 
114170 VOTE S4开始向6要票
114190 VOTE S4 要票，args为 {Term:1 CandidateId:4 LastLogIndex:0 LastLogTerm:-1 PreElcection:true} 投票者6条件为 log: [{Term:-1 Command:<nil>}], term: 0, votedFor: -1
114194 VOTE S4开始向1要票
114197 VOTE S4开始向0要票
114197 VOTE S4开始向2要票
114198 VOTE S4开始向3要票
114219 VOTE S4 要票，args为 {Term:1 CandidateId:4 LastLogIndex:0 LastLogTerm:-1 PreElcection:true} 投票者0条件为 log: [{Term:-1 Command:<nil>}], term: 0, votedFor: -1
114224 VOTE S4 term 1 的情况下 向0要票结束, 结果为true
114222 VOTE S4 要票，args为 {Term:1 CandidateId:4 LastLogIndex:0 LastLogTerm:-1 PreElcection:true} 投票者2条件为 log: [{Term:-1 Command:<nil>}], term: 0, votedFor: -1
114198 VOTE S4开始向5要票
114199 VOTE S3 开始预选举 term为0 
114201 VOTE S4 term 1 的情况下 向6要票结束, 结果为true
114209 VOTE S4 要票，args为 {Term:1 CandidateId:4 LastLogIndex:0 LastLogTerm:-1 PreElcection:true} 投票者1条件为 log: [{Term:-1 Command:<nil>}], term: 0, votedFor: -1
114234 VOTE S3开始向4要票
114235 VOTE S4 term 1 的情况下 向1要票结束, 结果为true
114236 VOTE S4 预选举成功
114236 VOTE S4 开始正式选举
114236 VOTE S4 开始选举 term为1 
114239 VOTE S4 要票，args为 {Term:1 CandidateId:4 LastLogIndex:0 LastLogTerm:-1 PreElcection:true} 投票者5条件为 log: [{Term:-1 Command:<nil>}], term: 0, votedFor: -1
114240 VOTE S4开始向0要票
114242 VOTE S4开始向1要票
114240 VOTE S4开始向3要票
114244 VOTE S4开始向2要票
114245 VOTE S4开始向5要票
114248 VOTE S4开始向6要票
114258 VOTE S4 要票，args为 {Term:1 CandidateId:4 LastLogIndex:0 LastLogTerm:-1 PreElcection:false} 投票者0条件为 log: [{Term:-1 Command:<nil>}], term: 0, votedFor: -1
114273 VOTE S4 要票，args为 {Term:1 CandidateId:4 LastLogIndex:0 LastLogTerm:-1 PreElcection:false} 投票者1条件为 log: [{Term:-1 Command:<nil>}], term: 0, votedFor: -1
114280 VOTE S4 term 1 的情况下 向1要票结束, 结果为true
114284 VOTE S4 要票，args为 {Term:1 CandidateId:4 LastLogIndex:0 LastLogTerm:-1 PreElcection:false} 投票者2条件为 log: [{Term:-1 Command:<nil>}], term: 0, votedFor: -1
114286 VOTE S4 term 1 的情况下 向0要票结束, 结果为true
114290 VOTE S4 term 1 的情况下 向2要票结束, 结果为true
114290 LOG1 S4 选举成功
114291 VOTE S4 选举成功 term为: 1
114291 LEAD S4 成为leader
114291 LEAD S4 的term: 1 votedFor:4 nextIndex: [1 1 1 1 1 1 1] matchIndex: [0 0 0 0 0 0 0] log:[{-1 <nil>}]
114292 LOG2 S4 发送给S0 commitIndex为 0 S4的CommitIndex: 0 nextIndex为: [1 1 1 1 1 1 1]
114293 LOG2 S4 发送给S1 commitIndex为 0 S4的CommitIndex: 0 nextIndex为: [1 1 1 1 1 1 1]
114293 VOTE S4 要票，args为 {Term:1 CandidateId:4 LastLogIndex:0 LastLogTerm:-1 PreElcection:false} 投票者6条件为 log: [{Term:-1 Command:<nil>}], term: 0, votedFor: -1
114294 LOG2 S4 发送给S2 commitIndex为 0 S4的CommitIndex: 0 nextIndex为: [1 1 1 1 1 1 1]
114295 LOG2 S4 发送给S3 commitIndex为 0 S4的CommitIndex: 0 nextIndex为: [1 1 1 1 1 1 1]
114296 LOG2 S4 发送给S5 commitIndex为 0 S4的CommitIndex: 0 nextIndex为: [1 1 1 1 1 1 1]
114297 LOG2 S4 发送给S6 commitIndex为 0 S4的CommitIndex: 0 nextIndex为: [1 1 1 1 1 1 1]
114303 VOTE S3 要票，args为 {Term:1 CandidateId:3 LastLogIndex:0 LastLogTerm:-1 PreElcection:true} 投票者4条件为 log: [{Term:-1 Command:<nil>}], term: 1, votedFor: 4
114304 VOTE S4 term 1 的情况下 向5要票结束, 结果为true
114289 VOTE S4 要票，args为 {Term:1 CandidateId:4 LastLogIndex:0 LastLogTerm:-1 PreElcection:false} 投票者5条件为 log: [{Term:-1 Command:<nil>}], term: 0, votedFor: -1
114321 VOTE S4 term 1 的情况下 向5要票结束, 结果为true
114326 VOTE S3开始向0要票
114329 VOTE S3开始向1要票
114355 VOTE S4 term 1 的情况下 向2要票结束, 结果为true
114356 VOTE S3开始向2要票
114358 VOTE S3开始向5要票
114359 VOTE S3 要票，args为 {Term:1 CandidateId:3 LastLogIndex:0 LastLogTerm:-1 PreElcection:true} 投票者1条件为 log: [{Term:-1 Command:<nil>}], term: 1, votedFor: 4
114360 VOTE S3开始向6要票
114371 VOTE S3 要票，args为 {Term:1 CandidateId:3 LastLogIndex:0 LastLogTerm:-1 PreElcection:true} 投票者0条件为 log: [{Term:-1 Command:<nil>}], term: 1, votedFor: 4
114374 VOTE S3 要票，args为 {Term:1 CandidateId:3 LastLogIndex:0 LastLogTerm:-1 PreElcection:true} 投票者2条件为 log: [{Term:-1 Command:<nil>}], term: 1, votedFor: 4
114376 VOTE S3 term 1 的情况下 向1要票结束, 结果为true
114378 VOTE S3 term 1 的情况下 向2要票结束, 结果为true
114379 VOTE S3 term 1 的情况下 向0要票结束, 结果为true
114380 VOTE S3 预选举成功
114380 VOTE S3 开始正式选举
114381 VOTE S3 开始选举 term为1 
114383 VOTE S3 要票，args为 {Term:1 CandidateId:3 LastLogIndex:0 LastLogTerm:-1 PreElcection:true} 投票者6条件为 log: [{Term:-1 Command:<nil>}], term: 1, votedFor: 4
114383 VOTE S3开始向6要票
114386 VOTE S4 term 1 的情况下 向6要票结束, 结果为true
114387 VOTE S3 要票，args为 {Term:1 CandidateId:3 LastLogIndex:0 LastLogTerm:-1 PreElcection:true} 投票者5条件为 log: [{Term:-1 Command:<nil>}], term: 1, votedFor: 4
114392 VOTE S3 term 1 的情况下 向6要票结束, 结果为true
114393 LEAD S1 目前有[{-1 <nil>}]日志, 长度为1, 接收S4 的参数为{Term:1 LeaderId:4 PrevLogIndex:0 PrevLogTerm:-1 Entries:[] LeaderCommit:0}
114326 VOTE S3 term 1 的情况下 向4要票结束, 结果为true
114394 VOTE S3开始向0要票
114399 LEAD S0 目前有[{-1 <nil>}]日志, 长度为1, 接收S4 的参数为{Term:1 LeaderId:4 PrevLogIndex:0 PrevLogTerm:-1 Entries:[] LeaderCommit:0}
114401 LEAD S5 目前有[{-1 <nil>}]日志, 长度为1, 接收S4 的参数为{Term:1 LeaderId:4 PrevLogIndex:0 PrevLogTerm:-1 Entries:[] LeaderCommit:0}
114403 VOTE S3 要票，args为 {Term:1 CandidateId:3 LastLogIndex:0 LastLogTerm:-1 PreElcection:false} 投票者0条件为 log: [{Term:-1 Command:<nil>}], term: 1, votedFor: 4
114404 VOTE S0 拒绝给S3 原因3 投票者term为: 1,
114403 LEAD S2 目前有[{-1 <nil>}]日志, 长度为1, 接收S4 的参数为{Term:1 LeaderId:4 PrevLogIndex:0 PrevLogTerm:-1 Entries:[] LeaderCommit:0}
114395 VOTE S3开始向1要票
114395 VOTE S3开始向4要票
114407 VOTE S3 term 1 的情况下 向0要票结束, 结果为false
114395 VOTE S3开始向2要票
114395 VOTE S3 term 1 的情况下 向5要票结束, 结果为true
114408 LOG1 S3 选举成功
114395 VOTE S3开始向5要票
114408 VOTE S3 要票，args为 {Term:1 CandidateId:3 LastLogIndex:0 LastLogTerm:-1 PreElcection:false} 投票者1条件为 log: [{Term:-1 Command:<nil>}], term: 1, votedFor: 4
114409 VOTE S1 拒绝给S3 原因3 投票者term为: 1,
114409 VOTE S3 要票，args为 {Term:1 CandidateId:3 LastLogIndex:0 LastLogTerm:-1 PreElcection:false} 投票者4条件为 log: [{Term:-1 Command:<nil>}], term: 1, votedFor: 4
114399 VOTE S3 要票，args为 {Term:1 CandidateId:3 LastLogIndex:0 LastLogTerm:-1 PreElcection:false} 投票者6条件为 log: [{Term:-1 Command:<nil>}], term: 1, votedFor: 4
114409 VOTE S6 拒绝给S3 原因3 投票者term为: 1,
114409 VOTE S4 要票，args为 {Term:1 CandidateId:4 LastLogIndex:0 LastLogTerm:-1 PreElcection:false} 投票者3条件为 log: [{Term:-1 Command:<nil>}], term: 1, votedFor: 3
114410 VOTE S3 拒绝给S4 原因3 投票者term为: 1,
114410 VOTE S4 要票，args为 {Term:1 CandidateId:4 LastLogIndex:0 LastLogTerm:-1 PreElcection:true} 投票者3条件为 log: [{Term:-1 Command:<nil>}], term: 1, votedFor: 3
114411 VOTE S3 要票，args为 {Term:1 CandidateId:3 LastLogIndex:0 LastLogTerm:-1 PreElcection:false} 投票者2条件为 log: [{Term:-1 Command:<nil>}], term: 1, votedFor: 4
114411 VOTE S2 拒绝给S3 原因3 投票者term为: 1,
114411 VOTE S3 term 1 的情况下 向1要票结束, 结果为false
114411 LEAD S3 目前有[{-1 <nil>}]日志, 长度为1, 接收S4 的参数为{Term:1 LeaderId:4 PrevLogIndex:0 PrevLogTerm:-1 Entries:[] LeaderCommit:0}
114412 VOTE S3 term 1 的情况下 向6要票结束, 结果为false
114413 VOTE S3 选举成功 term为: 1
114413 LEAD S3 成为leader
114409 VOTE S4 拒绝给S3 原因3 投票者term为: 1,
114413 LEAD S3 的term: 1 votedFor:3 nextIndex: [1 1 1 1 1 1 1] matchIndex: [0 0 0 0 0 0 0] log:[{-1 <nil>}]
114414 VOTE S3 term 1 的情况下 向2要票结束, 结果为false
114414 VOTE S4 term 1 的情况下 向3要票结束, 结果为false
114414 LOG2 S3 发送给S0 commitIndex为 0 S3的CommitIndex: 0 nextIndex为: [1 1 1 1 1 1 1]
114415 LOG2 S3 发送给S1 commitIndex为 0 S3的CommitIndex: 0 nextIndex为: [1 1 1 1 1 1 1]
114415 LEAD S6 目前有[{-1 <nil>}]日志, 长度为1, 接收S4 的参数为{Term:1 LeaderId:4 PrevLogIndex:0 PrevLogTerm:-1 Entries:[] LeaderCommit:0}
114415 LOG2 S3 发送给S2 commitIndex为 0 S3的CommitIndex: 0 nextIndex为: [1 1 1 1 1 1 1]
114416 VOTE S3 要票，args为 {Term:1 CandidateId:3 LastLogIndex:0 LastLogTerm:-1 PreElcection:false} 投票者5条件为 log: [{Term:-1 Command:<nil>}], term: 1, votedFor: 4
114416 LOG2 S3 发送给S4 commitIndex为 0 S3的CommitIndex: 0 nextIndex为: [1 1 1 1 1 1 1]
114416 VOTE S4 term 1 的情况下 向3要票结束, 结果为true
114416 VOTE S5 拒绝给S3 原因3 投票者term为: 1,
114417 LOG2 S3 发送给S5 commitIndex为 0 S3的CommitIndex: 0 nextIndex为: [1 1 1 1 1 1 1]
114418 LOG2 S3 发送给S6 commitIndex为 0 S3的CommitIndex: 0 nextIndex为: [1 1 1 1 1 1 1]
114418 VOTE S3 term 1 的情况下 向4要票结束, 结果为false
114419 VOTE S3 term 1 的情况下 向5要票结束, 结果为false
114425 LEAD S4 目前有[{-1 <nil>}]日志, 长度为1, 接收S3 的参数为{Term:1 LeaderId:3 PrevLogIndex:0 PrevLogTerm:-1 Entries:[] LeaderCommit:0}
114425 LEAD S6 目前有[{-1 <nil>}]日志, 长度为1, 接收S3 的参数为{Term:1 LeaderId:3 PrevLogIndex:0 PrevLogTerm:-1 Entries:[] LeaderCommit:0}
114425 LEAD S2 目前有[{-1 <nil>}]日志, 长度为1, 接收S3 的参数为{Term:1 LeaderId:3 PrevLogIndex:0 PrevLogTerm:-1 Entries:[] LeaderCommit:0}
114426 LEAD S1 目前有[{-1 <nil>}]日志, 长度为1, 接收S3 的参数为{Term:1 LeaderId:3 PrevLogIndex:0 PrevLogTerm:-1 Entries:[] LeaderCommit:0}
114430 LEAD S5 目前有[{-1 <nil>}]日志, 长度为1, 接收S3 的参数为{Term:1 LeaderId:3 PrevLogIndex:0 PrevLogTerm:-1 Entries:[] LeaderCommit:0}
114431 LEAD S0 目前有[{-1 <nil>}]日志, 长度为1, 接收S3 的参数为{Term:1 LeaderId:3 PrevLogIndex:0 PrevLogTerm:-1 Entries:[] LeaderCommit:0}
115421 LEAD S4 的term: 1 votedFor:4 nextIndex: [1 1 1 1 1 1 1] matchIndex: [0 0 0 0 0 0 0] log:[{-1 <nil>}]
115424 LOG2 S4 发送给S0 commitIndex为 0 S4的CommitIndex: 0 nextIndex为: [1 1 1 1 1 1 1]
115426 LOG2 S4 发送给S1 commitIndex为 0 S4的CommitIndex: 0 nextIndex为: [1 1 1 1 1 1 1]
115427 LOG2 S4 发送给S2 commitIndex为 0 S4的CommitIndex: 0 nextIndex为: [1 1 1 1 1 1 1]
115428 LOG2 S4 发送给S3 commitIndex为 0 S4的CommitIndex: 0 nextIndex为: [1 1 1 1 1 1 1]
115429 LOG2 S4 发送给S5 commitIndex为 0 S4的CommitIndex: 0 nextIndex为: [1 1 1 1 1 1 1]
115430 LOG2 S4 发送给S6 commitIndex为 0 S4的CommitIndex: 0 nextIndex为: [1 1 1 1 1 1 1]
115450 LEAD S3 的term: 1 votedFor:3 nextIndex: [1 1 1 1 1 1 1] matchIndex: [0 0 0 0 0 0 0] log:[{-1 <nil>}]
115452 LOG2 S3 发送给S0 commitIndex为 0 S3的CommitIndex: 0 nextIndex为: [1 1 1 1 1 1 1]
115453 LOG2 S3 发送给S1 commitIndex为 0 S3的CommitIndex: 0 nextIndex为: [1 1 1 1 1 1 1]
115454 LOG2 S3 发送给S2 commitIndex为 0 S3的CommitIndex: 0 nextIndex为: [1 1 1 1 1 1 1]
115455 LOG2 S3 发送给S4 commitIndex为 0 S3的CommitIndex: 0 nextIndex为: [1 1 1 1 1 1 1]
115456 LOG2 S3 发送给S5 commitIndex为 0 S3的CommitIndex: 0 nextIndex为: [1 1 1 1 1 1 1]
115457 LOG2 S3 发送给S6 commitIndex为 0 S3的CommitIndex: 0 nextIndex为: [1 1 1 1 1 1 1]
115462 LEAD S1 目前有[{-1 <nil>}]日志, 长度为1, 接收S4 的参数为{Term:1 LeaderId:4 PrevLogIndex:0 PrevLogTerm:-1 Entries:[] LeaderCommit:0}
115474 LEAD S0 目前有[{-1 <nil>}]日志, 长度为1, 接收S4 的参数为{Term:1 LeaderId:4 PrevLogIndex:0 PrevLogTerm:-1 Entries:[] LeaderCommit:0}
115490 LEAD S5 目前有[{-1 <nil>}]日志, 长度为1, 接收S3 的参数为{Term:1 LeaderId:3 PrevLogIndex:0 PrevLogTerm:-1 Entries:[] LeaderCommit:0}
115504 LEAD S3 目前有[{-1 <nil>}]日志, 长度为1, 接收S4 的参数为{Term:1 LeaderId:4 PrevLogIndex:0 PrevLogTerm:-1 Entries:[] LeaderCommit:0}
115531 LEAD S4 目前有[{-1 <nil>}]日志, 长度为1, 接收S3 的参数为{Term:1 LeaderId:3 PrevLogIndex:0 PrevLogTerm:-1 Entries:[] LeaderCommit:0}
115534 LEAD S2 目前有[{-1 <nil>}]日志, 长度为1, 接收S4 的参数为{Term:1 LeaderId:4 PrevLogIndex:0 PrevLogTerm:-1 Entries:[] LeaderCommit:0}
115541 LEAD S5 目前有[{-1 <nil>}]日志, 长度为1, 接收S4 的参数为{Term:1 LeaderId:4 PrevLogIndex:0 PrevLogTerm:-1 Entries:[] LeaderCommit:0}
115543 LEAD S6 目前有[{-1 <nil>}]日志, 长度为1, 接收S4 的参数为{Term:1 LeaderId:4 PrevLogIndex:0 PrevLogTerm:-1 Entries:[] LeaderCommit:0}
115544 LEAD S1 目前有[{-1 <nil>}]日志, 长度为1, 接收S3 的参数为{Term:1 LeaderId:3 PrevLogIndex:0 PrevLogTerm:-1 Entries:[] LeaderCommit:0}
115546 LEAD S0 目前有[{-1 <nil>}]日志, 长度为1, 接收S3 的参数为{Term:1 LeaderId:3 PrevLogIndex:0 PrevLogTerm:-1 Entries:[] LeaderCommit:0}
115550 LEAD S6 目前有[{-1 <nil>}]日志, 长度为1, 接收S3 的参数为{Term:1 LeaderId:3 PrevLogIndex:0 PrevLogTerm:-1 Entries:[] LeaderCommit:0}
115554 LEAD S2 目前有[{-1 <nil>}]日志, 长度为1, 接收S3 的参数为{Term:1 LeaderId:3 PrevLogIndex:0 PrevLogTerm:-1 Entries:[] LeaderCommit:0}
116212 INFO S3 think itself is leader ,term is 1
116215 INFO S4 think itself is leader ,term is 1
--- FAIL: TestManyElections2A (1.01s)
    config.go:447: term 1 has 2 (>1) leaders
FAIL
exit status 1
FAIL	6.5840/raft	11.640s
