Test (2A): initial election ...
008332 VOTE S1 开始预选举 term为0 
008358 VOTE S1开始向2要票
008358 VOTE S1开始向0要票
008386 VOTE S1 要票，args为 {Term:1 CandidateId:1 LastLogIndex:0 LastLogTerm:-1 PreElcection:true} 投票者2条件为 log: [{Term:-1 Command:<nil>}], term: 0, votedFor: -1
008409 VOTE S1 term 1 的情况下 向2要票结束, 结果为true
008410 VOTE S1 预选举成功
008411 VOTE S1 开始正式选举
008411 VOTE S1 开始选举 term为1 
008414 VOTE S1开始向2要票
008416 VOTE S1开始向0要票
008432 VOTE S1 要票，args为 {Term:1 CandidateId:1 LastLogIndex:0 LastLogTerm:-1 PreElcection:false} 投票者0条件为 log: [{Term:-1 Command:<nil>}], term: 0, votedFor: -1
008428 VOTE S1 要票，args为 {Term:1 CandidateId:1 LastLogIndex:0 LastLogTerm:-1 PreElcection:false} 投票者2条件为 log: [{Term:-1 Command:<nil>}], term: 0, votedFor: -1
008440 VOTE S1 term 1 的情况下 向0要票结束, 结果为true
008441 LOG1 S1 选举成功
008441 VOTE S1 选举成功 term为: 1
008441 LEAD S1 成为leader
008442 LEAD S1 的term: 1 votedFor:1 nextIndex: [1 1 1] matchIndex: [0 0 0] log:[{-1 <nil>}]
008443 VOTE S1 term 1 的情况下 向2要票结束, 结果为true
008443 LOG2 S1 发送给S0 commitIndex为 0 S1的CommitIndex: 0 nextIndex为: [1 1 1]
008444 LOG2 S1 发送给S2 commitIndex为 0 S1的CommitIndex: 0 nextIndex为: [1 1 1]
008463 LEAD S0 目前有[{-1 <nil>}]日志, 长度为1, 接收S1 的参数为{Term:1 LeaderId:1 PrevLogIndex:0 PrevLogTerm:-1 Entries:[] LeaderCommit:0}
008475 VOTE S1 要票，args为 {Term:1 CandidateId:1 LastLogIndex:0 LastLogTerm:-1 PreElcection:true} 投票者0条件为 log: [{Term:-1 Command:<nil>}], term: 1, votedFor: 1
008503 VOTE S1 term 1 的情况下 向0要票结束, 结果为true
008541 LEAD S2 目前有[{-1 <nil>}]日志, 长度为1, 接收S1 的参数为{Term:1 LeaderId:1 PrevLogIndex:0 PrevLogTerm:-1 Entries:[] LeaderCommit:0}
009322 INFO S1 think itself is leader ,term is 1
009565 LEAD S1 的term: 1 votedFor:1 nextIndex: [1 1 1] matchIndex: [0 0 0] log:[{-1 <nil>}]
009569 LOG2 S1 发送给S0 commitIndex为 0 S1的CommitIndex: 0 nextIndex为: [1 1 1]
009573 LOG2 S1 发送给S2 commitIndex为 0 S1的CommitIndex: 0 nextIndex为: [1 1 1]
009599 LEAD S2 目前有[{-1 <nil>}]日志, 长度为1, 接收S1 的参数为{Term:1 LeaderId:1 PrevLogIndex:0 PrevLogTerm:-1 Entries:[] LeaderCommit:0}
009619 LEAD S0 目前有[{-1 <nil>}]日志, 长度为1, 接收S1 的参数为{Term:1 LeaderId:1 PrevLogIndex:0 PrevLogTerm:-1 Entries:[] LeaderCommit:0}
009834 INFO S1 think itself is leader ,term is 1
010629 LEAD S1 的term: 1 votedFor:1 nextIndex: [1 1 1] matchIndex: [0 0 0] log:[{-1 <nil>}]
010641 LOG2 S1 发送给S0 commitIndex为 0 S1的CommitIndex: 0 nextIndex为: [1 1 1]
010644 LOG2 S1 发送给S2 commitIndex为 0 S1的CommitIndex: 0 nextIndex为: [1 1 1]
010662 LEAD S2 目前有[{-1 <nil>}]日志, 长度为1, 接收S1 的参数为{Term:1 LeaderId:1 PrevLogIndex:0 PrevLogTerm:-1 Entries:[] LeaderCommit:0}
010677 LEAD S0 目前有[{-1 <nil>}]日志, 长度为1, 接收S1 的参数为{Term:1 LeaderId:1 PrevLogIndex:0 PrevLogTerm:-1 Entries:[] LeaderCommit:0}
011693 LEAD S1 的term: 1 votedFor:1 nextIndex: [1 1 1] matchIndex: [0 0 0] log:[{-1 <nil>}]
011696 LOG2 S1 发送给S0 commitIndex为 0 S1的CommitIndex: 0 nextIndex为: [1 1 1]
011702 LOG2 S1 发送给S2 commitIndex为 0 S1的CommitIndex: 0 nextIndex为: [1 1 1]
011752 LEAD S0 目前有[{-1 <nil>}]日志, 长度为1, 接收S1 的参数为{Term:1 LeaderId:1 PrevLogIndex:0 PrevLogTerm:-1 Entries:[] LeaderCommit:0}
011755 LEAD S2 目前有[{-1 <nil>}]日志, 长度为1, 接收S1 的参数为{Term:1 LeaderId:1 PrevLogIndex:0 PrevLogTerm:-1 Entries:[] LeaderCommit:0}
012764 LEAD S1 的term: 1 votedFor:1 nextIndex: [1 1 1] matchIndex: [0 0 0] log:[{-1 <nil>}]
012767 LOG2 S1 发送给S0 commitIndex为 0 S1的CommitIndex: 0 nextIndex为: [1 1 1]
012769 LOG2 S1 发送给S2 commitIndex为 0 S1的CommitIndex: 0 nextIndex为: [1 1 1]
012786 LEAD S0 目前有[{-1 <nil>}]日志, 长度为1, 接收S1 的参数为{Term:1 LeaderId:1 PrevLogIndex:0 PrevLogTerm:-1 Entries:[] LeaderCommit:0}
012788 LEAD S2 目前有[{-1 <nil>}]日志, 长度为1, 接收S1 的参数为{Term:1 LeaderId:1 PrevLogIndex:0 PrevLogTerm:-1 Entries:[] LeaderCommit:0}
013797 LEAD S1 的term: 1 votedFor:1 nextIndex: [1 1 1] matchIndex: [0 0 0] log:[{-1 <nil>}]
013800 LOG2 S1 发送给S0 commitIndex为 0 S1的CommitIndex: 0 nextIndex为: [1 1 1]
013803 LOG2 S1 发送给S2 commitIndex为 0 S1的CommitIndex: 0 nextIndex为: [1 1 1]
013838 LEAD S0 目前有[{-1 <nil>}]日志, 长度为1, 接收S1 的参数为{Term:1 LeaderId:1 PrevLogIndex:0 PrevLogTerm:-1 Entries:[] LeaderCommit:0}
013874 LEAD S2 目前有[{-1 <nil>}]日志, 长度为1, 接收S1 的参数为{Term:1 LeaderId:1 PrevLogIndex:0 PrevLogTerm:-1 Entries:[] LeaderCommit:0}
014923 LEAD S1 的term: 1 votedFor:1 nextIndex: [1 1 1] matchIndex: [0 0 0] log:[{-1 <nil>}]
014925 LOG2 S1 发送给S0 commitIndex为 0 S1的CommitIndex: 0 nextIndex为: [1 1 1]
014927 LOG2 S1 发送给S2 commitIndex为 0 S1的CommitIndex: 0 nextIndex为: [1 1 1]
014951 LEAD S0 目前有[{-1 <nil>}]日志, 长度为1, 接收S1 的参数为{Term:1 LeaderId:1 PrevLogIndex:0 PrevLogTerm:-1 Entries:[] LeaderCommit:0}
014955 LEAD S2 目前有[{-1 <nil>}]日志, 长度为1, 接收S1 的参数为{Term:1 LeaderId:1 PrevLogIndex:0 PrevLogTerm:-1 Entries:[] LeaderCommit:0}
015962 LEAD S1 的term: 1 votedFor:1 nextIndex: [1 1 1] matchIndex: [0 0 0] log:[{-1 <nil>}]
015964 LOG2 S1 发送给S0 commitIndex为 0 S1的CommitIndex: 0 nextIndex为: [1 1 1]
015966 LOG2 S1 发送给S2 commitIndex为 0 S1的CommitIndex: 0 nextIndex为: [1 1 1]
015980 LEAD S2 目前有[{-1 <nil>}]日志, 长度为1, 接收S1 的参数为{Term:1 LeaderId:1 PrevLogIndex:0 PrevLogTerm:-1 Entries:[] LeaderCommit:0}
015985 LEAD S0 目前有[{-1 <nil>}]日志, 长度为1, 接收S1 的参数为{Term:1 LeaderId:1 PrevLogIndex:0 PrevLogTerm:-1 Entries:[] LeaderCommit:0}
016994 LEAD S1 的term: 1 votedFor:1 nextIndex: [1 1 1] matchIndex: [0 0 0] log:[{-1 <nil>}]
016997 LOG2 S1 发送给S0 commitIndex为 0 S1的CommitIndex: 0 nextIndex为: [1 1 1]
017003 LOG2 S1 发送给S2 commitIndex为 0 S1的CommitIndex: 0 nextIndex为: [1 1 1]
017026 LEAD S2 目前有[{-1 <nil>}]日志, 长度为1, 接收S1 的参数为{Term:1 LeaderId:1 PrevLogIndex:0 PrevLogTerm:-1 Entries:[] LeaderCommit:0}
017050 LEAD S0 目前有[{-1 <nil>}]日志, 长度为1, 接收S1 的参数为{Term:1 LeaderId:1 PrevLogIndex:0 PrevLogTerm:-1 Entries:[] LeaderCommit:0}
018060 LEAD S1 的term: 1 votedFor:1 nextIndex: [1 1 1] matchIndex: [0 0 0] log:[{-1 <nil>}]
018063 LOG2 S1 发送给S0 commitIndex为 0 S1的CommitIndex: 0 nextIndex为: [1 1 1]
018065 LOG2 S1 发送给S2 commitIndex为 0 S1的CommitIndex: 0 nextIndex为: [1 1 1]
018127 LEAD S0 目前有[{-1 <nil>}]日志, 长度为1, 接收S1 的参数为{Term:1 LeaderId:1 PrevLogIndex:0 PrevLogTerm:-1 Entries:[] LeaderCommit:0}
018179 LEAD S2 目前有[{-1 <nil>}]日志, 长度为1, 接收S1 的参数为{Term:1 LeaderId:1 PrevLogIndex:0 PrevLogTerm:-1 Entries:[] LeaderCommit:0}
019197 LEAD S1 的term: 1 votedFor:1 nextIndex: [1 1 1] matchIndex: [0 0 0] log:[{-1 <nil>}]
019202 LOG2 S1 发送给S0 commitIndex为 0 S1的CommitIndex: 0 nextIndex为: [1 1 1]
019203 LOG2 S1 发送给S2 commitIndex为 0 S1的CommitIndex: 0 nextIndex为: [1 1 1]
019216 LEAD S0 目前有[{-1 <nil>}]日志, 长度为1, 接收S1 的参数为{Term:1 LeaderId:1 PrevLogIndex:0 PrevLogTerm:-1 Entries:[] LeaderCommit:0}
019218 LEAD S2 目前有[{-1 <nil>}]日志, 长度为1, 接收S1 的参数为{Term:1 LeaderId:1 PrevLogIndex:0 PrevLogTerm:-1 Entries:[] LeaderCommit:0}
020225 LEAD S1 的term: 1 votedFor:1 nextIndex: [1 1 1] matchIndex: [0 0 0] log:[{-1 <nil>}]
020229 LOG2 S1 发送给S0 commitIndex为 0 S1的CommitIndex: 0 nextIndex为: [1 1 1]
020231 LOG2 S1 发送给S2 commitIndex为 0 S1的CommitIndex: 0 nextIndex为: [1 1 1]
020249 LEAD S0 目前有[{-1 <nil>}]日志, 长度为1, 接收S1 的参数为{Term:1 LeaderId:1 PrevLogIndex:0 PrevLogTerm:-1 Entries:[] LeaderCommit:0}
020266 LEAD S2 目前有[{-1 <nil>}]日志, 长度为1, 接收S1 的参数为{Term:1 LeaderId:1 PrevLogIndex:0 PrevLogTerm:-1 Entries:[] LeaderCommit:0}
021348 LEAD S1 的term: 1 votedFor:1 nextIndex: [1 1 1] matchIndex: [0 0 0] log:[{-1 <nil>}]
021353 LOG2 S1 发送给S0 commitIndex为 0 S1的CommitIndex: 0 nextIndex为: [1 1 1]
021355 LOG2 S1 发送给S2 commitIndex为 0 S1的CommitIndex: 0 nextIndex为: [1 1 1]
021371 LEAD S2 目前有[{-1 <nil>}]日志, 长度为1, 接收S1 的参数为{Term:1 LeaderId:1 PrevLogIndex:0 PrevLogTerm:-1 Entries:[] LeaderCommit:0}
021391 LEAD S0 目前有[{-1 <nil>}]日志, 长度为1, 接收S1 的参数为{Term:1 LeaderId:1 PrevLogIndex:0 PrevLogTerm:-1 Entries:[] LeaderCommit:0}
022402 LEAD S1 的term: 1 votedFor:1 nextIndex: [1 1 1] matchIndex: [0 0 0] log:[{-1 <nil>}]
022406 LOG2 S1 发送给S0 commitIndex为 0 S1的CommitIndex: 0 nextIndex为: [1 1 1]
022407 LOG2 S1 发送给S2 commitIndex为 0 S1的CommitIndex: 0 nextIndex为: [1 1 1]
022430 LEAD S2 目前有[{-1 <nil>}]日志, 长度为1, 接收S1 的参数为{Term:1 LeaderId:1 PrevLogIndex:0 PrevLogTerm:-1 Entries:[] LeaderCommit:0}
022437 LEAD S0 目前有[{-1 <nil>}]日志, 长度为1, 接收S1 的参数为{Term:1 LeaderId:1 PrevLogIndex:0 PrevLogTerm:-1 Entries:[] LeaderCommit:0}
023446 LEAD S1 的term: 1 votedFor:1 nextIndex: [1 1 1] matchIndex: [0 0 0] log:[{-1 <nil>}]
023449 LOG2 S1 发送给S0 commitIndex为 0 S1的CommitIndex: 0 nextIndex为: [1 1 1]
023459 LOG2 S1 发送给S2 commitIndex为 0 S1的CommitIndex: 0 nextIndex为: [1 1 1]
023475 LEAD S2 目前有[{-1 <nil>}]日志, 长度为1, 接收S1 的参数为{Term:1 LeaderId:1 PrevLogIndex:0 PrevLogTerm:-1 Entries:[] LeaderCommit:0}
023544 LEAD S0 目前有[{-1 <nil>}]日志, 长度为1, 接收S1 的参数为{Term:1 LeaderId:1 PrevLogIndex:0 PrevLogTerm:-1 Entries:[] LeaderCommit:0}
024560 LEAD S1 的term: 1 votedFor:1 nextIndex: [1 1 1] matchIndex: [0 0 0] log:[{-1 <nil>}]
024565 LOG2 S1 发送给S0 commitIndex为 0 S1的CommitIndex: 0 nextIndex为: [1 1 1]
024566 LOG2 S1 发送给S2 commitIndex为 0 S1的CommitIndex: 0 nextIndex为: [1 1 1]
024586 LEAD S2 目前有[{-1 <nil>}]日志, 长度为1, 接收S1 的参数为{Term:1 LeaderId:1 PrevLogIndex:0 PrevLogTerm:-1 Entries:[] LeaderCommit:0}
024630 LEAD S0 目前有[{-1 <nil>}]日志, 长度为1, 接收S1 的参数为{Term:1 LeaderId:1 PrevLogIndex:0 PrevLogTerm:-1 Entries:[] LeaderCommit:0}
025640 LEAD S1 的term: 1 votedFor:1 nextIndex: [1 1 1] matchIndex: [0 0 0] log:[{-1 <nil>}]
025643 LOG2 S1 发送给S0 commitIndex为 0 S1的CommitIndex: 0 nextIndex为: [1 1 1]
025645 LOG2 S1 发送给S2 commitIndex为 0 S1的CommitIndex: 0 nextIndex为: [1 1 1]
025672 LEAD S2 目前有[{-1 <nil>}]日志, 长度为1, 接收S1 的参数为{Term:1 LeaderId:1 PrevLogIndex:0 PrevLogTerm:-1 Entries:[] LeaderCommit:0}
025678 LEAD S0 目前有[{-1 <nil>}]日志, 长度为1, 接收S1 的参数为{Term:1 LeaderId:1 PrevLogIndex:0 PrevLogTerm:-1 Entries:[] LeaderCommit:0}
026685 LEAD S1 的term: 1 votedFor:1 nextIndex: [1 1 1] matchIndex: [0 0 0] log:[{-1 <nil>}]
026689 LOG2 S1 发送给S0 commitIndex为 0 S1的CommitIndex: 0 nextIndex为: [1 1 1]
026691 LOG2 S1 发送给S2 commitIndex为 0 S1的CommitIndex: 0 nextIndex为: [1 1 1]
026786 LEAD S2 目前有[{-1 <nil>}]日志, 长度为1, 接收S1 的参数为{Term:1 LeaderId:1 PrevLogIndex:0 PrevLogTerm:-1 Entries:[] LeaderCommit:0}
026804 LEAD S0 目前有[{-1 <nil>}]日志, 长度为1, 接收S1 的参数为{Term:1 LeaderId:1 PrevLogIndex:0 PrevLogTerm:-1 Entries:[] LeaderCommit:0}
027814 LEAD S1 的term: 1 votedFor:1 nextIndex: [1 1 1] matchIndex: [0 0 0] log:[{-1 <nil>}]
027818 LOG2 S1 发送给S0 commitIndex为 0 S1的CommitIndex: 0 nextIndex为: [1 1 1]
027820 LOG2 S1 发送给S2 commitIndex为 0 S1的CommitIndex: 0 nextIndex为: [1 1 1]
027846 LEAD S0 目前有[{-1 <nil>}]日志, 长度为1, 接收S1 的参数为{Term:1 LeaderId:1 PrevLogIndex:0 PrevLogTerm:-1 Entries:[] LeaderCommit:0}
027855 LEAD S2 目前有[{-1 <nil>}]日志, 长度为1, 接收S1 的参数为{Term:1 LeaderId:1 PrevLogIndex:0 PrevLogTerm:-1 Entries:[] LeaderCommit:0}
028881 LEAD S1 的term: 1 votedFor:1 nextIndex: [1 1 1] matchIndex: [0 0 0] log:[{-1 <nil>}]
028888 LOG2 S1 发送给S0 commitIndex为 0 S1的CommitIndex: 0 nextIndex为: [1 1 1]
028890 LOG2 S1 发送给S2 commitIndex为 0 S1的CommitIndex: 0 nextIndex为: [1 1 1]
028908 LEAD S0 目前有[{-1 <nil>}]日志, 长度为1, 接收S1 的参数为{Term:1 LeaderId:1 PrevLogIndex:0 PrevLogTerm:-1 Entries:[] LeaderCommit:0}
028924 LEAD S2 目前有[{-1 <nil>}]日志, 长度为1, 接收S1 的参数为{Term:1 LeaderId:1 PrevLogIndex:0 PrevLogTerm:-1 Entries:[] LeaderCommit:0}
029849 INFO S1 think itself is leader ,term is 1
029935 LEAD S1 的term: 1 votedFor:1 nextIndex: [1 1 1] matchIndex: [0 0 0] log:[{-1 <nil>}]
029939 LOG2 S1 发送给S0 commitIndex为 0 S1的CommitIndex: 0 nextIndex为: [1 1 1]
029941 LOG2 S1 发送给S2 commitIndex为 0 S1的CommitIndex: 0 nextIndex为: [1 1 1]
029957 LEAD S0 目前有[{-1 <nil>}]日志, 长度为1, 接收S1 的参数为{Term:1 LeaderId:1 PrevLogIndex:0 PrevLogTerm:-1 Entries:[] LeaderCommit:0}
029958 LEAD S2 目前有[{-1 <nil>}]日志, 长度为1, 接收S1 的参数为{Term:1 LeaderId:1 PrevLogIndex:0 PrevLogTerm:-1 Entries:[] LeaderCommit:0}
030969 LEAD S1 的term: 1 votedFor:1 nextIndex: [1 1 1] matchIndex: [0 0 0] log:[{-1 <nil>}]
030971 LOG2 S1 发送给S0 commitIndex为 0 S1的CommitIndex: 0 nextIndex为: [1 1 1]
030972 LOG2 S1 发送给S2 commitIndex为 0 S1的CommitIndex: 0 nextIndex为: [1 1 1]
030996 LEAD S0 目前有[{-1 <nil>}]日志, 长度为1, 接收S1 的参数为{Term:1 LeaderId:1 PrevLogIndex:0 PrevLogTerm:-1 Entries:[] LeaderCommit:0}
031003 LEAD S2 目前有[{-1 <nil>}]日志, 长度为1, 接收S1 的参数为{Term:1 LeaderId:1 PrevLogIndex:0 PrevLogTerm:-1 Entries:[] LeaderCommit:0}
032012 LEAD S1 的term: 1 votedFor:1 nextIndex: [1 1 1] matchIndex: [0 0 0] log:[{-1 <nil>}]
032015 LOG2 S1 发送给S0 commitIndex为 0 S1的CommitIndex: 0 nextIndex为: [1 1 1]
032017 LOG2 S1 发送给S2 commitIndex为 0 S1的CommitIndex: 0 nextIndex为: [1 1 1]
032037 LEAD S2 目前有[{-1 <nil>}]日志, 长度为1, 接收S1 的参数为{Term:1 LeaderId:1 PrevLogIndex:0 PrevLogTerm:-1 Entries:[] LeaderCommit:0}
032039 LEAD S0 目前有[{-1 <nil>}]日志, 长度为1, 接收S1 的参数为{Term:1 LeaderId:1 PrevLogIndex:0 PrevLogTerm:-1 Entries:[] LeaderCommit:0}
033058 LEAD S1 的term: 1 votedFor:1 nextIndex: [1 1 1] matchIndex: [0 0 0] log:[{-1 <nil>}]
033062 LOG2 S1 发送给S0 commitIndex为 0 S1的CommitIndex: 0 nextIndex为: [1 1 1]
033064 LOG2 S1 发送给S2 commitIndex为 0 S1的CommitIndex: 0 nextIndex为: [1 1 1]
033083 LEAD S2 目前有[{-1 <nil>}]日志, 长度为1, 接收S1 的参数为{Term:1 LeaderId:1 PrevLogIndex:0 PrevLogTerm:-1 Entries:[] LeaderCommit:0}
033109 LEAD S0 目前有[{-1 <nil>}]日志, 长度为1, 接收S1 的参数为{Term:1 LeaderId:1 PrevLogIndex:0 PrevLogTerm:-1 Entries:[] LeaderCommit:0}
034153 LEAD S1 的term: 1 votedFor:1 nextIndex: [1 1 1] matchIndex: [0 0 0] log:[{-1 <nil>}]
034159 LOG2 S1 发送给S0 commitIndex为 0 S1的CommitIndex: 0 nextIndex为: [1 1 1]
034161 LOG2 S1 发送给S2 commitIndex为 0 S1的CommitIndex: 0 nextIndex为: [1 1 1]
034176 LEAD S2 目前有[{-1 <nil>}]日志, 长度为1, 接收S1 的参数为{Term:1 LeaderId:1 PrevLogIndex:0 PrevLogTerm:-1 Entries:[] LeaderCommit:0}
034248 LEAD S0 目前有[{-1 <nil>}]日志, 长度为1, 接收S1 的参数为{Term:1 LeaderId:1 PrevLogIndex:0 PrevLogTerm:-1 Entries:[] LeaderCommit:0}
034426 INFO S1 think itself is leader ,term is 1
  ... Passed --   3.4  3   54   15720    0
Test (2A): election after network failure ...
037354 VOTE S2 退出预选举
038050 VOTE S0 退出预选举
044770 VOTE S1 开始预选举 term为0 
044778 VOTE S1开始向0要票
044779 VOTE S1开始向2要票
044794 VOTE S1 要票，args为 {Term:1 CandidateId:1 LastLogIndex:0 LastLogTerm:-1 PreElcection:true} 投票者2条件为 log: [{Term:-1 Command:<nil>}], term: 0, votedFor: -1
044794 VOTE S1 要票，args为 {Term:1 CandidateId:1 LastLogIndex:0 LastLogTerm:-1 PreElcection:true} 投票者0条件为 log: [{Term:-1 Command:<nil>}], term: 0, votedFor: -1
044802 VOTE S1 term 1 的情况下 向2要票结束, 结果为true
044803 VOTE S1 预选举成功
044804 VOTE S1 开始正式选举
044804 VOTE S1 开始选举 term为1 
044805 VOTE S1开始向2要票
044807 VOTE S1开始向0要票
044838 VOTE S1 要票，args为 {Term:1 CandidateId:1 LastLogIndex:0 LastLogTerm:-1 PreElcection:false} 投票者0条件为 log: [{Term:-1 Command:<nil>}], term: 0, votedFor: -1
044869 VOTE S1 要票，args为 {Term:1 CandidateId:1 LastLogIndex:0 LastLogTerm:-1 PreElcection:false} 投票者2条件为 log: [{Term:-1 Command:<nil>}], term: 0, votedFor: -1
044885 VOTE S1 term 1 的情况下 向0要票结束, 结果为true
044888 LOG1 S1 选举成功
044889 VOTE S1 选举成功 term为: 1
044889 LEAD S1 成为leader
044889 LEAD S1 的term: 1 votedFor:1 nextIndex: [1 1 1] matchIndex: [0 0 0] log:[{-1 <nil>}]
044890 LOG2 S1 发送给S0 commitIndex为 0 S1的CommitIndex: 0 nextIndex为: [1 1 1]
044892 LOG2 S1 发送给S2 commitIndex为 0 S1的CommitIndex: 0 nextIndex为: [1 1 1]
044926 VOTE S1 term 1 的情况下 向0要票结束, 结果为true
044939 VOTE S1 term 1 的情况下 向2要票结束, 结果为true
044942 LEAD S0 目前有[{-1 <nil>}]日志, 长度为1, 接收S1 的参数为{Term:1 LeaderId:1 PrevLogIndex:0 PrevLogTerm:-1 Entries:[] LeaderCommit:0}
044944 LEAD S2 目前有[{-1 <nil>}]日志, 长度为1, 接收S1 的参数为{Term:1 LeaderId:1 PrevLogIndex:0 PrevLogTerm:-1 Entries:[] LeaderCommit:0}
045953 LEAD S1 的term: 1 votedFor:1 nextIndex: [1 1 1] matchIndex: [0 0 0] log:[{-1 <nil>}]
045957 LOG2 S1 发送给S0 commitIndex为 0 S1的CommitIndex: 0 nextIndex为: [1 1 1]
045959 LOG2 S1 发送给S2 commitIndex为 0 S1的CommitIndex: 0 nextIndex为: [1 1 1]
045972 LEAD S2 目前有[{-1 <nil>}]日志, 长度为1, 接收S1 的参数为{Term:1 LeaderId:1 PrevLogIndex:0 PrevLogTerm:-1 Entries:[] LeaderCommit:0}
045976 LEAD S0 目前有[{-1 <nil>}]日志, 长度为1, 接收S1 的参数为{Term:1 LeaderId:1 PrevLogIndex:0 PrevLogTerm:-1 Entries:[] LeaderCommit:0}
047003 LEAD S1 的term: 1 votedFor:1 nextIndex: [1 1 1] matchIndex: [0 0 0] log:[{-1 <nil>}]
047007 LOG2 S1 发送给S0 commitIndex为 0 S1的CommitIndex: 0 nextIndex为: [1 1 1]
047009 LOG2 S1 发送给S2 commitIndex为 0 S1的CommitIndex: 0 nextIndex为: [1 1 1]
047027 LEAD S2 目前有[{-1 <nil>}]日志, 长度为1, 接收S1 的参数为{Term:1 LeaderId:1 PrevLogIndex:0 PrevLogTerm:-1 Entries:[] LeaderCommit:0}
047046 LEAD S0 目前有[{-1 <nil>}]日志, 长度为1, 接收S1 的参数为{Term:1 LeaderId:1 PrevLogIndex:0 PrevLogTerm:-1 Entries:[] LeaderCommit:0}
048078 LEAD S1 的term: 1 votedFor:1 nextIndex: [1 1 1] matchIndex: [0 0 0] log:[{-1 <nil>}]
048096 LOG2 S1 发送给S0 commitIndex为 0 S1的CommitIndex: 0 nextIndex为: [1 1 1]
048098 LOG2 S1 发送给S2 commitIndex为 0 S1的CommitIndex: 0 nextIndex为: [1 1 1]
048126 LEAD S2 目前有[{-1 <nil>}]日志, 长度为1, 接收S1 的参数为{Term:1 LeaderId:1 PrevLogIndex:0 PrevLogTerm:-1 Entries:[] LeaderCommit:0}
048127 LEAD S0 目前有[{-1 <nil>}]日志, 长度为1, 接收S1 的参数为{Term:1 LeaderId:1 PrevLogIndex:0 PrevLogTerm:-1 Entries:[] LeaderCommit:0}
049139 LEAD S1 的term: 1 votedFor:1 nextIndex: [1 1 1] matchIndex: [0 0 0] log:[{-1 <nil>}]
049144 LOG2 S1 发送给S0 commitIndex为 0 S1的CommitIndex: 0 nextIndex为: [1 1 1]
049145 LOG2 S1 发送给S2 commitIndex为 0 S1的CommitIndex: 0 nextIndex为: [1 1 1]
049163 LEAD S2 目前有[{-1 <nil>}]日志, 长度为1, 接收S1 的参数为{Term:1 LeaderId:1 PrevLogIndex:0 PrevLogTerm:-1 Entries:[] LeaderCommit:0}
049268 LEAD S0 目前有[{-1 <nil>}]日志, 长度为1, 接收S1 的参数为{Term:1 LeaderId:1 PrevLogIndex:0 PrevLogTerm:-1 Entries:[] LeaderCommit:0}
049411 INFO S1 think itself is leader ,term is 1
049414 INFO S1 断开连接
050292 LEAD S1 的term: 1 votedFor:1 nextIndex: [1 1 1] matchIndex: [0 0 0] log:[{-1 <nil>}]
050297 LOG2 S1 发送给S0 commitIndex为 0 S1的CommitIndex: 0 nextIndex为: [1 1 1]
050299 LOG2 S1 发送给S2 commitIndex为 0 S1的CommitIndex: 0 nextIndex为: [1 1 1]
051320 LEAD S1 的term: 1 votedFor:1 nextIndex: [1 1 1] matchIndex: [0 0 0] log:[{-1 <nil>}]
051324 LOG2 S1 发送给S0 commitIndex为 0 S1的CommitIndex: 0 nextIndex为: [1 1 1]
051325 LOG2 S1 发送给S2 commitIndex为 0 S1的CommitIndex: 0 nextIndex为: [1 1 1]
052344 LEAD S1 的term: 1 votedFor:1 nextIndex: [1 1 1] matchIndex: [0 0 0] log:[{-1 <nil>}]
052346 LOG2 S1 发送给S0 commitIndex为 0 S1的CommitIndex: 0 nextIndex为: [1 1 1]
052348 LOG2 S1 发送给S2 commitIndex为 0 S1的CommitIndex: 0 nextIndex为: [1 1 1]
053355 LEAD S1 的term: 1 votedFor:1 nextIndex: [1 1 1] matchIndex: [0 0 0] log:[{-1 <nil>}]
053360 LOG2 S1 发送给S0 commitIndex为 0 S1的CommitIndex: 0 nextIndex为: [1 1 1]
053362 LOG2 S1 发送给S2 commitIndex为 0 S1的CommitIndex: 0 nextIndex为: [1 1 1]
054372 LEAD S1 的term: 1 votedFor:1 nextIndex: [1 1 1] matchIndex: [0 0 0] log:[{-1 <nil>}]
054376 LOG2 S1 发送给S0 commitIndex为 0 S1的CommitIndex: 0 nextIndex为: [1 1 1]
054378 LOG2 S1 发送给S2 commitIndex为 0 S1的CommitIndex: 0 nextIndex为: [1 1 1]
055392 LEAD S1 的term: 1 votedFor:1 nextIndex: [1 1 1] matchIndex: [0 0 0] log:[{-1 <nil>}]
055436 LOG2 S1 发送给S0 commitIndex为 0 S1的CommitIndex: 0 nextIndex为: [1 1 1]
055437 LOG2 S1 发送给S2 commitIndex为 0 S1的CommitIndex: 0 nextIndex为: [1 1 1]
056447 LEAD S1 的term: 1 votedFor:1 nextIndex: [1 1 1] matchIndex: [0 0 0] log:[{-1 <nil>}]
056454 LOG2 S1 发送给S0 commitIndex为 0 S1的CommitIndex: 0 nextIndex为: [1 1 1]
056455 LOG2 S1 发送给S2 commitIndex为 0 S1的CommitIndex: 0 nextIndex为: [1 1 1]
057462 LEAD S1 的term: 1 votedFor:1 nextIndex: [1 1 1] matchIndex: [0 0 0] log:[{-1 <nil>}]
057466 LOG2 S1 发送给S0 commitIndex为 0 S1的CommitIndex: 0 nextIndex为: [1 1 1]
057469 LOG2 S1 发送给S2 commitIndex为 0 S1的CommitIndex: 0 nextIndex为: [1 1 1]
058483 LEAD S1 的term: 1 votedFor:1 nextIndex: [1 1 1] matchIndex: [0 0 0] log:[{-1 <nil>}]
058491 LOG2 S1 发送给S0 commitIndex为 0 S1的CommitIndex: 0 nextIndex为: [1 1 1]
058492 LOG2 S1 发送给S2 commitIndex为 0 S1的CommitIndex: 0 nextIndex为: [1 1 1]
059504 LEAD S1 的term: 1 votedFor:1 nextIndex: [1 1 1] matchIndex: [0 0 0] log:[{-1 <nil>}]
059506 LOG2 S1 发送给S0 commitIndex为 0 S1的CommitIndex: 0 nextIndex为: [1 1 1]
059507 LOG2 S1 发送给S2 commitIndex为 0 S1的CommitIndex: 0 nextIndex为: [1 1 1]
060518 LEAD S1 的term: 1 votedFor:1 nextIndex: [1 1 1] matchIndex: [0 0 0] log:[{-1 <nil>}]
060525 LOG2 S1 发送给S0 commitIndex为 0 S1的CommitIndex: 0 nextIndex为: [1 1 1]
060526 LOG2 S1 发送给S2 commitIndex为 0 S1的CommitIndex: 0 nextIndex为: [1 1 1]
061539 LEAD S1 的term: 1 votedFor:1 nextIndex: [1 1 1] matchIndex: [0 0 0] log:[{-1 <nil>}]
061543 LOG2 S1 发送给S0 commitIndex为 0 S1的CommitIndex: 0 nextIndex为: [1 1 1]
061546 LOG2 S1 发送给S2 commitIndex为 0 S1的CommitIndex: 0 nextIndex为: [1 1 1]
062590 LEAD S1 的term: 1 votedFor:1 nextIndex: [1 1 1] matchIndex: [0 0 0] log:[{-1 <nil>}]
062592 LOG2 S1 发送给S0 commitIndex为 0 S1的CommitIndex: 0 nextIndex为: [1 1 1]
062593 LOG2 S1 发送给S2 commitIndex为 0 S1的CommitIndex: 0 nextIndex为: [1 1 1]
063605 LEAD S1 的term: 1 votedFor:1 nextIndex: [1 1 1] matchIndex: [0 0 0] log:[{-1 <nil>}]
063608 LOG2 S1 发送给S0 commitIndex为 0 S1的CommitIndex: 0 nextIndex为: [1 1 1]
063610 LOG2 S1 发送给S2 commitIndex为 0 S1的CommitIndex: 0 nextIndex为: [1 1 1]
064041 VOTE S2 开始预选举 term为1 
064047 VOTE S2开始向0要票
064049 VOTE S2开始向1要票
064082 VOTE S2 要票，args为 {Term:2 CandidateId:2 LastLogIndex:0 LastLogTerm:-1 PreElcection:true} 投票者0条件为 log: [{Term:-1 Command:<nil>}], term: 1, votedFor: 1
064095 VOTE S2 term 2 的情况下 向0要票结束, 结果为true
064096 VOTE S2 预选举成功
064096 VOTE S2 开始正式选举
064097 VOTE S2 开始选举 term为2 
064099 VOTE S2开始向0要票
064101 VOTE S2开始向1要票
064114 VOTE S2 要票，args为 {Term:2 CandidateId:2 LastLogIndex:0 LastLogTerm:-1 PreElcection:false} 投票者0条件为 log: [{Term:-1 Command:<nil>}], term: 1, votedFor: 1
064127 VOTE S2 term 2 的情况下 向0要票结束, 结果为true
064128 LOG1 S2 选举成功
064128 VOTE S2 选举成功 term为: 2
064129 INFO S2 think itself is leader ,term is 2
064129 INFO S1 重新连接
064130 LEAD S2 成为leader
064130 LEAD S2 的term: 2 votedFor:2 nextIndex: [1 1 1] matchIndex: [0 0 0] log:[{-1 <nil>}]
064131 LOG2 S2 发送给S0 commitIndex为 0 S2的CommitIndex: 0 nextIndex为: [1 1 1]
064132 LOG2 S2 发送给S1 commitIndex为 0 S2的CommitIndex: 0 nextIndex为: [1 1 1]
064146 LEAD S1 目前有[{-1 <nil>}]日志, 长度为1, 接收S2 的参数为{Term:2 LeaderId:2 PrevLogIndex:0 PrevLogTerm:-1 Entries:[] LeaderCommit:0}
064156 LEAD S0 目前有[{-1 <nil>}]日志, 长度为1, 接收S2 的参数为{Term:2 LeaderId:2 PrevLogIndex:0 PrevLogTerm:-1 Entries:[] LeaderCommit:0}
065182 LEAD S2 的term: 2 votedFor:2 nextIndex: [1 1 1] matchIndex: [0 0 0] log:[{-1 <nil>}]
065184 LOG2 S2 发送给S0 commitIndex为 0 S2的CommitIndex: 0 nextIndex为: [1 1 1]
065186 LOG2 S2 发送给S1 commitIndex为 0 S2的CommitIndex: 0 nextIndex为: [1 1 1]
065199 LEAD S0 目前有[{-1 <nil>}]日志, 长度为1, 接收S2 的参数为{Term:2 LeaderId:2 PrevLogIndex:0 PrevLogTerm:-1 Entries:[] LeaderCommit:0}
065309 LEAD S1 目前有[{-1 <nil>}]日志, 长度为1, 接收S2 的参数为{Term:2 LeaderId:2 PrevLogIndex:0 PrevLogTerm:-1 Entries:[] LeaderCommit:0}
066405 LEAD S2 的term: 2 votedFor:2 nextIndex: [1 1 1] matchIndex: [0 0 0] log:[{-1 <nil>}]
066408 LOG2 S2 发送给S0 commitIndex为 0 S2的CommitIndex: 0 nextIndex为: [1 1 1]
066410 LOG2 S2 发送给S1 commitIndex为 0 S2的CommitIndex: 0 nextIndex为: [1 1 1]
066426 LEAD S0 目前有[{-1 <nil>}]日志, 长度为1, 接收S2 的参数为{Term:2 LeaderId:2 PrevLogIndex:0 PrevLogTerm:-1 Entries:[] LeaderCommit:0}
066427 LEAD S1 目前有[{-1 <nil>}]日志, 长度为1, 接收S2 的参数为{Term:2 LeaderId:2 PrevLogIndex:0 PrevLogTerm:-1 Entries:[] LeaderCommit:0}
067434 LEAD S2 的term: 2 votedFor:2 nextIndex: [1 1 1] matchIndex: [0 0 0] log:[{-1 <nil>}]
067437 LOG2 S2 发送给S0 commitIndex为 0 S2的CommitIndex: 0 nextIndex为: [1 1 1]
067439 LOG2 S2 发送给S1 commitIndex为 0 S2的CommitIndex: 0 nextIndex为: [1 1 1]
067454 LEAD S1 目前有[{-1 <nil>}]日志, 长度为1, 接收S2 的参数为{Term:2 LeaderId:2 PrevLogIndex:0 PrevLogTerm:-1 Entries:[] LeaderCommit:0}
067457 LEAD S0 目前有[{-1 <nil>}]日志, 长度为1, 接收S2 的参数为{Term:2 LeaderId:2 PrevLogIndex:0 PrevLogTerm:-1 Entries:[] LeaderCommit:0}
068468 LEAD S2 的term: 2 votedFor:2 nextIndex: [1 1 1] matchIndex: [0 0 0] log:[{-1 <nil>}]
068472 LOG2 S2 发送给S0 commitIndex为 0 S2的CommitIndex: 0 nextIndex为: [1 1 1]
068476 LOG2 S2 发送给S1 commitIndex为 0 S2的CommitIndex: 0 nextIndex为: [1 1 1]
068494 LEAD S0 目前有[{-1 <nil>}]日志, 长度为1, 接收S2 的参数为{Term:2 LeaderId:2 PrevLogIndex:0 PrevLogTerm:-1 Entries:[] LeaderCommit:0}
068498 LEAD S1 目前有[{-1 <nil>}]日志, 长度为1, 接收S2 的参数为{Term:2 LeaderId:2 PrevLogIndex:0 PrevLogTerm:-1 Entries:[] LeaderCommit:0}
069364 INFO S2 think itself is leader ,term is 2
069369 INFO S2 断开连接
069369 INFO S0 断开连接
069505 LEAD S2 的term: 2 votedFor:2 nextIndex: [1 1 1] matchIndex: [0 0 0] log:[{-1 <nil>}]
069509 LOG2 S2 发送给S0 commitIndex为 0 S2的CommitIndex: 0 nextIndex为: [1 1 1]
069511 LOG2 S2 发送给S1 commitIndex为 0 S2的CommitIndex: 0 nextIndex为: [1 1 1]
070524 LEAD S2 的term: 2 votedFor:2 nextIndex: [1 1 1] matchIndex: [0 0 0] log:[{-1 <nil>}]
070528 LOG2 S2 发送给S0 commitIndex为 0 S2的CommitIndex: 0 nextIndex为: [1 1 1]
070530 LOG2 S2 发送给S1 commitIndex为 0 S2的CommitIndex: 0 nextIndex为: [1 1 1]
071536 LEAD S2 的term: 2 votedFor:2 nextIndex: [1 1 1] matchIndex: [0 0 0] log:[{-1 <nil>}]
071542 LOG2 S2 发送给S0 commitIndex为 0 S2的CommitIndex: 0 nextIndex为: [1 1 1]
071543 LOG2 S2 发送给S1 commitIndex为 0 S2的CommitIndex: 0 nextIndex为: [1 1 1]
072556 LEAD S2 的term: 2 votedFor:2 nextIndex: [1 1 1] matchIndex: [0 0 0] log:[{-1 <nil>}]
072561 LOG2 S2 发送给S0 commitIndex为 0 S2的CommitIndex: 0 nextIndex为: [1 1 1]
072564 LOG2 S2 发送给S1 commitIndex为 0 S2的CommitIndex: 0 nextIndex为: [1 1 1]
073605 LEAD S2 的term: 2 votedFor:2 nextIndex: [1 1 1] matchIndex: [0 0 0] log:[{-1 <nil>}]
073611 LOG2 S2 发送给S0 commitIndex为 0 S2的CommitIndex: 0 nextIndex为: [1 1 1]
073615 LOG2 S2 发送给S1 commitIndex为 0 S2的CommitIndex: 0 nextIndex为: [1 1 1]
074627 LEAD S2 的term: 2 votedFor:2 nextIndex: [1 1 1] matchIndex: [0 0 0] log:[{-1 <nil>}]
074629 LOG2 S2 发送给S0 commitIndex为 0 S2的CommitIndex: 0 nextIndex为: [1 1 1]
074631 LOG2 S2 发送给S1 commitIndex为 0 S2的CommitIndex: 0 nextIndex为: [1 1 1]
075643 LEAD S2 的term: 2 votedFor:2 nextIndex: [1 1 1] matchIndex: [0 0 0] log:[{-1 <nil>}]
075646 LOG2 S2 发送给S0 commitIndex为 0 S2的CommitIndex: 0 nextIndex为: [1 1 1]
075647 LOG2 S2 发送给S1 commitIndex为 0 S2的CommitIndex: 0 nextIndex为: [1 1 1]
076672 LEAD S2 的term: 2 votedFor:2 nextIndex: [1 1 1] matchIndex: [0 0 0] log:[{-1 <nil>}]
076676 LOG2 S2 发送给S0 commitIndex为 0 S2的CommitIndex: 0 nextIndex为: [1 1 1]
076678 LOG2 S2 发送给S1 commitIndex为 0 S2的CommitIndex: 0 nextIndex为: [1 1 1]
077692 LEAD S2 的term: 2 votedFor:2 nextIndex: [1 1 1] matchIndex: [0 0 0] log:[{-1 <nil>}]
077696 LOG2 S2 发送给S0 commitIndex为 0 S2的CommitIndex: 0 nextIndex为: [1 1 1]
077698 LOG2 S2 发送给S1 commitIndex为 0 S2的CommitIndex: 0 nextIndex为: [1 1 1]
078730 LEAD S2 的term: 2 votedFor:2 nextIndex: [1 1 1] matchIndex: [0 0 0] log:[{-1 <nil>}]
078734 LOG2 S2 发送给S0 commitIndex为 0 S2的CommitIndex: 0 nextIndex为: [1 1 1]
078735 LOG2 S2 发送给S1 commitIndex为 0 S2的CommitIndex: 0 nextIndex为: [1 1 1]
079750 LEAD S2 的term: 2 votedFor:2 nextIndex: [1 1 1] matchIndex: [0 0 0] log:[{-1 <nil>}]
079753 LOG2 S2 发送给S0 commitIndex为 0 S2的CommitIndex: 0 nextIndex为: [1 1 1]
079754 LOG2 S2 发送给S1 commitIndex为 0 S2的CommitIndex: 0 nextIndex为: [1 1 1]
080766 LEAD S2 的term: 2 votedFor:2 nextIndex: [1 1 1] matchIndex: [0 0 0] log:[{-1 <nil>}]
080770 LOG2 S2 发送给S0 commitIndex为 0 S2的CommitIndex: 0 nextIndex为: [1 1 1]
080772 LOG2 S2 发送给S1 commitIndex为 0 S2的CommitIndex: 0 nextIndex为: [1 1 1]
081788 LEAD S2 的term: 2 votedFor:2 nextIndex: [1 1 1] matchIndex: [0 0 0] log:[{-1 <nil>}]
081792 LOG2 S2 发送给S0 commitIndex为 0 S2的CommitIndex: 0 nextIndex为: [1 1 1]
081794 LOG2 S2 发送给S1 commitIndex为 0 S2的CommitIndex: 0 nextIndex为: [1 1 1]
082802 LEAD S2 的term: 2 votedFor:2 nextIndex: [1 1 1] matchIndex: [0 0 0] log:[{-1 <nil>}]
082807 LOG2 S2 发送给S0 commitIndex为 0 S2的CommitIndex: 0 nextIndex为: [1 1 1]
082808 LOG2 S2 发送给S1 commitIndex为 0 S2的CommitIndex: 0 nextIndex为: [1 1 1]
083851 LEAD S2 的term: 2 votedFor:2 nextIndex: [1 1 1] matchIndex: [0 0 0] log:[{-1 <nil>}]
083857 LOG2 S2 发送给S0 commitIndex为 0 S2的CommitIndex: 0 nextIndex为: [1 1 1]
083858 LOG2 S2 发送给S1 commitIndex为 0 S2的CommitIndex: 0 nextIndex为: [1 1 1]
084065 VOTE S1 开始预选举 term为2 
084072 VOTE S1开始向0要票
084085 VOTE S1开始向2要票
084155 VOTE S0 开始预选举 term为2 
084161 VOTE S0开始向1要票
084165 VOTE S0开始向2要票
084864 LEAD S2 的term: 2 votedFor:2 nextIndex: [1 1 1] matchIndex: [0 0 0] log:[{-1 <nil>}]
084872 LOG2 S2 发送给S0 commitIndex为 0 S2的CommitIndex: 0 nextIndex为: [1 1 1]
084873 LOG2 S2 发送给S1 commitIndex为 0 S2的CommitIndex: 0 nextIndex为: [1 1 1]
085885 LEAD S2 的term: 2 votedFor:2 nextIndex: [1 1 1] matchIndex: [0 0 0] log:[{-1 <nil>}]
085888 LOG2 S2 发送给S0 commitIndex为 0 S2的CommitIndex: 0 nextIndex为: [1 1 1]
085891 LOG2 S2 发送给S1 commitIndex为 0 S2的CommitIndex: 0 nextIndex为: [1 1 1]
086902 LEAD S2 的term: 2 votedFor:2 nextIndex: [1 1 1] matchIndex: [0 0 0] log:[{-1 <nil>}]
086906 LOG2 S2 发送给S0 commitIndex为 0 S2的CommitIndex: 0 nextIndex为: [1 1 1]
086907 LOG2 S2 发送给S1 commitIndex为 0 S2的CommitIndex: 0 nextIndex为: [1 1 1]
087172 VOTE S0 预选举失败，获得1票数
087480 VOTE S1 预选举失败，获得1票数
087911 LEAD S2 的term: 2 votedFor:2 nextIndex: [1 1 1] matchIndex: [0 0 0] log:[{-1 <nil>}]
087915 LOG2 S2 发送给S0 commitIndex为 0 S2的CommitIndex: 0 nextIndex为: [1 1 1]
087920 LOG2 S2 发送给S1 commitIndex为 0 S2的CommitIndex: 0 nextIndex为: [1 1 1]
088970 LEAD S2 的term: 2 votedFor:2 nextIndex: [1 1 1] matchIndex: [0 0 0] log:[{-1 <nil>}]
088974 LOG2 S2 发送给S0 commitIndex为 0 S2的CommitIndex: 0 nextIndex为: [1 1 1]
088975 LOG2 S2 发送给S1 commitIndex为 0 S2的CommitIndex: 0 nextIndex为: [1 1 1]
089374 INFO S0 重新连接
089996 LEAD S2 的term: 2 votedFor:2 nextIndex: [1 1 1] matchIndex: [0 0 0] log:[{-1 <nil>}]
089999 LOG2 S2 发送给S0 commitIndex为 0 S2的CommitIndex: 0 nextIndex为: [1 1 1]
090002 LOG2 S2 发送给S1 commitIndex为 0 S2的CommitIndex: 0 nextIndex为: [1 1 1]
091015 LEAD S2 的term: 2 votedFor:2 nextIndex: [1 1 1] matchIndex: [0 0 0] log:[{-1 <nil>}]
091018 LOG2 S2 发送给S0 commitIndex为 0 S2的CommitIndex: 0 nextIndex为: [1 1 1]
091020 LOG2 S2 发送给S1 commitIndex为 0 S2的CommitIndex: 0 nextIndex为: [1 1 1]
092030 LEAD S2 的term: 2 votedFor:2 nextIndex: [1 1 1] matchIndex: [0 0 0] log:[{-1 <nil>}]
092039 LOG2 S2 发送给S0 commitIndex为 0 S2的CommitIndex: 0 nextIndex为: [1 1 1]
092041 LOG2 S2 发送给S1 commitIndex为 0 S2的CommitIndex: 0 nextIndex为: [1 1 1]
093052 LEAD S2 的term: 2 votedFor:2 nextIndex: [1 1 1] matchIndex: [0 0 0] log:[{-1 <nil>}]
093056 LOG2 S2 发送给S0 commitIndex为 0 S2的CommitIndex: 0 nextIndex为: [1 1 1]
093057 LOG2 S2 发送给S1 commitIndex为 0 S2的CommitIndex: 0 nextIndex为: [1 1 1]
094086 LEAD S2 的term: 2 votedFor:2 nextIndex: [1 1 1] matchIndex: [0 0 0] log:[{-1 <nil>}]
094089 LOG2 S2 发送给S0 commitIndex为 0 S2的CommitIndex: 0 nextIndex为: [1 1 1]
094090 LOG2 S2 发送给S1 commitIndex为 0 S2的CommitIndex: 0 nextIndex为: [1 1 1]
095104 LEAD S2 的term: 2 votedFor:2 nextIndex: [1 1 1] matchIndex: [0 0 0] log:[{-1 <nil>}]
095108 LOG2 S2 发送给S0 commitIndex为 0 S2的CommitIndex: 0 nextIndex为: [1 1 1]
095110 LOG2 S2 发送给S1 commitIndex为 0 S2的CommitIndex: 0 nextIndex为: [1 1 1]
096114 LEAD S2 的term: 2 votedFor:2 nextIndex: [1 1 1] matchIndex: [0 0 0] log:[{-1 <nil>}]
096121 LOG2 S2 发送给S0 commitIndex为 0 S2的CommitIndex: 0 nextIndex为: [1 1 1]
096123 LOG2 S2 发送给S1 commitIndex为 0 S2的CommitIndex: 0 nextIndex为: [1 1 1]
096408 VOTE S1 开始预选举 term为2 
096420 VOTE S1开始向0要票
096421 VOTE S1开始向2要票
096438 VOTE S1 要票，args为 {Term:3 CandidateId:1 LastLogIndex:0 LastLogTerm:-1 PreElcection:true} 投票者0条件为 log: [{Term:-1 Command:<nil>}], term: 2, votedFor: -1
096445 VOTE S1 term 3 的情况下 向0要票结束, 结果为true
096446 VOTE S1 预选举成功
096447 VOTE S1 开始正式选举
096447 VOTE S1 开始选举 term为3 
096448 VOTE S1开始向0要票
096467 VOTE S1开始向2要票
096468 VOTE S1 要票，args为 {Term:3 CandidateId:1 LastLogIndex:0 LastLogTerm:-1 PreElcection:false} 投票者0条件为 log: [{Term:-1 Command:<nil>}], term: 2, votedFor: -1
096500 VOTE S1 term 3 的情况下 向0要票结束, 结果为true
096503 LOG1 S1 选举成功
096503 VOTE S1 选举成功 term为: 3
096504 LEAD S1 成为leader
096504 LEAD S1 的term: 3 votedFor:1 nextIndex: [1 1 1] matchIndex: [0 0 0] log:[{-1 <nil>}]
096505 LOG2 S1 发送给S0 commitIndex为 0 S1的CommitIndex: 0 nextIndex为: [1 1 1]
096506 LOG2 S1 发送给S2 commitIndex为 0 S1的CommitIndex: 0 nextIndex为: [1 1 1]
096530 LEAD S0 目前有[{-1 <nil>}]日志, 长度为1, 接收S1 的参数为{Term:3 LeaderId:1 PrevLogIndex:0 PrevLogTerm:-1 Entries:[] LeaderCommit:0}
097141 LEAD S2 的term: 2 votedFor:2 nextIndex: [1 1 1] matchIndex: [0 0 0] log:[{-1 <nil>}]
097152 LOG2 S2 发送给S0 commitIndex为 0 S2的CommitIndex: 0 nextIndex为: [1 1 1]
097157 LOG2 S2 发送给S1 commitIndex为 0 S2的CommitIndex: 0 nextIndex为: [1 1 1]
097546 LEAD S1 的term: 3 votedFor:1 nextIndex: [1 1 1] matchIndex: [0 0 0] log:[{-1 <nil>}]
097572 LOG2 S1 发送给S0 commitIndex为 0 S1的CommitIndex: 0 nextIndex为: [1 1 1]
097574 LOG2 S1 发送给S2 commitIndex为 0 S1的CommitIndex: 0 nextIndex为: [1 1 1]
097595 LEAD S0 目前有[{-1 <nil>}]日志, 长度为1, 接收S1 的参数为{Term:3 LeaderId:1 PrevLogIndex:0 PrevLogTerm:-1 Entries:[] LeaderCommit:0}
098160 LEAD S2 的term: 2 votedFor:2 nextIndex: [1 1 1] matchIndex: [0 0 0] log:[{-1 <nil>}]
098163 LOG2 S2 发送给S0 commitIndex为 0 S2的CommitIndex: 0 nextIndex为: [1 1 1]
098164 LOG2 S2 发送给S1 commitIndex为 0 S2的CommitIndex: 0 nextIndex为: [1 1 1]
098606 LEAD S1 的term: 3 votedFor:1 nextIndex: [1 1 1] matchIndex: [0 0 0] log:[{-1 <nil>}]
098633 LOG2 S1 发送给S0 commitIndex为 0 S1的CommitIndex: 0 nextIndex为: [1 1 1]
098636 LOG2 S1 发送给S2 commitIndex为 0 S1的CommitIndex: 0 nextIndex为: [1 1 1]
098660 LEAD S0 目前有[{-1 <nil>}]日志, 长度为1, 接收S1 的参数为{Term:3 LeaderId:1 PrevLogIndex:0 PrevLogTerm:-1 Entries:[] LeaderCommit:0}
099119 INFO S1 think itself is leader ,term is 3
099122 INFO S2 重新连接
099204 LEAD S2 的term: 2 votedFor:2 nextIndex: [1 1 1] matchIndex: [0 0 0] log:[{-1 <nil>}]
099207 LOG2 S2 发送给S0 commitIndex为 0 S2的CommitIndex: 0 nextIndex为: [1 1 1]
099214 LOG2 S2 发送给S1 commitIndex为 0 S2的CommitIndex: 0 nextIndex为: [1 1 1]
099240 LEAD S2 给S0发送信息后放弃成为lead
099677 LEAD S1 的term: 3 votedFor:1 nextIndex: [1 1 1] matchIndex: [0 0 0] log:[{-1 <nil>}]
099712 LOG2 S1 发送给S0 commitIndex为 0 S1的CommitIndex: 0 nextIndex为: [1 1 1]
099718 LOG2 S1 发送给S2 commitIndex为 0 S1的CommitIndex: 0 nextIndex为: [1 1 1]
099734 LEAD S2 目前有[{-1 <nil>}]日志, 长度为1, 接收S1 的参数为{Term:3 LeaderId:1 PrevLogIndex:0 PrevLogTerm:-1 Entries:[] LeaderCommit:0}
099758 LEAD S0 目前有[{-1 <nil>}]日志, 长度为1, 接收S1 的参数为{Term:3 LeaderId:1 PrevLogIndex:0 PrevLogTerm:-1 Entries:[] LeaderCommit:0}
100767 LEAD S1 的term: 3 votedFor:1 nextIndex: [1 1 1] matchIndex: [0 0 0] log:[{-1 <nil>}]
100772 LOG2 S1 发送给S0 commitIndex为 0 S1的CommitIndex: 0 nextIndex为: [1 1 1]
100773 LOG2 S1 发送给S2 commitIndex为 0 S1的CommitIndex: 0 nextIndex为: [1 1 1]
100789 LEAD S0 目前有[{-1 <nil>}]日志, 长度为1, 接收S1 的参数为{Term:3 LeaderId:1 PrevLogIndex:0 PrevLogTerm:-1 Entries:[] LeaderCommit:0}
100791 LEAD S2 目前有[{-1 <nil>}]日志, 长度为1, 接收S1 的参数为{Term:3 LeaderId:1 PrevLogIndex:0 PrevLogTerm:-1 Entries:[] LeaderCommit:0}
101799 LEAD S1 的term: 3 votedFor:1 nextIndex: [1 1 1] matchIndex: [0 0 0] log:[{-1 <nil>}]
101805 LOG2 S1 发送给S0 commitIndex为 0 S1的CommitIndex: 0 nextIndex为: [1 1 1]
101807 LOG2 S1 发送给S2 commitIndex为 0 S1的CommitIndex: 0 nextIndex为: [1 1 1]
101845 LEAD S2 目前有[{-1 <nil>}]日志, 长度为1, 接收S1 的参数为{Term:3 LeaderId:1 PrevLogIndex:0 PrevLogTerm:-1 Entries:[] LeaderCommit:0}
101845 LEAD S0 目前有[{-1 <nil>}]日志, 长度为1, 接收S1 的参数为{Term:3 LeaderId:1 PrevLogIndex:0 PrevLogTerm:-1 Entries:[] LeaderCommit:0}
102854 LEAD S1 的term: 3 votedFor:1 nextIndex: [1 1 1] matchIndex: [0 0 0] log:[{-1 <nil>}]
102857 LOG2 S1 发送给S0 commitIndex为 0 S1的CommitIndex: 0 nextIndex为: [1 1 1]
102859 LOG2 S1 发送给S2 commitIndex为 0 S1的CommitIndex: 0 nextIndex为: [1 1 1]
102902 LEAD S2 目前有[{-1 <nil>}]日志, 长度为1, 接收S1 的参数为{Term:3 LeaderId:1 PrevLogIndex:0 PrevLogTerm:-1 Entries:[] LeaderCommit:0}
102914 LEAD S0 目前有[{-1 <nil>}]日志, 长度为1, 接收S1 的参数为{Term:3 LeaderId:1 PrevLogIndex:0 PrevLogTerm:-1 Entries:[] LeaderCommit:0}
103925 LEAD S1 的term: 3 votedFor:1 nextIndex: [1 1 1] matchIndex: [0 0 0] log:[{-1 <nil>}]
103928 LOG2 S1 发送给S0 commitIndex为 0 S1的CommitIndex: 0 nextIndex为: [1 1 1]
103930 LOG2 S1 发送给S2 commitIndex为 0 S1的CommitIndex: 0 nextIndex为: [1 1 1]
103935 INFO S1 think itself is leader ,term is 3
  ... Passed --   6.9  3  139   28817    0
104025 LEAD S0 目前有[{-1 <nil>}]日志, 长度为1, 接收S1 的参数为{Term:3 LeaderId:1 PrevLogIndex:0 PrevLogTerm:-1 Entries:[] LeaderCommit:0}
Test (2A): multiple elections ...
106630 VOTE S0 退出预选举
109091 VOTE S2 退出预选举
112288 VOTE S1 开始预选举 term为0 
112296 VOTE S1开始向0要票
112299 VOTE S1开始向5要票
112307 VOTE S2 开始预选举 term为0 
112313 VOTE S2开始向5要票
112315 VOTE S1开始向6要票
112320 VOTE S2开始向0要票
112323 VOTE S2开始向1要票
112324 VOTE S2开始向3要票
112326 VOTE S2开始向4要票
112327 VOTE S2开始向6要票
112338 VOTE S1开始向4要票
112345 VOTE S1 要票，args为 {Term:1 CandidateId:1 LastLogIndex:0 LastLogTerm:-1 PreElcection:true} 投票者0条件为 log: [{Term:-1 Command:<nil>}], term: 0, votedFor: -1
112371 VOTE S2 要票，args为 {Term:1 CandidateId:2 LastLogIndex:0 LastLogTerm:-1 PreElcection:true} 投票者0条件为 log: [{Term:-1 Command:<nil>}], term: 0, votedFor: -1
112397 VOTE S2 要票，args为 {Term:1 CandidateId:2 LastLogIndex:0 LastLogTerm:-1 PreElcection:true} 投票者3条件为 log: [{Term:-1 Command:<nil>}], term: 0, votedFor: -1
112410 VOTE S1开始向3要票
112412 VOTE S1开始向2要票
112418 VOTE S2 要票，args为 {Term:1 CandidateId:2 LastLogIndex:0 LastLogTerm:-1 PreElcection:true} 投票者6条件为 log: [{Term:-1 Command:<nil>}], term: 0, votedFor: -1
112440 VOTE S1 要票，args为 {Term:1 CandidateId:1 LastLogIndex:0 LastLogTerm:-1 PreElcection:true} 投票者6条件为 log: [{Term:-1 Command:<nil>}], term: 0, votedFor: -1
112455 VOTE S1 term 1 的情况下 向0要票结束, 结果为true
112354 VOTE S1 要票，args为 {Term:1 CandidateId:1 LastLogIndex:0 LastLogTerm:-1 PreElcection:true} 投票者4条件为 log: [{Term:-1 Command:<nil>}], term: 0, votedFor: -1
112461 VOTE S2 要票，args为 {Term:1 CandidateId:2 LastLogIndex:0 LastLogTerm:-1 PreElcection:true} 投票者5条件为 log: [{Term:-1 Command:<nil>}], term: 0, votedFor: -1
112474 VOTE S2 term 1 的情况下 向0要票结束, 结果为true
112465 VOTE S2 term 1 的情况下 向3要票结束, 结果为true
112475 VOTE S1 term 1 的情况下 向6要票结束, 结果为true
112473 VOTE S2 要票，args为 {Term:1 CandidateId:2 LastLogIndex:0 LastLogTerm:-1 PreElcection:true} 投票者4条件为 log: [{Term:-1 Command:<nil>}], term: 0, votedFor: -1
112480 VOTE S2 term 1 的情况下 向5要票结束, 结果为true
112481 VOTE S2 预选举成功
112481 VOTE S2 开始正式选举
112482 VOTE S2 开始选举 term为1 
112483 VOTE S2 term 1 的情况下 向4要票结束, 结果为true
112483 VOTE S2 term 1 的情况下 向6要票结束, 结果为true
112483 VOTE S2开始向0要票
112487 VOTE S2开始向1要票
112490 VOTE S2开始向3要票
112490 VOTE S1 要票，args为 {Term:1 CandidateId:1 LastLogIndex:0 LastLogTerm:-1 PreElcection:true} 投票者3条件为 log: [{Term:-1 Command:<nil>}], term: 0, votedFor: -1
112493 VOTE S2开始向4要票
112477 VOTE S1 要票，args为 {Term:1 CandidateId:1 LastLogIndex:0 LastLogTerm:-1 PreElcection:true} 投票者5条件为 log: [{Term:-1 Command:<nil>}], term: 0, votedFor: -1
112496 VOTE S2开始向5要票
112499 VOTE S2开始向6要票
112499 VOTE S1 term 1 的情况下 向3要票结束, 结果为true
112500 VOTE S1 预选举成功
112501 VOTE S1 开始正式选举
112501 VOTE S1 开始选举 term为1 
112505 VOTE S1 term 1 的情况下 向4要票结束, 结果为true
112507 VOTE S2 要票，args为 {Term:1 CandidateId:2 LastLogIndex:0 LastLogTerm:-1 PreElcection:false} 投票者1条件为 log: [{Term:-1 Command:<nil>}], term: 1, votedFor: 1
112508 VOTE S1 拒绝给S2 原因3 投票者term为: 1,
112511 VOTE S1开始向6要票
112535 VOTE S1开始向0要票
112535 VOTE S1 term 1 的情况下 向5要票结束, 结果为true
112538 VOTE S1开始向3要票
112538 VOTE S2 要票，args为 {Term:1 CandidateId:2 LastLogIndex:0 LastLogTerm:-1 PreElcection:false} 投票者5条件为 log: [{Term:-1 Command:<nil>}], term: 0, votedFor: -1
112540 VOTE S1开始向2要票
112543 VOTE S1开始向5要票
112514 VOTE S2 term 1 的情况下 向1要票结束, 结果为false
112548 VOTE S2 要票，args为 {Term:1 CandidateId:2 LastLogIndex:0 LastLogTerm:-1 PreElcection:false} 投票者6条件为 log: [{Term:-1 Command:<nil>}], term: 0, votedFor: -1
112519 VOTE S2 要票，args为 {Term:1 CandidateId:2 LastLogIndex:0 LastLogTerm:-1 PreElcection:false} 投票者3条件为 log: [{Term:-1 Command:<nil>}], term: 0, votedFor: -1
112540 VOTE S1开始向4要票
112496 VOTE S2 要票，args为 {Term:1 CandidateId:2 LastLogIndex:0 LastLogTerm:-1 PreElcection:false} 投票者0条件为 log: [{Term:-1 Command:<nil>}], term: 0, votedFor: -1
112527 VOTE S2 要票，args为 {Term:1 CandidateId:2 LastLogIndex:0 LastLogTerm:-1 PreElcection:false} 投票者4条件为 log: [{Term:-1 Command:<nil>}], term: 0, votedFor: -1
112557 VOTE S2 term 1 的情况下 向5要票结束, 结果为true
112561 VOTE S2 term 1 的情况下 向6要票结束, 结果为true
112562 VOTE S2 term 1 的情况下 向0要票结束, 结果为true
112563 VOTE S2 term 1 的情况下 向4要票结束, 结果为true
112566 VOTE S1 要票，args为 {Term:1 CandidateId:1 LastLogIndex:0 LastLogTerm:-1 PreElcection:false} 投票者5条件为 log: [{Term:-1 Command:<nil>}], term: 1, votedFor: 2
112567 VOTE S5 拒绝给S1 原因3 投票者term为: 1,
112567 VOTE S1 要票，args为 {Term:1 CandidateId:1 LastLogIndex:0 LastLogTerm:-1 PreElcection:false} 投票者6条件为 log: [{Term:-1 Command:<nil>}], term: 1, votedFor: 2
112567 VOTE S1 要票，args为 {Term:1 CandidateId:1 LastLogIndex:0 LastLogTerm:-1 PreElcection:false} 投票者4条件为 log: [{Term:-1 Command:<nil>}], term: 1, votedFor: 2
112568 VOTE S6 拒绝给S1 原因3 投票者term为: 1,
112568 VOTE S4 拒绝给S1 原因3 投票者term为: 1,
112569 VOTE S1 要票，args为 {Term:1 CandidateId:1 LastLogIndex:0 LastLogTerm:-1 PreElcection:false} 投票者0条件为 log: [{Term:-1 Command:<nil>}], term: 1, votedFor: 2
112570 VOTE S0 拒绝给S1 原因3 投票者term为: 1,
112572 VOTE S2 term 1 的情况下 向3要票结束, 结果为true
112573 VOTE S1 term 1 的情况下 向6要票结束, 结果为false
112575 LOG1 S2 选举成功
112575 VOTE S2 选举成功 term为: 1
112576 LEAD S2 成为leader
112576 VOTE S1 term 1 的情况下 向0要票结束, 结果为false
112576 LEAD S2 的term: 1 votedFor:2 nextIndex: [1 1 1 1 1 1 1] matchIndex: [0 0 0 0 0 0 0] log:[{-1 <nil>}]
112574 VOTE S1 term 1 的情况下 向4要票结束, 结果为false
112578 VOTE S1 term 1 的情况下 向5要票结束, 结果为false
112577 VOTE S1 要票，args为 {Term:1 CandidateId:1 LastLogIndex:0 LastLogTerm:-1 PreElcection:false} 投票者3条件为 log: [{Term:-1 Command:<nil>}], term: 1, votedFor: 2
112578 LOG2 S2 发送给S0 commitIndex为 0 S2的CommitIndex: 0 nextIndex为: [1 1 1 1 1 1 1]
112580 VOTE S3 拒绝给S1 原因3 投票者term为: 1,
112581 LOG2 S2 发送给S1 commitIndex为 0 S2的CommitIndex: 0 nextIndex为: [1 1 1 1 1 1 1]
112583 LOG2 S2 发送给S3 commitIndex为 0 S2的CommitIndex: 0 nextIndex为: [1 1 1 1 1 1 1]
112585 LOG2 S2 发送给S4 commitIndex为 0 S2的CommitIndex: 0 nextIndex为: [1 1 1 1 1 1 1]
112586 LOG2 S2 发送给S5 commitIndex为 0 S2的CommitIndex: 0 nextIndex为: [1 1 1 1 1 1 1]
112586 VOTE S1 term 1 的情况下 向3要票结束, 结果为false
112587 LOG2 S2 发送给S6 commitIndex为 0 S2的CommitIndex: 0 nextIndex为: [1 1 1 1 1 1 1]
112589 VOTE S1 要票，args为 {Term:1 CandidateId:1 LastLogIndex:0 LastLogTerm:-1 PreElcection:true} 投票者2条件为 log: [{Term:-1 Command:<nil>}], term: 1, votedFor: 2
112590 VOTE S1 要票，args为 {Term:1 CandidateId:1 LastLogIndex:0 LastLogTerm:-1 PreElcection:false} 投票者2条件为 log: [{Term:-1 Command:<nil>}], term: 1, votedFor: 2
112591 VOTE S2 拒绝给S1 原因3 投票者term为: 1,
112593 LEAD S0 目前有[{-1 <nil>}]日志, 长度为1, 接收S2 的参数为{Term:1 LeaderId:2 PrevLogIndex:0 PrevLogTerm:-1 Entries:[] LeaderCommit:0}
112598 VOTE S1 term 1 的情况下 向2要票结束, 结果为true
112598 LEAD S4 目前有[{-1 <nil>}]日志, 长度为1, 接收S2 的参数为{Term:1 LeaderId:2 PrevLogIndex:0 PrevLogTerm:-1 Entries:[] LeaderCommit:0}
112602 VOTE S1 term 1 的情况下 向2要票结束, 结果为false
112603 LOG1 S1 选举成功
112603 VOTE S2 要票，args为 {Term:1 CandidateId:2 LastLogIndex:0 LastLogTerm:-1 PreElcection:true} 投票者1条件为 log: [{Term:-1 Command:<nil>}], term: 1, votedFor: 1
112606 LEAD S5 目前有[{-1 <nil>}]日志, 长度为1, 接收S2 的参数为{Term:1 LeaderId:2 PrevLogIndex:0 PrevLogTerm:-1 Entries:[] LeaderCommit:0}
112609 LEAD S3 目前有[{-1 <nil>}]日志, 长度为1, 接收S2 的参数为{Term:1 LeaderId:2 PrevLogIndex:0 PrevLogTerm:-1 Entries:[] LeaderCommit:0}
112612 VOTE S2 term 1 的情况下 向1要票结束, 结果为true
112606 LEAD S1 目前有[{-1 <nil>}]日志, 长度为1, 接收S2 的参数为{Term:1 LeaderId:2 PrevLogIndex:0 PrevLogTerm:-1 Entries:[] LeaderCommit:0}
112612 LEAD S6 目前有[{-1 <nil>}]日志, 长度为1, 接收S2 的参数为{Term:1 LeaderId:2 PrevLogIndex:0 PrevLogTerm:-1 Entries:[] LeaderCommit:0}
112613 VOTE S1 选举成功 term为: 1
112613 LEAD S1 成为leader
112614 LEAD S1 的term: 1 votedFor:1 nextIndex: [1 1 1 1 1 1 1] matchIndex: [0 0 0 0 0 0 0] log:[{-1 <nil>}]
112615 LOG2 S1 发送给S0 commitIndex为 0 S1的CommitIndex: 0 nextIndex为: [1 1 1 1 1 1 1]
112616 LOG2 S1 发送给S2 commitIndex为 0 S1的CommitIndex: 0 nextIndex为: [1 1 1 1 1 1 1]
112617 LOG2 S1 发送给S3 commitIndex为 0 S1的CommitIndex: 0 nextIndex为: [1 1 1 1 1 1 1]
112618 LOG2 S1 发送给S4 commitIndex为 0 S1的CommitIndex: 0 nextIndex为: [1 1 1 1 1 1 1]
112619 LOG2 S1 发送给S5 commitIndex为 0 S1的CommitIndex: 0 nextIndex为: [1 1 1 1 1 1 1]
112621 LOG2 S1 发送给S6 commitIndex为 0 S1的CommitIndex: 0 nextIndex为: [1 1 1 1 1 1 1]
112625 LEAD S0 目前有[{-1 <nil>}]日志, 长度为1, 接收S1 的参数为{Term:1 LeaderId:1 PrevLogIndex:0 PrevLogTerm:-1 Entries:[] LeaderCommit:0}
112627 LEAD S2 目前有[{-1 <nil>}]日志, 长度为1, 接收S1 的参数为{Term:1 LeaderId:1 PrevLogIndex:0 PrevLogTerm:-1 Entries:[] LeaderCommit:0}
112629 LEAD S4 目前有[{-1 <nil>}]日志, 长度为1, 接收S1 的参数为{Term:1 LeaderId:1 PrevLogIndex:0 PrevLogTerm:-1 Entries:[] LeaderCommit:0}
112636 LEAD S6 目前有[{-1 <nil>}]日志, 长度为1, 接收S1 的参数为{Term:1 LeaderId:1 PrevLogIndex:0 PrevLogTerm:-1 Entries:[] LeaderCommit:0}
112638 LEAD S3 目前有[{-1 <nil>}]日志, 长度为1, 接收S1 的参数为{Term:1 LeaderId:1 PrevLogIndex:0 PrevLogTerm:-1 Entries:[] LeaderCommit:0}
112640 LEAD S5 目前有[{-1 <nil>}]日志, 长度为1, 接收S1 的参数为{Term:1 LeaderId:1 PrevLogIndex:0 PrevLogTerm:-1 Entries:[] LeaderCommit:0}
113620 LEAD S2 的term: 1 votedFor:2 nextIndex: [1 1 1 1 1 1 1] matchIndex: [0 0 0 0 0 0 0] log:[{-1 <nil>}]
113623 LOG2 S2 发送给S0 commitIndex为 0 S2的CommitIndex: 0 nextIndex为: [1 1 1 1 1 1 1]
113625 LOG2 S2 发送给S1 commitIndex为 0 S2的CommitIndex: 0 nextIndex为: [1 1 1 1 1 1 1]
113626 LOG2 S2 发送给S3 commitIndex为 0 S2的CommitIndex: 0 nextIndex为: [1 1 1 1 1 1 1]
113627 LOG2 S2 发送给S4 commitIndex为 0 S2的CommitIndex: 0 nextIndex为: [1 1 1 1 1 1 1]
113628 LOG2 S2 发送给S5 commitIndex为 0 S2的CommitIndex: 0 nextIndex为: [1 1 1 1 1 1 1]
113629 LOG2 S2 发送给S6 commitIndex为 0 S2的CommitIndex: 0 nextIndex为: [1 1 1 1 1 1 1]
113643 LEAD S0 目前有[{-1 <nil>}]日志, 长度为1, 接收S2 的参数为{Term:1 LeaderId:2 PrevLogIndex:0 PrevLogTerm:-1 Entries:[] LeaderCommit:0}
113687 LEAD S1 的term: 1 votedFor:1 nextIndex: [1 1 1 1 1 1 1] matchIndex: [0 0 0 0 0 0 0] log:[{-1 <nil>}]
113691 LOG2 S1 发送给S0 commitIndex为 0 S1的CommitIndex: 0 nextIndex为: [1 1 1 1 1 1 1]
113693 LOG2 S1 发送给S2 commitIndex为 0 S1的CommitIndex: 0 nextIndex为: [1 1 1 1 1 1 1]
113711 LEAD S6 目前有[{-1 <nil>}]日志, 长度为1, 接收S2 的参数为{Term:1 LeaderId:2 PrevLogIndex:0 PrevLogTerm:-1 Entries:[] LeaderCommit:0}
113712 LEAD S5 目前有[{-1 <nil>}]日志, 长度为1, 接收S2 的参数为{Term:1 LeaderId:2 PrevLogIndex:0 PrevLogTerm:-1 Entries:[] LeaderCommit:0}
113722 LEAD S3 目前有[{-1 <nil>}]日志, 长度为1, 接收S2 的参数为{Term:1 LeaderId:2 PrevLogIndex:0 PrevLogTerm:-1 Entries:[] LeaderCommit:0}
113722 LEAD S2 目前有[{-1 <nil>}]日志, 长度为1, 接收S1 的参数为{Term:1 LeaderId:1 PrevLogIndex:0 PrevLogTerm:-1 Entries:[] LeaderCommit:0}
113695 LOG2 S1 发送给S3 commitIndex为 0 S1的CommitIndex: 0 nextIndex为: [1 1 1 1 1 1 1]
113728 LOG2 S1 发送给S4 commitIndex为 0 S1的CommitIndex: 0 nextIndex为: [1 1 1 1 1 1 1]
113730 LOG2 S1 发送给S5 commitIndex为 0 S1的CommitIndex: 0 nextIndex为: [1 1 1 1 1 1 1]
113730 LEAD S4 目前有[{-1 <nil>}]日志, 长度为1, 接收S2 的参数为{Term:1 LeaderId:2 PrevLogIndex:0 PrevLogTerm:-1 Entries:[] LeaderCommit:0}
113731 LOG2 S1 发送给S6 commitIndex为 0 S1的CommitIndex: 0 nextIndex为: [1 1 1 1 1 1 1]
113734 LEAD S1 目前有[{-1 <nil>}]日志, 长度为1, 接收S2 的参数为{Term:1 LeaderId:2 PrevLogIndex:0 PrevLogTerm:-1 Entries:[] LeaderCommit:0}
113739 LEAD S3 目前有[{-1 <nil>}]日志, 长度为1, 接收S1 的参数为{Term:1 LeaderId:1 PrevLogIndex:0 PrevLogTerm:-1 Entries:[] LeaderCommit:0}
113746 LEAD S4 目前有[{-1 <nil>}]日志, 长度为1, 接收S1 的参数为{Term:1 LeaderId:1 PrevLogIndex:0 PrevLogTerm:-1 Entries:[] LeaderCommit:0}
113748 LEAD S6 目前有[{-1 <nil>}]日志, 长度为1, 接收S1 的参数为{Term:1 LeaderId:1 PrevLogIndex:0 PrevLogTerm:-1 Entries:[] LeaderCommit:0}
113749 LEAD S0 目前有[{-1 <nil>}]日志, 长度为1, 接收S1 的参数为{Term:1 LeaderId:1 PrevLogIndex:0 PrevLogTerm:-1 Entries:[] LeaderCommit:0}
113752 LEAD S5 目前有[{-1 <nil>}]日志, 长度为1, 接收S1 的参数为{Term:1 LeaderId:1 PrevLogIndex:0 PrevLogTerm:-1 Entries:[] LeaderCommit:0}
114168 INFO S1 think itself is leader ,term is 1
114173 INFO S2 think itself is leader ,term is 1
--- FAIL: TestManyElections2A (1.02s)
    config.go:447: term 1 has 2 (>1) leaders
FAIL
exit status 1
FAIL	6.5840/raft	11.437s
