000004 TRCE S2 的lastApplied为 0 commitIndex为 0 log长度为 1
Test (2A): initial election ...
000003 TRCE S1 的lastApplied为 0 commitIndex为 0 log长度为 1
000003 TRCE S0 的lastApplied为 0 commitIndex为 0 log长度为 1
000515 TRCE S2 的lastApplied为 0 commitIndex为 0 log长度为 1
000515 TRCE S0 的lastApplied为 0 commitIndex为 0 log长度为 1
000515 TRCE S1 的lastApplied为 0 commitIndex为 0 log长度为 1
001026 TRCE S1 的lastApplied为 0 commitIndex为 0 log长度为 1
001026 TRCE S2 的lastApplied为 0 commitIndex为 0 log长度为 1
001026 TRCE S0 的lastApplied为 0 commitIndex为 0 log长度为 1
001537 TRCE S0 的lastApplied为 0 commitIndex为 0 log长度为 1
001537 TRCE S2 的lastApplied为 0 commitIndex为 0 log长度为 1
001537 TRCE S1 的lastApplied为 0 commitIndex为 0 log长度为 1
002048 TRCE S1 的lastApplied为 0 commitIndex为 0 log长度为 1
002048 TRCE S0 的lastApplied为 0 commitIndex为 0 log长度为 1
002049 TRCE S2 的lastApplied为 0 commitIndex为 0 log长度为 1
002573 TRCE S2 的lastApplied为 0 commitIndex为 0 log长度为 1
002574 TRCE S1 的lastApplied为 0 commitIndex为 0 log长度为 1
002575 TRCE S0 的lastApplied为 0 commitIndex为 0 log长度为 1
003087 TRCE S0 的lastApplied为 0 commitIndex为 0 log长度为 1
003089 TRCE S2 的lastApplied为 0 commitIndex为 0 log长度为 1
003089 TRCE S1 的lastApplied为 0 commitIndex为 0 log长度为 1
003603 TRCE S1 的lastApplied为 0 commitIndex为 0 log长度为 1
003604 TRCE S2 的lastApplied为 0 commitIndex为 0 log长度为 1
003603 TRCE S0 的lastApplied为 0 commitIndex为 0 log长度为 1
004115 TRCE S0 的lastApplied为 0 commitIndex为 0 log长度为 1
004115 TRCE S2 的lastApplied为 0 commitIndex为 0 log长度为 1
004115 TRCE S1 的lastApplied为 0 commitIndex为 0 log长度为 1
004627 TRCE S1 的lastApplied为 0 commitIndex为 0 log长度为 1
004627 TRCE S0 的lastApplied为 0 commitIndex为 0 log长度为 1
004628 TRCE S2 的lastApplied为 0 commitIndex为 0 log长度为 1
005136 TRCE S2 的lastApplied为 0 commitIndex为 0 log长度为 1
005137 TRCE S0 的lastApplied为 0 commitIndex为 0 log长度为 1
005138 TRCE S1 的lastApplied为 0 commitIndex为 0 log长度为 1
005648 TRCE S1 的lastApplied为 0 commitIndex为 0 log长度为 1
005648 TRCE S2 的lastApplied为 0 commitIndex为 0 log长度为 1
005648 TRCE S0 的lastApplied为 0 commitIndex为 0 log长度为 1
006161 TRCE S0 的lastApplied为 0 commitIndex为 0 log长度为 1
006162 TRCE S1 的lastApplied为 0 commitIndex为 0 log长度为 1
006163 TRCE S2 的lastApplied为 0 commitIndex为 0 log长度为 1
006673 TRCE S2 的lastApplied为 0 commitIndex为 0 log长度为 1
006676 TRCE S0 的lastApplied为 0 commitIndex为 0 log长度为 1
006676 TRCE S1 的lastApplied为 0 commitIndex为 0 log长度为 1
007188 TRCE S1 的lastApplied为 0 commitIndex为 0 log长度为 1
007190 TRCE S2 的lastApplied为 0 commitIndex为 0 log长度为 1
007190 TRCE S0 的lastApplied为 0 commitIndex为 0 log长度为 1
007701 TRCE S0 的lastApplied为 0 commitIndex为 0 log长度为 1
007701 TRCE S1 的lastApplied为 0 commitIndex为 0 log长度为 1
007701 TRCE S2 的lastApplied为 0 commitIndex为 0 log长度为 1
008212 TRCE S2 的lastApplied为 0 commitIndex为 0 log长度为 1
008212 TRCE S0 的lastApplied为 0 commitIndex为 0 log长度为 1
008212 TRCE S1 的lastApplied为 0 commitIndex为 0 log长度为 1
008723 TRCE S1 的lastApplied为 0 commitIndex为 0 log长度为 1
008725 TRCE S0 的lastApplied为 0 commitIndex为 0 log长度为 1
008726 TRCE S2 的lastApplied为 0 commitIndex为 0 log长度为 1
009238 TRCE S0 的lastApplied为 0 commitIndex为 0 log长度为 1
009240 TRCE S1 的lastApplied为 0 commitIndex为 0 log长度为 1
009241 TRCE S2 的lastApplied为 0 commitIndex为 0 log长度为 1
009749 TRCE S2 的lastApplied为 0 commitIndex为 0 log长度为 1
009749 TRCE S1 的lastApplied为 0 commitIndex为 0 log长度为 1
009749 TRCE S0 的lastApplied为 0 commitIndex为 0 log长度为 1
010244 VOTE S2 开始预选举 term为0 
010247 VOTE S2开始向1要票
010248 VOTE S2开始向0要票
010249 TRCE S0 的lastApplied为 0 commitIndex为 0 log长度为 1
010249 TRCE S1 的lastApplied为 0 commitIndex为 0 log长度为 1
010250 VOTE S2 要票，args为 {Term:1 CandidateId:2 LastLogIndex:0 LastLogTerm:-1} 投票者0条件为 log: [{Term:-1 Command:<nil>}], term: 0, votedFor: -1
010250 VOTE S2 要票，args为 {Term:1 CandidateId:2 LastLogIndex:0 LastLogTerm:-1} 投票者1条件为 log: [{Term:-1 Command:<nil>}], term: 0, votedFor: -1
010252 VOTE S2 term 1 的情况下 向0要票结束, 结果为true
010252 VOTE S2 预选举成功
010252 VOTE S2 开始正式选举
010252 TRCE S2 的lastApplied为 0 commitIndex为 0 log长度为 1
010252 VOTE S2 开始选举 term为1 
010252 VOTE S2 term 1 的情况下 向1要票结束, 结果为true
010252 VOTE S2开始向1要票
010252 VOTE S2开始向0要票
010252 LOG1 S2 选举成功
010253 VOTE S2 选举成功 term为: 1
010253 LEAD S2 成为leader
010253 LEAD S2 开始发送群体日志-----
010253 VOTE S2 要票，args为 {Term:1 CandidateId:2 LastLogIndex:0 LastLogTerm:-1} 投票者0条件为 log: [{Term:-1 Command:<nil>}], term: 1, votedFor: 2
010253 VOTE S2 要票，args为 {Term:1 CandidateId:2 LastLogIndex:0 LastLogTerm:-1} 投票者1条件为 log: [{Term:-1 Command:<nil>}], term: 1, votedFor: 2
010253 VOTE S2 term 1 的情况下 向0要票结束, 结果为true
010254 VOTE S2 term 1 的情况下 向1要票结束, 结果为true
010751 TRCE S1 的lastApplied为 0 commitIndex为 0 log长度为 1
010751 TRCE S0 的lastApplied为 0 commitIndex为 0 log长度为 1
010752 TRCE S2 的lastApplied为 0 commitIndex为 0 log长度为 1
011259 TRCE S1 的lastApplied为 0 commitIndex为 0 log长度为 1
011260 TRCE S2 的lastApplied为 0 commitIndex为 0 log长度为 1
011260 TRCE S0 的lastApplied为 0 commitIndex为 0 log长度为 1
011787 TRCE S0 的lastApplied为 0 commitIndex为 0 log长度为 1
011788 TRCE S1 的lastApplied为 0 commitIndex为 0 log长度为 1
011788 TRCE S2 的lastApplied为 0 commitIndex为 0 log长度为 1
012308 TRCE S0 的lastApplied为 0 commitIndex为 0 log长度为 1
012310 TRCE S1 的lastApplied为 0 commitIndex为 0 log长度为 1
012310 TRCE S2 的lastApplied为 0 commitIndex为 0 log长度为 1
012819 TRCE S2 的lastApplied为 0 commitIndex为 0 log长度为 1
012819 TRCE S0 的lastApplied为 0 commitIndex为 0 log长度为 1
012819 TRCE S1 的lastApplied为 0 commitIndex为 0 log长度为 1
013324 TRCE S1 的lastApplied为 0 commitIndex为 0 log长度为 1
013325 TRCE S0 的lastApplied为 0 commitIndex为 0 log长度为 1
013326 TRCE S2 的lastApplied为 0 commitIndex为 0 log长度为 1
013836 TRCE S0 的lastApplied为 0 commitIndex为 0 log长度为 1
013836 TRCE S2 的lastApplied为 0 commitIndex为 0 log长度为 1
013836 TRCE S1 的lastApplied为 0 commitIndex为 0 log长度为 1
014339 TRCE S1 的lastApplied为 0 commitIndex为 0 log长度为 1
014340 TRCE S0 的lastApplied为 0 commitIndex为 0 log长度为 1
014340 TRCE S2 的lastApplied为 0 commitIndex为 0 log长度为 1
014844 TRCE S2 的lastApplied为 0 commitIndex为 0 log长度为 1
014844 TRCE S1 的lastApplied为 0 commitIndex为 0 log长度为 1
014844 TRCE S0 的lastApplied为 0 commitIndex为 0 log长度为 1
014857 INFO S2 think itself is leader ,term is 1
015346 TRCE S0 的lastApplied为 0 commitIndex为 0 log长度为 1
015346 TRCE S2 的lastApplied为 0 commitIndex为 0 log长度为 1
015347 TRCE S1 的lastApplied为 0 commitIndex为 0 log长度为 1
015359 INFO S2 think itself is leader ,term is 1
015860 TRCE S1 的lastApplied为 0 commitIndex为 0 log长度为 1
015862 TRCE S0 的lastApplied为 0 commitIndex为 0 log长度为 1
015863 TRCE S2 的lastApplied为 0 commitIndex为 0 log长度为 1
016367 TRCE S2 的lastApplied为 0 commitIndex为 0 log长度为 1
016367 TRCE S1 的lastApplied为 0 commitIndex为 0 log长度为 1
016367 TRCE S0 的lastApplied为 0 commitIndex为 0 log长度为 1
016877 TRCE S0 的lastApplied为 0 commitIndex为 0 log长度为 1
016878 TRCE S2 的lastApplied为 0 commitIndex为 0 log长度为 1
016878 TRCE S1 的lastApplied为 0 commitIndex为 0 log长度为 1
017383 TRCE S1 的lastApplied为 0 commitIndex为 0 log长度为 1
017384 TRCE S2 的lastApplied为 0 commitIndex为 0 log长度为 1
017384 TRCE S0 的lastApplied为 0 commitIndex为 0 log长度为 1
017887 TRCE S1 的lastApplied为 0 commitIndex为 0 log长度为 1
017895 TRCE S0 的lastApplied为 0 commitIndex为 0 log长度为 1
017895 TRCE S2 的lastApplied为 0 commitIndex为 0 log长度为 1
018396 TRCE S1 的lastApplied为 0 commitIndex为 0 log长度为 1
018395 TRCE S0 的lastApplied为 0 commitIndex为 0 log长度为 1
018396 TRCE S2 的lastApplied为 0 commitIndex为 0 log长度为 1
018907 TRCE S1 的lastApplied为 0 commitIndex为 0 log长度为 1
018907 TRCE S0 的lastApplied为 0 commitIndex为 0 log长度为 1
018907 TRCE S2 的lastApplied为 0 commitIndex为 0 log长度为 1
019409 TRCE S0 的lastApplied为 0 commitIndex为 0 log长度为 1
019409 TRCE S1 的lastApplied为 0 commitIndex为 0 log长度为 1
019410 TRCE S2 的lastApplied为 0 commitIndex为 0 log长度为 1
019919 TRCE S2 的lastApplied为 0 commitIndex为 0 log长度为 1
019919 TRCE S0 的lastApplied为 0 commitIndex为 0 log长度为 1
019919 TRCE S1 的lastApplied为 0 commitIndex为 0 log长度为 1
020428 TRCE S0 的lastApplied为 0 commitIndex为 0 log长度为 1
020428 TRCE S1 的lastApplied为 0 commitIndex为 0 log长度为 1
020428 TRCE S2 的lastApplied为 0 commitIndex为 0 log长度为 1
020930 TRCE S2 的lastApplied为 0 commitIndex为 0 log长度为 1
020930 TRCE S0 的lastApplied为 0 commitIndex为 0 log长度为 1
020931 TRCE S1 的lastApplied为 0 commitIndex为 0 log长度为 1
021438 TRCE S1 的lastApplied为 0 commitIndex为 0 log长度为 1
021438 TRCE S2 的lastApplied为 0 commitIndex为 0 log长度为 1
021438 TRCE S0 的lastApplied为 0 commitIndex为 0 log长度为 1
021948 TRCE S0 的lastApplied为 0 commitIndex为 0 log长度为 1
021949 TRCE S1 的lastApplied为 0 commitIndex为 0 log长度为 1
021949 TRCE S2 的lastApplied为 0 commitIndex为 0 log长度为 1
022456 TRCE S1 的lastApplied为 0 commitIndex为 0 log长度为 1
022456 TRCE S2 的lastApplied为 0 commitIndex为 0 log长度为 1
022457 TRCE S0 的lastApplied为 0 commitIndex为 0 log长度为 1
022967 TRCE S0 的lastApplied为 0 commitIndex为 0 log长度为 1
022969 TRCE S1 的lastApplied为 0 commitIndex为 0 log长度为 1
022969 TRCE S2 的lastApplied为 0 commitIndex为 0 log长度为 1
023476 TRCE S2 的lastApplied为 0 commitIndex为 0 log长度为 1
023476 TRCE S0 的lastApplied为 0 commitIndex为 0 log长度为 1
023476 TRCE S1 的lastApplied为 0 commitIndex为 0 log长度为 1
023989 TRCE S1 的lastApplied为 0 commitIndex为 0 log长度为 1
023989 TRCE S0 的lastApplied为 0 commitIndex为 0 log长度为 1
023989 TRCE S2 的lastApplied为 0 commitIndex为 0 log长度为 1
024500 TRCE S1 的lastApplied为 0 commitIndex为 0 log长度为 1
024500 TRCE S0 的lastApplied为 0 commitIndex为 0 log长度为 1
024500 TRCE S2 的lastApplied为 0 commitIndex为 0 log长度为 1
025011 TRCE S1 的lastApplied为 0 commitIndex为 0 log长度为 1
025012 TRCE S0 的lastApplied为 0 commitIndex为 0 log长度为 1
025010 TRCE S2 的lastApplied为 0 commitIndex为 0 log长度为 1
025523 TRCE S1 的lastApplied为 0 commitIndex为 0 log长度为 1
025524 TRCE S0 的lastApplied为 0 commitIndex为 0 log长度为 1
025524 TRCE S2 的lastApplied为 0 commitIndex为 0 log长度为 1
026034 TRCE S1 的lastApplied为 0 commitIndex为 0 log长度为 1
026035 TRCE S0 的lastApplied为 0 commitIndex为 0 log长度为 1
026035 TRCE S2 的lastApplied为 0 commitIndex为 0 log长度为 1
026546 TRCE S1 的lastApplied为 0 commitIndex为 0 log长度为 1
026546 TRCE S2 的lastApplied为 0 commitIndex为 0 log长度为 1
026547 TRCE S0 的lastApplied为 0 commitIndex为 0 log长度为 1
027048 TRCE S0 的lastApplied为 0 commitIndex为 0 log长度为 1
027048 TRCE S2 的lastApplied为 0 commitIndex为 0 log长度为 1
027048 TRCE S1 的lastApplied为 0 commitIndex为 0 log长度为 1
027559 TRCE S1 的lastApplied为 0 commitIndex为 0 log长度为 1
027559 TRCE S2 的lastApplied为 0 commitIndex为 0 log长度为 1
027559 TRCE S0 的lastApplied为 0 commitIndex为 0 log长度为 1
028070 TRCE S0 的lastApplied为 0 commitIndex为 0 log长度为 1
028070 TRCE S2 的lastApplied为 0 commitIndex为 0 log长度为 1
028070 TRCE S1 的lastApplied为 0 commitIndex为 0 log长度为 1
028581 TRCE S1 的lastApplied为 0 commitIndex为 0 log长度为 1
028582 TRCE S2 的lastApplied为 0 commitIndex为 0 log长度为 1
028582 TRCE S0 的lastApplied为 0 commitIndex为 0 log长度为 1
029092 TRCE S0 的lastApplied为 0 commitIndex为 0 log长度为 1
029093 TRCE S2 的lastApplied为 0 commitIndex为 0 log长度为 1
029093 TRCE S1 的lastApplied为 0 commitIndex为 0 log长度为 1
029607 TRCE S1 的lastApplied为 0 commitIndex为 0 log长度为 1
029607 TRCE S0 的lastApplied为 0 commitIndex为 0 log长度为 1
029607 TRCE S2 的lastApplied为 0 commitIndex为 0 log长度为 1
030118 TRCE S1 的lastApplied为 0 commitIndex为 0 log长度为 1
030118 TRCE S2 的lastApplied为 0 commitIndex为 0 log长度为 1
030118 TRCE S0 的lastApplied为 0 commitIndex为 0 log长度为 1
030619 TRCE S1 的lastApplied为 0 commitIndex为 0 log长度为 1
030620 TRCE S0 的lastApplied为 0 commitIndex为 0 log长度为 1
030620 TRCE S2 的lastApplied为 0 commitIndex为 0 log长度为 1
031121 TRCE S1 的lastApplied为 0 commitIndex为 0 log长度为 1
031121 TRCE S0 的lastApplied为 0 commitIndex为 0 log长度为 1
031121 TRCE S2 的lastApplied为 0 commitIndex为 0 log长度为 1
031632 TRCE S2 的lastApplied为 0 commitIndex为 0 log长度为 1
031632 TRCE S1 的lastApplied为 0 commitIndex为 0 log长度为 1
031633 TRCE S0 的lastApplied为 0 commitIndex为 0 log长度为 1
032145 TRCE S2 的lastApplied为 0 commitIndex为 0 log长度为 1
032146 TRCE S0 的lastApplied为 0 commitIndex为 0 log长度为 1
032146 TRCE S1 的lastApplied为 0 commitIndex为 0 log长度为 1
032656 TRCE S1 的lastApplied为 0 commitIndex为 0 log长度为 1
032658 TRCE S2 的lastApplied为 0 commitIndex为 0 log长度为 1
032658 TRCE S0 的lastApplied为 0 commitIndex为 0 log长度为 1
033169 TRCE S2 的lastApplied为 0 commitIndex为 0 log长度为 1
033169 TRCE S0 的lastApplied为 0 commitIndex为 0 log长度为 1
033170 TRCE S1 的lastApplied为 0 commitIndex为 0 log长度为 1
033678 TRCE S1 的lastApplied为 0 commitIndex为 0 log长度为 1
033678 TRCE S0 的lastApplied为 0 commitIndex为 0 log长度为 1
033679 TRCE S2 的lastApplied为 0 commitIndex为 0 log长度为 1
034202 TRCE S1 的lastApplied为 0 commitIndex为 0 log长度为 1
034204 TRCE S0 的lastApplied为 0 commitIndex为 0 log长度为 1
034204 TRCE S2 的lastApplied为 0 commitIndex为 0 log长度为 1
034713 TRCE S2 的lastApplied为 0 commitIndex为 0 log长度为 1
034713 TRCE S1 的lastApplied为 0 commitIndex为 0 log长度为 1
034713 TRCE S0 的lastApplied为 0 commitIndex为 0 log长度为 1
035225 TRCE S2 的lastApplied为 0 commitIndex为 0 log长度为 1
035225 TRCE S0 的lastApplied为 0 commitIndex为 0 log长度为 1
035225 TRCE S1 的lastApplied为 0 commitIndex为 0 log长度为 1
035370 INFO S2 think itself is leader ,term is 1
035734 TRCE S1 的lastApplied为 0 commitIndex为 0 log长度为 1
035734 TRCE S2 的lastApplied为 0 commitIndex为 0 log长度为 1
035734 TRCE S0 的lastApplied为 0 commitIndex为 0 log长度为 1
036237 TRCE S0 的lastApplied为 0 commitIndex为 0 log长度为 1
036238 TRCE S2 的lastApplied为 0 commitIndex为 0 log长度为 1
036239 TRCE S1 的lastApplied为 0 commitIndex为 0 log长度为 1
036749 TRCE S1 的lastApplied为 0 commitIndex为 0 log长度为 1
036750 TRCE S0 的lastApplied为 0 commitIndex为 0 log长度为 1
036750 TRCE S2 的lastApplied为 0 commitIndex为 0 log长度为 1
037261 TRCE S1 的lastApplied为 0 commitIndex为 0 log长度为 1
037261 TRCE S0 的lastApplied为 0 commitIndex为 0 log长度为 1
037262 TRCE S2 的lastApplied为 0 commitIndex为 0 log长度为 1
037772 TRCE S2 的lastApplied为 0 commitIndex为 0 log长度为 1
037775 TRCE S1 的lastApplied为 0 commitIndex为 0 log长度为 1
037775 TRCE S0 的lastApplied为 0 commitIndex为 0 log长度为 1
038282 TRCE S0 的lastApplied为 0 commitIndex为 0 log长度为 1
038283 TRCE S2 的lastApplied为 0 commitIndex为 0 log长度为 1
038283 TRCE S1 的lastApplied为 0 commitIndex为 0 log长度为 1
038795 TRCE S1 的lastApplied为 0 commitIndex为 0 log长度为 1
038795 TRCE S2 的lastApplied为 0 commitIndex为 0 log长度为 1
038795 TRCE S0 的lastApplied为 0 commitIndex为 0 log长度为 1
039304 TRCE S0 的lastApplied为 0 commitIndex为 0 log长度为 1
039306 TRCE S1 的lastApplied为 0 commitIndex为 0 log长度为 1
039306 TRCE S2 的lastApplied为 0 commitIndex为 0 log长度为 1
039814 TRCE S0 的lastApplied为 0 commitIndex为 0 log长度为 1
039814 TRCE S1 的lastApplied为 0 commitIndex为 0 log长度为 1
039814 TRCE S2 的lastApplied为 0 commitIndex为 0 log长度为 1
040316 TRCE S0 的lastApplied为 0 commitIndex为 0 log长度为 1
040317 TRCE S1 的lastApplied为 0 commitIndex为 0 log长度为 1
040317 TRCE S2 的lastApplied为 0 commitIndex为 0 log长度为 1
040472 INFO S2 think itself is leader ,term is 1
  ... Passed --   4.0  3   34    9588    0
040476 TRCE S0 的lastApplied为 0 commitIndex为 0 log长度为 1
Test (2A): election after network failure ...
040477 TRCE S1 的lastApplied为 0 commitIndex为 0 log长度为 1
040477 TRCE S2 的lastApplied为 0 commitIndex为 0 log长度为 1
040905 VOTE S1 退出预选举
040988 TRCE S2 的lastApplied为 0 commitIndex为 0 log长度为 1
040992 TRCE S0 的lastApplied为 0 commitIndex为 0 log长度为 1
040992 TRCE S1 的lastApplied为 0 commitIndex为 0 log长度为 1
041498 TRCE S1 的lastApplied为 0 commitIndex为 0 log长度为 1
041501 TRCE S2 的lastApplied为 0 commitIndex为 0 log长度为 1
041499 TRCE S0 的lastApplied为 0 commitIndex为 0 log长度为 1
042011 TRCE S0 的lastApplied为 0 commitIndex为 0 log长度为 1
042012 TRCE S2 的lastApplied为 0 commitIndex为 0 log长度为 1
042012 TRCE S1 的lastApplied为 0 commitIndex为 0 log长度为 1
042517 TRCE S1 的lastApplied为 0 commitIndex为 0 log长度为 1
042517 TRCE S0 的lastApplied为 0 commitIndex为 0 log长度为 1
042517 TRCE S2 的lastApplied为 0 commitIndex为 0 log长度为 1
043029 TRCE S2 的lastApplied为 0 commitIndex为 0 log长度为 1
043031 TRCE S1 的lastApplied为 0 commitIndex为 0 log长度为 1
043031 TRCE S0 的lastApplied为 0 commitIndex为 0 log长度为 1
043537 TRCE S2 的lastApplied为 0 commitIndex为 0 log长度为 1
043537 TRCE S0 的lastApplied为 0 commitIndex为 0 log长度为 1
043537 TRCE S1 的lastApplied为 0 commitIndex为 0 log长度为 1
044044 TRCE S1 的lastApplied为 0 commitIndex为 0 log长度为 1
044044 TRCE S0 的lastApplied为 0 commitIndex为 0 log长度为 1
044044 TRCE S2 的lastApplied为 0 commitIndex为 0 log长度为 1
044548 TRCE S2 的lastApplied为 0 commitIndex为 0 log长度为 1
044549 TRCE S1 的lastApplied为 0 commitIndex为 0 log长度为 1
044549 TRCE S0 的lastApplied为 0 commitIndex为 0 log长度为 1
045060 TRCE S0 的lastApplied为 0 commitIndex为 0 log长度为 1
045060 TRCE S2 的lastApplied为 0 commitIndex为 0 log长度为 1
045060 TRCE S1 的lastApplied为 0 commitIndex为 0 log长度为 1
045571 TRCE S1 的lastApplied为 0 commitIndex为 0 log长度为 1
045571 TRCE S0 的lastApplied为 0 commitIndex为 0 log长度为 1
045571 TRCE S2 的lastApplied为 0 commitIndex为 0 log长度为 1
046082 TRCE S2 的lastApplied为 0 commitIndex为 0 log长度为 1
046083 TRCE S1 的lastApplied为 0 commitIndex为 0 log长度为 1
046083 TRCE S0 的lastApplied为 0 commitIndex为 0 log长度为 1
046596 TRCE S0 的lastApplied为 0 commitIndex为 0 log长度为 1
046598 TRCE S1 的lastApplied为 0 commitIndex为 0 log长度为 1
046600 TRCE S2 的lastApplied为 0 commitIndex为 0 log长度为 1
047101 TRCE S1 的lastApplied为 0 commitIndex为 0 log长度为 1
047113 TRCE S2 的lastApplied为 0 commitIndex为 0 log长度为 1
047113 TRCE S0 的lastApplied为 0 commitIndex为 0 log长度为 1
047624 TRCE S0 的lastApplied为 0 commitIndex为 0 log长度为 1
047625 TRCE S1 的lastApplied为 0 commitIndex为 0 log长度为 1
047625 TRCE S2 的lastApplied为 0 commitIndex为 0 log长度为 1
048136 TRCE S2 的lastApplied为 0 commitIndex为 0 log长度为 1
048136 TRCE S1 的lastApplied为 0 commitIndex为 0 log长度为 1
048136 TRCE S0 的lastApplied为 0 commitIndex为 0 log长度为 1
048647 TRCE S0 的lastApplied为 0 commitIndex为 0 log长度为 1
048647 TRCE S1 的lastApplied为 0 commitIndex为 0 log长度为 1
048647 TRCE S2 的lastApplied为 0 commitIndex为 0 log长度为 1
048715 VOTE S1 开始预选举 term为0 
048715 VOTE S1开始向2要票
048715 VOTE S1开始向0要票
048716 VOTE S1 要票，args为 {Term:1 CandidateId:1 LastLogIndex:0 LastLogTerm:-1} 投票者2条件为 log: [{Term:-1 Command:<nil>}], term: 0, votedFor: -1
048716 VOTE S1 要票，args为 {Term:1 CandidateId:1 LastLogIndex:0 LastLogTerm:-1} 投票者0条件为 log: [{Term:-1 Command:<nil>}], term: 0, votedFor: -1
048717 VOTE S1 term 1 的情况下 向2要票结束, 结果为true
048717 VOTE S1 预选举成功
048717 VOTE S1 term 1 的情况下 向0要票结束, 结果为true
048717 VOTE S1 开始正式选举
048717 VOTE S1 开始选举 term为1 
048717 LOG1 S1 选举成功
048717 VOTE S1 选举成功 term为: 1
048717 LEAD S1 成为leader
048717 VOTE S1开始向0要票
048717 LEAD S1 开始发送群体日志-----
048717 VOTE S1开始向2要票
048718 VOTE S1 要票，args为 {Term:1 CandidateId:1 LastLogIndex:0 LastLogTerm:-1} 投票者0条件为 log: [{Term:-1 Command:<nil>}], term: 1, votedFor: 1
048718 VOTE S1 要票，args为 {Term:1 CandidateId:1 LastLogIndex:0 LastLogTerm:-1} 投票者2条件为 log: [{Term:-1 Command:<nil>}], term: 1, votedFor: 1
048719 VOTE S1 term 1 的情况下 向0要票结束, 结果为true
048719 VOTE S1 term 1 的情况下 向2要票结束, 结果为true
049028 VOTE S0 开始预选举 term为1 
049029 VOTE S0开始向1要票
049029 VOTE S0开始向2要票
049148 TRCE S2 的lastApplied为 0 commitIndex为 0 log长度为 1
049148 TRCE S0 的lastApplied为 0 commitIndex为 0 log长度为 1
049148 TRCE S1 的lastApplied为 0 commitIndex为 0 log长度为 1
049658 TRCE S1 的lastApplied为 0 commitIndex为 0 log长度为 1
049658 TRCE S2 的lastApplied为 0 commitIndex为 0 log长度为 1
049658 TRCE S0 的lastApplied为 0 commitIndex为 0 log长度为 1
049919 INFO S1 think itself is leader ,term is 1
049919 INFO S1 断开连接
050169 TRCE S0 的lastApplied为 0 commitIndex为 0 log长度为 1
050169 TRCE S1 的lastApplied为 0 commitIndex为 0 log长度为 1
050169 TRCE S2 的lastApplied为 0 commitIndex为 0 log长度为 1
050678 TRCE S2 的lastApplied为 0 commitIndex为 0 log长度为 1
050678 TRCE S1 的lastApplied为 0 commitIndex为 0 log长度为 1
050678 TRCE S0 的lastApplied为 0 commitIndex为 0 log长度为 1
051189 TRCE S1 的lastApplied为 0 commitIndex为 0 log长度为 1
051189 TRCE S0 的lastApplied为 0 commitIndex为 0 log长度为 1
051189 TRCE S2 的lastApplied为 0 commitIndex为 0 log长度为 1
051699 TRCE S2 的lastApplied为 0 commitIndex为 0 log长度为 1
051700 TRCE S0 的lastApplied为 0 commitIndex为 0 log长度为 1
051700 TRCE S1 的lastApplied为 0 commitIndex为 0 log长度为 1
052200 TRCE S1 的lastApplied为 0 commitIndex为 0 log长度为 1
052201 TRCE S2 的lastApplied为 0 commitIndex为 0 log长度为 1
052201 TRCE S0 的lastApplied为 0 commitIndex为 0 log长度为 1
052711 TRCE S0 的lastApplied为 0 commitIndex为 0 log长度为 1
052712 TRCE S1 的lastApplied为 0 commitIndex为 0 log长度为 1
052712 TRCE S2 的lastApplied为 0 commitIndex为 0 log长度为 1
053222 TRCE S2 的lastApplied为 0 commitIndex为 0 log长度为 1
053222 TRCE S0 的lastApplied为 0 commitIndex为 0 log长度为 1
053222 TRCE S1 的lastApplied为 0 commitIndex为 0 log长度为 1
053469 VOTE S0 预选举失败，获得1票数
053733 TRCE S1 的lastApplied为 0 commitIndex为 0 log长度为 1
053733 TRCE S2 的lastApplied为 0 commitIndex为 0 log长度为 1
053733 TRCE S0 的lastApplied为 0 commitIndex为 0 log长度为 1
054244 TRCE S1 的lastApplied为 0 commitIndex为 0 log长度为 1
054244 TRCE S0 的lastApplied为 0 commitIndex为 0 log长度为 1
054244 TRCE S2 的lastApplied为 0 commitIndex为 0 log长度为 1
054745 TRCE S2 的lastApplied为 0 commitIndex为 0 log长度为 1
054746 TRCE S1 的lastApplied为 0 commitIndex为 0 log长度为 1
054746 TRCE S0 的lastApplied为 0 commitIndex为 0 log长度为 1
055256 TRCE S0 的lastApplied为 0 commitIndex为 0 log长度为 1
055256 TRCE S2 的lastApplied为 0 commitIndex为 0 log长度为 1
055256 TRCE S1 的lastApplied为 0 commitIndex为 0 log长度为 1
055766 TRCE S1 的lastApplied为 0 commitIndex为 0 log长度为 1
055767 TRCE S0 的lastApplied为 0 commitIndex为 0 log长度为 1
055767 TRCE S2 的lastApplied为 0 commitIndex为 0 log长度为 1
056277 TRCE S2 的lastApplied为 0 commitIndex为 0 log长度为 1
056277 TRCE S0 的lastApplied为 0 commitIndex为 0 log长度为 1
056277 TRCE S1 的lastApplied为 0 commitIndex为 0 log长度为 1
056783 TRCE S2 的lastApplied为 0 commitIndex为 0 log长度为 1
056783 TRCE S0 的lastApplied为 0 commitIndex为 0 log长度为 1
056783 TRCE S1 的lastApplied为 0 commitIndex为 0 log长度为 1
057294 TRCE S1 的lastApplied为 0 commitIndex为 0 log长度为 1
057294 TRCE S2 的lastApplied为 0 commitIndex为 0 log长度为 1
057294 TRCE S0 的lastApplied为 0 commitIndex为 0 log长度为 1
057547 VOTE S0 开始预选举 term为1 
057553 VOTE S0开始向2要票
057559 VOTE S0 要票，args为 {Term:2 CandidateId:0 LastLogIndex:0 LastLogTerm:-1} 投票者2条件为 log: [{Term:-1 Command:<nil>}], term: 1, votedFor: 1
057553 VOTE S0开始向1要票
057561 VOTE S0 term 2 的情况下 向2要票结束, 结果为true
057561 VOTE S0 预选举成功
057561 VOTE S0 开始正式选举
057561 VOTE S0 开始选举 term为2 
057562 VOTE S0开始向2要票
057562 VOTE S0开始向1要票
057564 VOTE S0 要票，args为 {Term:2 CandidateId:0 LastLogIndex:0 LastLogTerm:-1} 投票者2条件为 log: [{Term:-1 Command:<nil>}], term: 2, votedFor: 0
057566 VOTE S0 term 2 的情况下 向2要票结束, 结果为true
057566 LOG1 S0 选举成功
057566 VOTE S0 选举成功 term为: 2
057566 LEAD S0 成为leader
057567 LEAD S0 开始发送群体日志-----
057807 TRCE S0 的lastApplied为 0 commitIndex为 0 log长度为 1
057807 TRCE S1 的lastApplied为 0 commitIndex为 0 log长度为 1
057807 TRCE S2 的lastApplied为 0 commitIndex为 0 log长度为 1
058315 TRCE S2 的lastApplied为 0 commitIndex为 0 log长度为 1
058316 TRCE S0 的lastApplied为 0 commitIndex为 0 log长度为 1
058316 TRCE S1 的lastApplied为 0 commitIndex为 0 log长度为 1
058824 TRCE S2 的lastApplied为 0 commitIndex为 0 log长度为 1
058825 TRCE S0 的lastApplied为 0 commitIndex为 0 log长度为 1
058825 TRCE S1 的lastApplied为 0 commitIndex为 0 log长度为 1
059335 TRCE S1 的lastApplied为 0 commitIndex为 0 log长度为 1
059335 TRCE S2 的lastApplied为 0 commitIndex为 0 log长度为 1
059335 TRCE S0 的lastApplied为 0 commitIndex为 0 log长度为 1
059844 TRCE S1 的lastApplied为 0 commitIndex为 0 log长度为 1
059845 TRCE S0 的lastApplied为 0 commitIndex为 0 log长度为 1
059845 TRCE S2 的lastApplied为 0 commitIndex为 0 log长度为 1
059900 INFO S0 think itself is leader ,term is 2
059902 INFO S1 重新连接
060350 TRCE S2 的lastApplied为 0 commitIndex为 0 log长度为 1
060350 TRCE S1 的lastApplied为 0 commitIndex为 0 log长度为 1
060350 TRCE S0 的lastApplied为 0 commitIndex为 0 log长度为 1
060745 LEAD S1 给S0发送信息后放弃成为lead
060862 TRCE S0 的lastApplied为 0 commitIndex为 0 log长度为 1
060862 TRCE S2 的lastApplied为 0 commitIndex为 0 log长度为 1
060863 TRCE S1 的lastApplied为 0 commitIndex为 0 log长度为 1
061373 TRCE S0 的lastApplied为 0 commitIndex为 0 log长度为 1
061376 TRCE S2 的lastApplied为 0 commitIndex为 0 log长度为 1
061376 TRCE S1 的lastApplied为 0 commitIndex为 0 log长度为 1
061886 TRCE S1 的lastApplied为 0 commitIndex为 0 log长度为 1
061888 TRCE S2 的lastApplied为 0 commitIndex为 0 log长度为 1
061888 TRCE S0 的lastApplied为 0 commitIndex为 0 log长度为 1
062397 TRCE S0 的lastApplied为 0 commitIndex为 0 log长度为 1
062398 TRCE S1 的lastApplied为 0 commitIndex为 0 log长度为 1
062398 TRCE S2 的lastApplied为 0 commitIndex为 0 log长度为 1
062909 TRCE S2 的lastApplied为 0 commitIndex为 0 log长度为 1
062909 TRCE S1 的lastApplied为 0 commitIndex为 0 log长度为 1
062910 TRCE S0 的lastApplied为 0 commitIndex为 0 log长度为 1
063413 TRCE S0 的lastApplied为 0 commitIndex为 0 log长度为 1
063415 TRCE S2 的lastApplied为 0 commitIndex为 0 log长度为 1
063415 TRCE S1 的lastApplied为 0 commitIndex为 0 log长度为 1
063924 TRCE S0 的lastApplied为 0 commitIndex为 0 log长度为 1
063924 TRCE S2 的lastApplied为 0 commitIndex为 0 log长度为 1
063924 TRCE S1 的lastApplied为 0 commitIndex为 0 log长度为 1
064434 TRCE S1 的lastApplied为 0 commitIndex为 0 log长度为 1
064436 TRCE S0 的lastApplied为 0 commitIndex为 0 log长度为 1
064437 TRCE S2 的lastApplied为 0 commitIndex为 0 log长度为 1
064499 INFO S0 think itself is leader ,term is 2
064500 INFO S0 断开连接
064501 INFO S1 断开连接
064948 TRCE S2 的lastApplied为 0 commitIndex为 0 log长度为 1
064949 TRCE S1 的lastApplied为 0 commitIndex为 0 log长度为 1
064949 TRCE S0 的lastApplied为 0 commitIndex为 0 log长度为 1
065459 TRCE S0 的lastApplied为 0 commitIndex为 0 log长度为 1
065460 TRCE S1 的lastApplied为 0 commitIndex为 0 log长度为 1
065460 TRCE S2 的lastApplied为 0 commitIndex为 0 log长度为 1
065970 TRCE S0 的lastApplied为 0 commitIndex为 0 log长度为 1
065970 TRCE S2 的lastApplied为 0 commitIndex为 0 log长度为 1
065970 TRCE S1 的lastApplied为 0 commitIndex为 0 log长度为 1
066482 TRCE S0 的lastApplied为 0 commitIndex为 0 log长度为 1
066482 TRCE S1 的lastApplied为 0 commitIndex为 0 log长度为 1
066482 TRCE S2 的lastApplied为 0 commitIndex为 0 log长度为 1
066995 TRCE S2 的lastApplied为 0 commitIndex为 0 log长度为 1
066997 TRCE S0 的lastApplied为 0 commitIndex为 0 log长度为 1
066997 TRCE S1 的lastApplied为 0 commitIndex为 0 log长度为 1
067507 TRCE S2 的lastApplied为 0 commitIndex为 0 log长度为 1
067507 TRCE S0 的lastApplied为 0 commitIndex为 0 log长度为 1
067507 TRCE S1 的lastApplied为 0 commitIndex为 0 log长度为 1
068021 TRCE S1 的lastApplied为 0 commitIndex为 0 log长度为 1
068022 TRCE S2 的lastApplied为 0 commitIndex为 0 log长度为 1
068022 TRCE S0 的lastApplied为 0 commitIndex为 0 log长度为 1
068532 TRCE S0 的lastApplied为 0 commitIndex为 0 log长度为 1
068532 TRCE S1 的lastApplied为 0 commitIndex为 0 log长度为 1
068533 TRCE S2 的lastApplied为 0 commitIndex为 0 log长度为 1
069043 TRCE S0 的lastApplied为 0 commitIndex为 0 log长度为 1
069043 TRCE S1 的lastApplied为 0 commitIndex为 0 log长度为 1
069043 TRCE S2 的lastApplied为 0 commitIndex为 0 log长度为 1
069554 TRCE S2 的lastApplied为 0 commitIndex为 0 log长度为 1
069554 TRCE S0 的lastApplied为 0 commitIndex为 0 log长度为 1
069554 TRCE S1 的lastApplied为 0 commitIndex为 0 log长度为 1
070066 TRCE S2 的lastApplied为 0 commitIndex为 0 log长度为 1
070067 TRCE S0 的lastApplied为 0 commitIndex为 0 log长度为 1
070067 TRCE S1 的lastApplied为 0 commitIndex为 0 log长度为 1
070576 TRCE S2 的lastApplied为 0 commitIndex为 0 log长度为 1
070576 TRCE S0 的lastApplied为 0 commitIndex为 0 log长度为 1
070576 TRCE S1 的lastApplied为 0 commitIndex为 0 log长度为 1
071087 TRCE S2 的lastApplied为 0 commitIndex为 0 log长度为 1
071087 TRCE S1 的lastApplied为 0 commitIndex为 0 log长度为 1
071087 TRCE S0 的lastApplied为 0 commitIndex为 0 log长度为 1
071601 TRCE S0 的lastApplied为 0 commitIndex为 0 log长度为 1
071607 TRCE S2 的lastApplied为 0 commitIndex为 0 log长度为 1
071607 TRCE S1 的lastApplied为 0 commitIndex为 0 log长度为 1
072114 TRCE S0 的lastApplied为 0 commitIndex为 0 log长度为 1
072116 TRCE S2 的lastApplied为 0 commitIndex为 0 log长度为 1
072116 TRCE S1 的lastApplied为 0 commitIndex为 0 log长度为 1
072626 TRCE S1 的lastApplied为 0 commitIndex为 0 log长度为 1
072626 TRCE S0 的lastApplied为 0 commitIndex为 0 log长度为 1
072626 TRCE S2 的lastApplied为 0 commitIndex为 0 log长度为 1
073134 TRCE S2 的lastApplied为 0 commitIndex为 0 log长度为 1
073134 TRCE S1 的lastApplied为 0 commitIndex为 0 log长度为 1
073134 TRCE S0 的lastApplied为 0 commitIndex为 0 log长度为 1
073636 TRCE S0 的lastApplied为 0 commitIndex为 0 log长度为 1
073637 TRCE S2 的lastApplied为 0 commitIndex为 0 log长度为 1
073637 TRCE S1 的lastApplied为 0 commitIndex为 0 log长度为 1
074150 TRCE S1 的lastApplied为 0 commitIndex为 0 log长度为 1
074152 TRCE S0 的lastApplied为 0 commitIndex为 0 log长度为 1
074149 TRCE S2 的lastApplied为 0 commitIndex为 0 log长度为 1
074652 TRCE S1 的lastApplied为 0 commitIndex为 0 log长度为 1
074653 TRCE S2 的lastApplied为 0 commitIndex为 0 log长度为 1
074653 TRCE S0 的lastApplied为 0 commitIndex为 0 log长度为 1
075154 TRCE S2 的lastApplied为 0 commitIndex为 0 log长度为 1
075155 TRCE S1 的lastApplied为 0 commitIndex为 0 log长度为 1
075155 TRCE S0 的lastApplied为 0 commitIndex为 0 log长度为 1
075668 TRCE S0 的lastApplied为 0 commitIndex为 0 log长度为 1
075670 TRCE S2 的lastApplied为 0 commitIndex为 0 log长度为 1
075671 TRCE S1 的lastApplied为 0 commitIndex为 0 log长度为 1
076181 TRCE S1 的lastApplied为 0 commitIndex为 0 log长度为 1
076181 TRCE S0 的lastApplied为 0 commitIndex为 0 log长度为 1
076181 TRCE S2 的lastApplied为 0 commitIndex为 0 log长度为 1
076692 TRCE S1 的lastApplied为 0 commitIndex为 0 log长度为 1
076693 TRCE S2 的lastApplied为 0 commitIndex为 0 log长度为 1
076693 TRCE S0 的lastApplied为 0 commitIndex为 0 log长度为 1
077203 TRCE S0 的lastApplied为 0 commitIndex为 0 log长度为 1
077203 TRCE S1 的lastApplied为 0 commitIndex为 0 log长度为 1
077203 TRCE S2 的lastApplied为 0 commitIndex为 0 log长度为 1
077707 TRCE S2 的lastApplied为 0 commitIndex为 0 log长度为 1
077707 TRCE S0 的lastApplied为 0 commitIndex为 0 log长度为 1
077707 TRCE S1 的lastApplied为 0 commitIndex为 0 log长度为 1
077765 VOTE S1 开始预选举 term为2 
077766 VOTE S1开始向2要票
077766 VOTE S1开始向0要票
078217 TRCE S2 的lastApplied为 0 commitIndex为 0 log长度为 1
078218 TRCE S0 的lastApplied为 0 commitIndex为 0 log长度为 1
078719 TRCE S0 的lastApplied为 0 commitIndex为 0 log长度为 1
078719 TRCE S2 的lastApplied为 0 commitIndex为 0 log长度为 1
079068 VOTE S2 开始预选举 term为2 
079069 VOTE S2开始向1要票
079069 VOTE S2开始向0要票
079231 TRCE S0 的lastApplied为 0 commitIndex为 0 log长度为 1
079737 TRCE S0 的lastApplied为 0 commitIndex为 0 log长度为 1
080249 TRCE S0 的lastApplied为 0 commitIndex为 0 log长度为 1
080758 TRCE S0 的lastApplied为 0 commitIndex为 0 log长度为 1
081269 TRCE S0 的lastApplied为 0 commitIndex为 0 log长度为 1
081707 VOTE S1 预选举失败，获得1票数
081707 TRCE S1 的lastApplied为 0 commitIndex为 0 log长度为 1
081778 TRCE S0 的lastApplied为 0 commitIndex为 0 log长度为 1
082218 TRCE S1 的lastApplied为 0 commitIndex为 0 log长度为 1
082289 TRCE S0 的lastApplied为 0 commitIndex为 0 log长度为 1
082734 TRCE S1 的lastApplied为 0 commitIndex为 0 log长度为 1
082794 TRCE S0 的lastApplied为 0 commitIndex为 0 log长度为 1
083021 VOTE S2 预选举失败，获得1票数
083024 TRCE S2 的lastApplied为 0 commitIndex为 0 log长度为 1
083245 TRCE S1 的lastApplied为 0 commitIndex为 0 log长度为 1
083296 TRCE S0 的lastApplied为 0 commitIndex为 0 log长度为 1
083524 TRCE S2 的lastApplied为 0 commitIndex为 0 log长度为 1
083749 TRCE S1 的lastApplied为 0 commitIndex为 0 log长度为 1
083804 TRCE S0 的lastApplied为 0 commitIndex为 0 log长度为 1
084032 TRCE S2 的lastApplied为 0 commitIndex为 0 log长度为 1
084261 TRCE S1 的lastApplied为 0 commitIndex为 0 log长度为 1
084311 TRCE S0 的lastApplied为 0 commitIndex为 0 log长度为 1
084511 INFO S1 重新连接
084536 TRCE S2 的lastApplied为 0 commitIndex为 0 log长度为 1
084766 TRCE S1 的lastApplied为 0 commitIndex为 0 log长度为 1
084817 TRCE S0 的lastApplied为 0 commitIndex为 0 log长度为 1
085068 TRCE S2 的lastApplied为 0 commitIndex为 0 log长度为 1
085276 TRCE S1 的lastApplied为 0 commitIndex为 0 log长度为 1
085323 TRCE S0 的lastApplied为 0 commitIndex为 0 log长度为 1
085577 TRCE S2 的lastApplied为 0 commitIndex为 0 log长度为 1
085785 TRCE S1 的lastApplied为 0 commitIndex为 0 log长度为 1
085828 TRCE S0 的lastApplied为 0 commitIndex为 0 log长度为 1
086087 TRCE S2 的lastApplied为 0 commitIndex为 0 log长度为 1
086296 TRCE S1 的lastApplied为 0 commitIndex为 0 log长度为 1
086334 TRCE S0 的lastApplied为 0 commitIndex为 0 log长度为 1
086598 TRCE S2 的lastApplied为 0 commitIndex为 0 log长度为 1
086803 TRCE S1 的lastApplied为 0 commitIndex为 0 log长度为 1
086838 TRCE S0 的lastApplied为 0 commitIndex为 0 log长度为 1
087101 TRCE S2 的lastApplied为 0 commitIndex为 0 log长度为 1
087316 TRCE S1 的lastApplied为 0 commitIndex为 0 log长度为 1
087342 TRCE S0 的lastApplied为 0 commitIndex为 0 log长度为 1
087610 TRCE S2 的lastApplied为 0 commitIndex为 0 log长度为 1
087826 TRCE S1 的lastApplied为 0 commitIndex为 0 log长度为 1
087844 TRCE S0 的lastApplied为 0 commitIndex为 0 log长度为 1
088122 TRCE S2 的lastApplied为 0 commitIndex为 0 log长度为 1
088337 TRCE S1 的lastApplied为 0 commitIndex为 0 log长度为 1
088346 TRCE S0 的lastApplied为 0 commitIndex为 0 log长度为 1
088632 TRCE S2 的lastApplied为 0 commitIndex为 0 log长度为 1
088840 TRCE S1 的lastApplied为 0 commitIndex为 0 log长度为 1
088847 TRCE S0 的lastApplied为 0 commitIndex为 0 log长度为 1
089136 TRCE S2 的lastApplied为 0 commitIndex为 0 log长度为 1
089345 TRCE S1 的lastApplied为 0 commitIndex为 0 log长度为 1
089367 TRCE S0 的lastApplied为 0 commitIndex为 0 log长度为 1
089647 TRCE S2 的lastApplied为 0 commitIndex为 0 log长度为 1
089859 TRCE S1 的lastApplied为 0 commitIndex为 0 log长度为 1
089869 TRCE S0 的lastApplied为 0 commitIndex为 0 log长度为 1
090156 TRCE S2 的lastApplied为 0 commitIndex为 0 log长度为 1
090371 TRCE S1 的lastApplied为 0 commitIndex为 0 log长度为 1
090371 TRCE S0 的lastApplied为 0 commitIndex为 0 log长度为 1
090667 TRCE S2 的lastApplied为 0 commitIndex为 0 log长度为 1
090882 TRCE S0 的lastApplied为 0 commitIndex为 0 log长度为 1
090883 TRCE S1 的lastApplied为 0 commitIndex为 0 log长度为 1
091172 TRCE S2 的lastApplied为 0 commitIndex为 0 log长度为 1
091253 VOTE S2 开始预选举 term为2 
091257 VOTE S2开始向1要票
091257 VOTE S2开始向0要票
091262 VOTE S2 要票，args为 {Term:3 CandidateId:2 LastLogIndex:0 LastLogTerm:-1} 投票者1条件为 log: [{Term:-1 Command:<nil>}], term: 2, votedFor: -1
091264 VOTE S2 term 3 的情况下 向1要票结束, 结果为true
091265 VOTE S2 预选举成功
091265 VOTE S2 开始正式选举
091265 VOTE S2 开始选举 term为3 
091265 VOTE S2开始向1要票
091267 VOTE S2 要票，args为 {Term:3 CandidateId:2 LastLogIndex:0 LastLogTerm:-1} 投票者1条件为 log: [{Term:-1 Command:<nil>}], term: 3, votedFor: 2
091269 VOTE S2 term 3 的情况下 向1要票结束, 结果为true
091269 LOG1 S2 选举成功
091269 VOTE S2 选举成功 term为: 3
091270 LEAD S2 成为leader
091277 VOTE S2开始向0要票
091277 LEAD S2 开始发送群体日志-----
091388 TRCE S0 的lastApplied为 0 commitIndex为 0 log长度为 1
091388 TRCE S1 的lastApplied为 0 commitIndex为 0 log长度为 1
091684 TRCE S2 的lastApplied为 0 commitIndex为 0 log长度为 1
091919 TRCE S0 的lastApplied为 0 commitIndex为 0 log长度为 1
091921 TRCE S1 的lastApplied为 0 commitIndex为 0 log长度为 1
092194 TRCE S2 的lastApplied为 0 commitIndex为 0 log长度为 1
092430 TRCE S1 的lastApplied为 0 commitIndex为 0 log长度为 1
092431 TRCE S0 的lastApplied为 0 commitIndex为 0 log长度为 1
092708 TRCE S2 的lastApplied为 0 commitIndex为 0 log长度为 1
092932 TRCE S0 的lastApplied为 0 commitIndex为 0 log长度为 1
092933 TRCE S1 的lastApplied为 0 commitIndex为 0 log长度为 1
093220 TRCE S2 的lastApplied为 0 commitIndex为 0 log长度为 1
093446 TRCE S0 的lastApplied为 0 commitIndex为 0 log长度为 1
093448 TRCE S1 的lastApplied为 0 commitIndex为 0 log长度为 1
093722 TRCE S2 的lastApplied为 0 commitIndex为 0 log长度为 1
093953 TRCE S1 的lastApplied为 0 commitIndex为 0 log长度为 1
093953 TRCE S0 的lastApplied为 0 commitIndex为 0 log长度为 1
094230 TRCE S2 的lastApplied为 0 commitIndex为 0 log长度为 1
094237 INFO S2 think itself is leader ,term is 3
094238 INFO S0 重新连接
094462 TRCE S0 的lastApplied为 0 commitIndex为 0 log长度为 1
094463 TRCE S1 的lastApplied为 0 commitIndex为 0 log长度为 1
094741 TRCE S2 的lastApplied为 0 commitIndex为 0 log长度为 1
094973 TRCE S1 的lastApplied为 0 commitIndex为 0 log长度为 1
094973 TRCE S0 的lastApplied为 0 commitIndex为 0 log长度为 1
095251 TRCE S2 的lastApplied为 0 commitIndex为 0 log长度为 1
095494 TRCE S0 的lastApplied为 0 commitIndex为 0 log长度为 1
095494 TRCE S1 的lastApplied为 0 commitIndex为 0 log长度为 1
095761 TRCE S2 的lastApplied为 0 commitIndex为 0 log长度为 1
096005 TRCE S1 的lastApplied为 0 commitIndex为 0 log长度为 1
096005 TRCE S0 的lastApplied为 0 commitIndex为 0 log长度为 1
096289 TRCE S2 的lastApplied为 0 commitIndex为 0 log长度为 1
096516 TRCE S0 的lastApplied为 0 commitIndex为 0 log长度为 1
096518 TRCE S1 的lastApplied为 0 commitIndex为 0 log长度为 1
096795 TRCE S2 的lastApplied为 0 commitIndex为 0 log长度为 1
097031 TRCE S0 的lastApplied为 0 commitIndex为 0 log长度为 1
097033 TRCE S1 的lastApplied为 0 commitIndex为 0 log长度为 1
097298 TRCE S2 的lastApplied为 0 commitIndex为 0 log长度为 1
097542 TRCE S1 的lastApplied为 0 commitIndex为 0 log长度为 1
097543 TRCE S0 的lastApplied为 0 commitIndex为 0 log长度为 1
097803 TRCE S2 的lastApplied为 0 commitIndex为 0 log长度为 1
098053 TRCE S0 的lastApplied为 0 commitIndex为 0 log长度为 1
098054 TRCE S1 的lastApplied为 0 commitIndex为 0 log长度为 1
098304 TRCE S2 的lastApplied为 0 commitIndex为 0 log长度为 1
098565 TRCE S0 的lastApplied为 0 commitIndex为 0 log长度为 1
098565 TRCE S1 的lastApplied为 0 commitIndex为 0 log长度为 1
098807 TRCE S2 的lastApplied为 0 commitIndex为 0 log长度为 1
098927 INFO S2 think itself is leader ,term is 3
  ... Passed --   5.8  3   76   14864    0
Test (2A): multiple elections ...
098944 TRCE S0 的lastApplied为 0 commitIndex为 0 log长度为 1
098945 TRCE S4 的lastApplied为 0 commitIndex为 0 log长度为 1
098945 TRCE S3 的lastApplied为 0 commitIndex为 0 log长度为 1
098946 TRCE S5 的lastApplied为 0 commitIndex为 0 log长度为 1
098946 TRCE S1 的lastApplied为 0 commitIndex为 0 log长度为 1
098946 TRCE S2 的lastApplied为 0 commitIndex为 0 log长度为 1
098946 TRCE S6 的lastApplied为 0 commitIndex为 0 log长度为 1
099456 TRCE S2 的lastApplied为 0 commitIndex为 0 log长度为 1
099456 TRCE S6 的lastApplied为 0 commitIndex为 0 log长度为 1
099456 TRCE S3 的lastApplied为 0 commitIndex为 0 log长度为 1
099456 TRCE S4 的lastApplied为 0 commitIndex为 0 log长度为 1
099456 TRCE S0 的lastApplied为 0 commitIndex为 0 log长度为 1
099456 TRCE S5 的lastApplied为 0 commitIndex为 0 log长度为 1
099456 TRCE S1 的lastApplied为 0 commitIndex为 0 log长度为 1
099967 TRCE S1 的lastApplied为 0 commitIndex为 0 log长度为 1
099967 TRCE S2 的lastApplied为 0 commitIndex为 0 log长度为 1
099968 TRCE S6 的lastApplied为 0 commitIndex为 0 log长度为 1
099968 TRCE S3 的lastApplied为 0 commitIndex为 0 log长度为 1
099968 TRCE S4 的lastApplied为 0 commitIndex为 0 log长度为 1
099968 TRCE S0 的lastApplied为 0 commitIndex为 0 log长度为 1
099968 TRCE S5 的lastApplied为 0 commitIndex为 0 log长度为 1
100471 TRCE S2 的lastApplied为 0 commitIndex为 0 log长度为 1
100471 TRCE S1 的lastApplied为 0 commitIndex为 0 log长度为 1
100472 TRCE S6 的lastApplied为 0 commitIndex为 0 log长度为 1
100472 TRCE S3 的lastApplied为 0 commitIndex为 0 log长度为 1
100472 TRCE S4 的lastApplied为 0 commitIndex为 0 log长度为 1
100472 TRCE S0 的lastApplied为 0 commitIndex为 0 log长度为 1
100472 TRCE S5 的lastApplied为 0 commitIndex为 0 log长度为 1
100982 TRCE S5 的lastApplied为 0 commitIndex为 0 log长度为 1
100983 TRCE S6 的lastApplied为 0 commitIndex为 0 log长度为 1
100983 TRCE S1 的lastApplied为 0 commitIndex为 0 log长度为 1
100983 TRCE S2 的lastApplied为 0 commitIndex为 0 log长度为 1
100983 TRCE S4 的lastApplied为 0 commitIndex为 0 log长度为 1
100983 TRCE S0 的lastApplied为 0 commitIndex为 0 log长度为 1
100983 TRCE S3 的lastApplied为 0 commitIndex为 0 log长度为 1
101162 VOTE S1 退出预选举
101496 TRCE S2 的lastApplied为 0 commitIndex为 0 log长度为 1
101496 TRCE S3 的lastApplied为 0 commitIndex为 0 log长度为 1
101497 TRCE S4 的lastApplied为 0 commitIndex为 0 log长度为 1
101497 TRCE S0 的lastApplied为 0 commitIndex为 0 log长度为 1
101497 TRCE S6 的lastApplied为 0 commitIndex为 0 log长度为 1
101497 TRCE S1 的lastApplied为 0 commitIndex为 0 log长度为 1
101497 TRCE S5 的lastApplied为 0 commitIndex为 0 log长度为 1
102004 TRCE S2 的lastApplied为 0 commitIndex为 0 log长度为 1
102005 TRCE S5 的lastApplied为 0 commitIndex为 0 log长度为 1
102005 TRCE S6 的lastApplied为 0 commitIndex为 0 log长度为 1
102005 TRCE S0 的lastApplied为 0 commitIndex为 0 log长度为 1
102005 TRCE S3 的lastApplied为 0 commitIndex为 0 log长度为 1
102005 TRCE S4 的lastApplied为 0 commitIndex为 0 log长度为 1
102005 TRCE S1 的lastApplied为 0 commitIndex为 0 log长度为 1
102516 TRCE S4 的lastApplied为 0 commitIndex为 0 log长度为 1
102517 TRCE S5 的lastApplied为 0 commitIndex为 0 log长度为 1
102518 TRCE S6 的lastApplied为 0 commitIndex为 0 log长度为 1
102518 TRCE S0 的lastApplied为 0 commitIndex为 0 log长度为 1
102518 TRCE S1 的lastApplied为 0 commitIndex为 0 log长度为 1
102519 TRCE S2 的lastApplied为 0 commitIndex为 0 log长度为 1
102519 TRCE S3 的lastApplied为 0 commitIndex为 0 log长度为 1
103028 TRCE S2 的lastApplied为 0 commitIndex为 0 log长度为 1
103030 TRCE S5 的lastApplied为 0 commitIndex为 0 log长度为 1
103030 TRCE S3 的lastApplied为 0 commitIndex为 0 log长度为 1
103030 TRCE S4 的lastApplied为 0 commitIndex为 0 log长度为 1
103031 TRCE S1 的lastApplied为 0 commitIndex为 0 log长度为 1
103031 TRCE S6 的lastApplied为 0 commitIndex为 0 log长度为 1
103031 TRCE S0 的lastApplied为 0 commitIndex为 0 log长度为 1
103542 TRCE S0 的lastApplied为 0 commitIndex为 0 log长度为 1
103542 TRCE S5 的lastApplied为 0 commitIndex为 0 log长度为 1
103543 TRCE S3 的lastApplied为 0 commitIndex为 0 log长度为 1
103543 TRCE S4 的lastApplied为 0 commitIndex为 0 log长度为 1
103543 TRCE S1 的lastApplied为 0 commitIndex为 0 log长度为 1
103543 TRCE S6 的lastApplied为 0 commitIndex为 0 log长度为 1
103543 TRCE S2 的lastApplied为 0 commitIndex为 0 log长度为 1
104053 TRCE S2 的lastApplied为 0 commitIndex为 0 log长度为 1
104056 TRCE S0 的lastApplied为 0 commitIndex为 0 log长度为 1
104056 TRCE S5 的lastApplied为 0 commitIndex为 0 log长度为 1
104056 TRCE S3 的lastApplied为 0 commitIndex为 0 log长度为 1
104056 TRCE S4 的lastApplied为 0 commitIndex为 0 log长度为 1
104057 TRCE S1 的lastApplied为 0 commitIndex为 0 log长度为 1
104057 TRCE S6 的lastApplied为 0 commitIndex为 0 log长度为 1
104566 TRCE S6 的lastApplied为 0 commitIndex为 0 log长度为 1
104567 TRCE S5 的lastApplied为 0 commitIndex为 0 log长度为 1
104567 TRCE S2 的lastApplied为 0 commitIndex为 0 log长度为 1
104567 TRCE S0 的lastApplied为 0 commitIndex为 0 log长度为 1
104567 TRCE S4 的lastApplied为 0 commitIndex为 0 log长度为 1
104567 TRCE S3 的lastApplied为 0 commitIndex为 0 log长度为 1
104567 TRCE S1 的lastApplied为 0 commitIndex为 0 log长度为 1
105079 TRCE S1 的lastApplied为 0 commitIndex为 0 log长度为 1
105080 TRCE S6 的lastApplied为 0 commitIndex为 0 log长度为 1
105080 TRCE S5 的lastApplied为 0 commitIndex为 0 log长度为 1
105081 TRCE S2 的lastApplied为 0 commitIndex为 0 log长度为 1
105081 TRCE S0 的lastApplied为 0 commitIndex为 0 log长度为 1
105081 TRCE S4 的lastApplied为 0 commitIndex为 0 log长度为 1
105081 TRCE S3 的lastApplied为 0 commitIndex为 0 log长度为 1
105591 TRCE S3 的lastApplied为 0 commitIndex为 0 log长度为 1
105591 TRCE S5 的lastApplied为 0 commitIndex为 0 log长度为 1
105592 TRCE S1 的lastApplied为 0 commitIndex为 0 log长度为 1
105592 TRCE S6 的lastApplied为 0 commitIndex为 0 log长度为 1
105592 TRCE S0 的lastApplied为 0 commitIndex为 0 log长度为 1
105592 TRCE S2 的lastApplied为 0 commitIndex为 0 log长度为 1
105592 TRCE S4 的lastApplied为 0 commitIndex为 0 log长度为 1
106104 TRCE S4 的lastApplied为 0 commitIndex为 0 log长度为 1
106106 TRCE S3 的lastApplied为 0 commitIndex为 0 log长度为 1
106107 TRCE S5 的lastApplied为 0 commitIndex为 0 log长度为 1
106107 TRCE S1 的lastApplied为 0 commitIndex为 0 log长度为 1
106107 TRCE S6 的lastApplied为 0 commitIndex为 0 log长度为 1
106107 TRCE S0 的lastApplied为 0 commitIndex为 0 log长度为 1
106107 TRCE S2 的lastApplied为 0 commitIndex为 0 log长度为 1
106432 VOTE S0 退出预选举
106617 TRCE S2 的lastApplied为 0 commitIndex为 0 log长度为 1
106617 TRCE S5 的lastApplied为 0 commitIndex为 0 log长度为 1
106617 TRCE S4 的lastApplied为 0 commitIndex为 0 log长度为 1
106617 TRCE S3 的lastApplied为 0 commitIndex为 0 log长度为 1
106617 TRCE S6 的lastApplied为 0 commitIndex为 0 log长度为 1
106617 TRCE S1 的lastApplied为 0 commitIndex为 0 log长度为 1
106617 TRCE S0 的lastApplied为 0 commitIndex为 0 log长度为 1
107128 TRCE S0 的lastApplied为 0 commitIndex为 0 log长度为 1
107128 TRCE S4 的lastApplied为 0 commitIndex为 0 log长度为 1
107128 TRCE S2 的lastApplied为 0 commitIndex为 0 log长度为 1
107128 TRCE S5 的lastApplied为 0 commitIndex为 0 log长度为 1
107128 TRCE S3 的lastApplied为 0 commitIndex为 0 log长度为 1
107128 TRCE S1 的lastApplied为 0 commitIndex为 0 log长度为 1
107128 TRCE S6 的lastApplied为 0 commitIndex为 0 log长度为 1
107516 VOTE S3 开始预选举 term为0 
107520 VOTE S3开始向6要票
107523 VOTE S3 要票，args为 {Term:1 CandidateId:3 LastLogIndex:0 LastLogTerm:-1} 投票者6条件为 log: [{Term:-1 Command:<nil>}], term: 0, votedFor: -1
107525 VOTE S3 term 1 的情况下 向6要票结束, 结果为true
107525 VOTE S3开始向0要票
107526 VOTE S3 要票，args为 {Term:1 CandidateId:3 LastLogIndex:0 LastLogTerm:-1} 投票者0条件为 log: [{Term:-1 Command:<nil>}], term: 0, votedFor: -1
107528 VOTE S3 term 1 的情况下 向0要票结束, 结果为true
107529 VOTE S3开始向1要票
107530 VOTE S3 要票，args为 {Term:1 CandidateId:3 LastLogIndex:0 LastLogTerm:-1} 投票者1条件为 log: [{Term:-1 Command:<nil>}], term: 0, votedFor: -1
107531 VOTE S3 term 1 的情况下 向1要票结束, 结果为true
107531 VOTE S3 预选举成功
107535 VOTE S3 开始正式选举
107535 VOTE S3 开始选举 term为1 
107535 VOTE S3开始向6要票
107537 VOTE S3 要票，args为 {Term:1 CandidateId:3 LastLogIndex:0 LastLogTerm:-1} 投票者6条件为 log: [{Term:-1 Command:<nil>}], term: 1, votedFor: 3
107538 VOTE S3 term 1 的情况下 向6要票结束, 结果为true
107538 VOTE S3开始向2要票
107539 VOTE S3 要票，args为 {Term:1 CandidateId:3 LastLogIndex:0 LastLogTerm:-1} 投票者2条件为 log: [{Term:-1 Command:<nil>}], term: 0, votedFor: -1
107540 VOTE S3 term 1 的情况下 向2要票结束, 结果为true
107541 VOTE S3开始向2要票
107541 VOTE S3开始向1要票
107542 VOTE S3 要票，args为 {Term:1 CandidateId:3 LastLogIndex:0 LastLogTerm:-1} 投票者2条件为 log: [{Term:-1 Command:<nil>}], term: 1, votedFor: 3
107543 VOTE S3 term 1 的情况下 向2要票结束, 结果为true
107543 LOG1 S3 选举成功
107542 VOTE S3 要票，args为 {Term:1 CandidateId:3 LastLogIndex:0 LastLogTerm:-1} 投票者1条件为 log: [{Term:-1 Command:<nil>}], term: 1, votedFor: 3
107543 VOTE S3开始向4要票
107544 VOTE S3 term 1 的情况下 向1要票结束, 结果为true
107544 VOTE S3 要票，args为 {Term:1 CandidateId:3 LastLogIndex:0 LastLogTerm:-1} 投票者4条件为 log: [{Term:-1 Command:<nil>}], term: 0, votedFor: -1
107544 VOTE S3开始向5要票
107545 VOTE S3 term 1 的情况下 向4要票结束, 结果为true
107545 VOTE S3开始向5要票
107545 VOTE S3 要票，args为 {Term:1 CandidateId:3 LastLogIndex:0 LastLogTerm:-1} 投票者5条件为 log: [{Term:-1 Command:<nil>}], term: 0, votedFor: -1
107546 VOTE S3 要票，args为 {Term:1 CandidateId:3 LastLogIndex:0 LastLogTerm:-1} 投票者5条件为 log: [{Term:-1 Command:<nil>}], term: 1, votedFor: 3
107546 VOTE S3 term 1 的情况下 向5要票结束, 结果为true
107546 VOTE S3开始向0要票
107546 VOTE S3 term 1 的情况下 向5要票结束, 结果为true
107544 VOTE S3开始向4要票
107547 VOTE S3 要票，args为 {Term:1 CandidateId:3 LastLogIndex:0 LastLogTerm:-1} 投票者0条件为 log: [{Term:-1 Command:<nil>}], term: 1, votedFor: 3
107547 VOTE S3 要票，args为 {Term:1 CandidateId:3 LastLogIndex:0 LastLogTerm:-1} 投票者4条件为 log: [{Term:-1 Command:<nil>}], term: 1, votedFor: 3
107548 VOTE S3 term 1 的情况下 向0要票结束, 结果为true
107548 VOTE S3 term 1 的情况下 向4要票结束, 结果为true
107543 VOTE S3 选举成功 term为: 1
107548 LEAD S3 成为leader
107548 LEAD S3 开始发送群体日志-----
107636 TRCE S6 的lastApplied为 0 commitIndex为 0 log长度为 1
107636 TRCE S2 的lastApplied为 0 commitIndex为 0 log长度为 1
107636 TRCE S0 的lastApplied为 0 commitIndex为 0 log长度为 1
107636 TRCE S4 的lastApplied为 0 commitIndex为 0 log长度为 1
107636 TRCE S3 的lastApplied为 0 commitIndex为 0 log长度为 1
107636 TRCE S5 的lastApplied为 0 commitIndex为 0 log长度为 1
107636 TRCE S1 的lastApplied为 0 commitIndex为 0 log长度为 1
108146 TRCE S1 的lastApplied为 0 commitIndex为 0 log长度为 1
108147 TRCE S6 的lastApplied为 0 commitIndex为 0 log长度为 1
108147 TRCE S2 的lastApplied为 0 commitIndex为 0 log长度为 1
108147 TRCE S0 的lastApplied为 0 commitIndex为 0 log长度为 1
108147 TRCE S4 的lastApplied为 0 commitIndex为 0 log长度为 1
108147 TRCE S3 的lastApplied为 0 commitIndex为 0 log长度为 1
108148 TRCE S5 的lastApplied为 0 commitIndex为 0 log长度为 1
108641 INFO S3 think itself is leader ,term is 1
==================第 0 轮===========================
108649 TRCE S4 的lastApplied为 0 commitIndex为 0 log长度为 1
108650 TRCE S2 的lastApplied为 0 commitIndex为 0 log长度为 1
108650 TRCE S3 的lastApplied为 0 commitIndex为 0 log长度为 1
108650 TRCE S5 的lastApplied为 0 commitIndex为 0 log长度为 1
108650 TRCE S1 的lastApplied为 0 commitIndex为 0 log长度为 1
108650 TRCE S0 的lastApplied为 0 commitIndex为 0 log长度为 1
108649 TRCE S6 的lastApplied为 0 commitIndex为 0 log长度为 1
109152 TRCE S6 的lastApplied为 0 commitIndex为 0 log长度为 1
109152 TRCE S5 的lastApplied为 0 commitIndex为 0 log长度为 1
109152 TRCE S4 的lastApplied为 0 commitIndex为 0 log长度为 1
109152 TRCE S3 的lastApplied为 0 commitIndex为 0 log长度为 1
109152 TRCE S1 的lastApplied为 0 commitIndex为 0 log长度为 1
109153 TRCE S0 的lastApplied为 0 commitIndex为 0 log长度为 1
109153 TRCE S2 的lastApplied为 0 commitIndex为 0 log长度为 1
109664 TRCE S2 的lastApplied为 0 commitIndex为 0 log长度为 1
109667 TRCE S6 的lastApplied为 0 commitIndex为 0 log长度为 1
109667 TRCE S5 的lastApplied为 0 commitIndex为 0 log长度为 1
109668 TRCE S4 的lastApplied为 0 commitIndex为 0 log长度为 1
109668 TRCE S3 的lastApplied为 0 commitIndex为 0 log长度为 1
109668 TRCE S1 的lastApplied为 0 commitIndex为 0 log长度为 1
109668 TRCE S0 的lastApplied为 0 commitIndex为 0 log长度为 1
110177 TRCE S0 的lastApplied为 0 commitIndex为 0 log长度为 1
110177 TRCE S5 的lastApplied为 0 commitIndex为 0 log长度为 1
110178 TRCE S2 的lastApplied为 0 commitIndex为 0 log长度为 1
110178 TRCE S6 的lastApplied为 0 commitIndex为 0 log长度为 1
110178 TRCE S3 的lastApplied为 0 commitIndex为 0 log长度为 1
110178 TRCE S4 的lastApplied为 0 commitIndex为 0 log长度为 1
110178 TRCE S1 的lastApplied为 0 commitIndex为 0 log长度为 1
110695 TRCE S1 的lastApplied为 0 commitIndex为 0 log长度为 1
110708 TRCE S0 的lastApplied为 0 commitIndex为 0 log长度为 1
110708 TRCE S5 的lastApplied为 0 commitIndex为 0 log长度为 1
110708 TRCE S2 的lastApplied为 0 commitIndex为 0 log长度为 1
110709 TRCE S6 的lastApplied为 0 commitIndex为 0 log长度为 1
110709 TRCE S3 的lastApplied为 0 commitIndex为 0 log长度为 1
110709 TRCE S4 的lastApplied为 0 commitIndex为 0 log长度为 1
111217 TRCE S4 的lastApplied为 0 commitIndex为 0 log长度为 1
111217 TRCE S5 的lastApplied为 0 commitIndex为 0 log长度为 1
111217 TRCE S1 的lastApplied为 0 commitIndex为 0 log长度为 1
111217 TRCE S0 的lastApplied为 0 commitIndex为 0 log长度为 1
111217 TRCE S6 的lastApplied为 0 commitIndex为 0 log长度为 1
111217 TRCE S2 的lastApplied为 0 commitIndex为 0 log长度为 1
111217 TRCE S3 的lastApplied为 0 commitIndex为 0 log长度为 1
111719 TRCE S3 的lastApplied为 0 commitIndex为 0 log长度为 1
111720 TRCE S1 的lastApplied为 0 commitIndex为 0 log长度为 1
111720 TRCE S4 的lastApplied为 0 commitIndex为 0 log长度为 1
111720 TRCE S5 的lastApplied为 0 commitIndex为 0 log长度为 1
111720 TRCE S6 的lastApplied为 0 commitIndex为 0 log长度为 1
111720 TRCE S0 的lastApplied为 0 commitIndex为 0 log长度为 1
111720 TRCE S2 的lastApplied为 0 commitIndex为 0 log长度为 1
112245 TRCE S2 的lastApplied为 0 commitIndex为 0 log长度为 1
112246 TRCE S3 的lastApplied为 0 commitIndex为 0 log长度为 1
112247 TRCE S1 的lastApplied为 0 commitIndex为 0 log长度为 1
112247 TRCE S4 的lastApplied为 0 commitIndex为 0 log长度为 1
112247 TRCE S5 的lastApplied为 0 commitIndex为 0 log长度为 1
112247 TRCE S6 的lastApplied为 0 commitIndex为 0 log长度为 1
112247 TRCE S0 的lastApplied为 0 commitIndex为 0 log长度为 1
112758 TRCE S0 的lastApplied为 0 commitIndex为 0 log长度为 1
112758 TRCE S1 的lastApplied为 0 commitIndex为 0 log长度为 1
112758 TRCE S2 的lastApplied为 0 commitIndex为 0 log长度为 1
112758 TRCE S3 的lastApplied为 0 commitIndex为 0 log长度为 1
112758 TRCE S5 的lastApplied为 0 commitIndex为 0 log长度为 1
112758 TRCE S4 的lastApplied为 0 commitIndex为 0 log长度为 1
112758 TRCE S6 的lastApplied为 0 commitIndex为 0 log长度为 1
113212 INFO S3 think itself is leader ,term is 1
==================第 0 轮check完成===========================
==================第 1 轮===========================
113267 TRCE S6 的lastApplied为 0 commitIndex为 0 log长度为 1
113267 TRCE S0 的lastApplied为 0 commitIndex为 0 log长度为 1
113267 TRCE S1 的lastApplied为 0 commitIndex为 0 log长度为 1
113268 TRCE S2 的lastApplied为 0 commitIndex为 0 log长度为 1
113268 TRCE S3 的lastApplied为 0 commitIndex为 0 log长度为 1
113268 TRCE S5 的lastApplied为 0 commitIndex为 0 log长度为 1
113268 TRCE S4 的lastApplied为 0 commitIndex为 0 log长度为 1
113776 TRCE S4 的lastApplied为 0 commitIndex为 0 log长度为 1
113778 TRCE S6 的lastApplied为 0 commitIndex为 0 log长度为 1
113778 TRCE S0 的lastApplied为 0 commitIndex为 0 log长度为 1
113778 TRCE S1 的lastApplied为 0 commitIndex为 0 log长度为 1
113779 TRCE S2 的lastApplied为 0 commitIndex为 0 log长度为 1
113779 TRCE S3 的lastApplied为 0 commitIndex为 0 log长度为 1
113779 TRCE S5 的lastApplied为 0 commitIndex为 0 log长度为 1
114288 TRCE S5 的lastApplied为 0 commitIndex为 0 log长度为 1
114288 TRCE S0 的lastApplied为 0 commitIndex为 0 log长度为 1
114288 TRCE S4 的lastApplied为 0 commitIndex为 0 log长度为 1
114289 TRCE S6 的lastApplied为 0 commitIndex为 0 log长度为 1
114289 TRCE S2 的lastApplied为 0 commitIndex为 0 log长度为 1
114289 TRCE S1 的lastApplied为 0 commitIndex为 0 log长度为 1
114289 TRCE S3 的lastApplied为 0 commitIndex为 0 log长度为 1
114800 TRCE S3 的lastApplied为 0 commitIndex为 0 log长度为 1
114800 TRCE S4 的lastApplied为 0 commitIndex为 0 log长度为 1
114800 TRCE S5 的lastApplied为 0 commitIndex为 0 log长度为 1
114801 TRCE S0 的lastApplied为 0 commitIndex为 0 log长度为 1
114801 TRCE S2 的lastApplied为 0 commitIndex为 0 log长度为 1
114801 TRCE S6 的lastApplied为 0 commitIndex为 0 log长度为 1
114801 TRCE S1 的lastApplied为 0 commitIndex为 0 log长度为 1
115303 TRCE S6 的lastApplied为 0 commitIndex为 0 log长度为 1
115315 TRCE S1 的lastApplied为 0 commitIndex为 0 log长度为 1
115315 TRCE S3 的lastApplied为 0 commitIndex为 0 log长度为 1
115315 TRCE S4 的lastApplied为 0 commitIndex为 0 log长度为 1
115315 TRCE S5 的lastApplied为 0 commitIndex为 0 log长度为 1
115315 TRCE S0 的lastApplied为 0 commitIndex为 0 log长度为 1
115315 TRCE S2 的lastApplied为 0 commitIndex为 0 log长度为 1
115825 TRCE S2 的lastApplied为 0 commitIndex为 0 log长度为 1
115825 TRCE S3 的lastApplied为 0 commitIndex为 0 log长度为 1
115826 TRCE S6 的lastApplied为 0 commitIndex为 0 log长度为 1
115826 TRCE S1 的lastApplied为 0 commitIndex为 0 log长度为 1
115826 TRCE S0 的lastApplied为 0 commitIndex为 0 log长度为 1
115826 TRCE S5 的lastApplied为 0 commitIndex为 0 log长度为 1
115826 TRCE S4 的lastApplied为 0 commitIndex为 0 log长度为 1
116337 TRCE S4 的lastApplied为 0 commitIndex为 0 log长度为 1
116337 TRCE S6 的lastApplied为 0 commitIndex为 0 log长度为 1
116337 TRCE S2 的lastApplied为 0 commitIndex为 0 log长度为 1
116337 TRCE S3 的lastApplied为 0 commitIndex为 0 log长度为 1
116337 TRCE S0 的lastApplied为 0 commitIndex为 0 log长度为 1
116337 TRCE S1 的lastApplied为 0 commitIndex为 0 log长度为 1
116337 TRCE S5 的lastApplied为 0 commitIndex为 0 log长度为 1
116842 TRCE S2 的lastApplied为 0 commitIndex为 0 log长度为 1
116842 TRCE S5 的lastApplied为 0 commitIndex为 0 log长度为 1
116843 TRCE S3 的lastApplied为 0 commitIndex为 0 log长度为 1
116843 TRCE S0 的lastApplied为 0 commitIndex为 0 log长度为 1
116843 TRCE S1 的lastApplied为 0 commitIndex为 0 log长度为 1
116843 TRCE S4 的lastApplied为 0 commitIndex为 0 log长度为 1
116843 TRCE S6 的lastApplied为 0 commitIndex为 0 log长度为 1
117347 TRCE S6 的lastApplied为 0 commitIndex为 0 log长度为 1
117347 TRCE S3 的lastApplied为 0 commitIndex为 0 log长度为 1
117347 TRCE S2 的lastApplied为 0 commitIndex为 0 log长度为 1
117347 TRCE S5 的lastApplied为 0 commitIndex为 0 log长度为 1
117347 TRCE S1 的lastApplied为 0 commitIndex为 0 log长度为 1
117347 TRCE S0 的lastApplied为 0 commitIndex为 0 log长度为 1
117347 TRCE S4 的lastApplied为 0 commitIndex为 0 log长度为 1
117617 VOTE S1 开始预选举 term为1 
117620 VOTE S1开始向6要票
117621 VOTE S1开始向0要票
117622 VOTE S1开始向2要票
117622 VOTE S1开始向3要票
117623 VOTE S1开始向4要票
117623 VOTE S1开始向5要票
117860 TRCE S4 的lastApplied为 0 commitIndex为 0 log长度为 1
117862 TRCE S6 的lastApplied为 0 commitIndex为 0 log长度为 1
117862 TRCE S0 的lastApplied为 0 commitIndex为 0 log长度为 1
117862 TRCE S2 的lastApplied为 0 commitIndex为 0 log长度为 1
117862 TRCE S5 的lastApplied为 0 commitIndex为 0 log长度为 1
117862 TRCE S3 的lastApplied为 0 commitIndex为 0 log长度为 1
117910 VOTE S6 开始预选举 term为1 
117912 VOTE S6开始向0要票
117913 VOTE S6开始向1要票
117914 VOTE S6开始向2要票
117914 VOTE S6开始向5要票
117915 VOTE S6开始向3要票
117915 VOTE S6开始向4要票
118251 INFO S3 think itself is leader ,term is 1
==================第 1 轮check完成===========================
==================第 2 轮===========================
118374 TRCE S3 的lastApplied为 0 commitIndex为 0 log长度为 1
118375 TRCE S4 的lastApplied为 0 commitIndex为 0 log长度为 1
118375 TRCE S0 的lastApplied为 0 commitIndex为 0 log长度为 1
118375 TRCE S2 的lastApplied为 0 commitIndex为 0 log长度为 1
118375 TRCE S5 的lastApplied为 0 commitIndex为 0 log长度为 1
118885 TRCE S4 的lastApplied为 0 commitIndex为 0 log长度为 1
118885 TRCE S5 的lastApplied为 0 commitIndex为 0 log长度为 1
118886 TRCE S0 的lastApplied为 0 commitIndex为 0 log长度为 1
118886 TRCE S2 的lastApplied为 0 commitIndex为 0 log长度为 1
118886 TRCE S3 的lastApplied为 0 commitIndex为 0 log长度为 1
119395 TRCE S5 的lastApplied为 0 commitIndex为 0 log长度为 1
119395 TRCE S3 的lastApplied为 0 commitIndex为 0 log长度为 1
119395 TRCE S0 的lastApplied为 0 commitIndex为 0 log长度为 1
119395 TRCE S2 的lastApplied为 0 commitIndex为 0 log长度为 1
119396 TRCE S4 的lastApplied为 0 commitIndex为 0 log长度为 1
119899 TRCE S4 的lastApplied为 0 commitIndex为 0 log长度为 1
119899 TRCE S3 的lastApplied为 0 commitIndex为 0 log长度为 1
119899 TRCE S5 的lastApplied为 0 commitIndex为 0 log长度为 1
119899 TRCE S0 的lastApplied为 0 commitIndex为 0 log长度为 1
119899 TRCE S2 的lastApplied为 0 commitIndex为 0 log长度为 1
120400 TRCE S2 的lastApplied为 0 commitIndex为 0 log长度为 1
120400 TRCE S5 的lastApplied为 0 commitIndex为 0 log长度为 1
120400 TRCE S3 的lastApplied为 0 commitIndex为 0 log长度为 1
120400 TRCE S4 的lastApplied为 0 commitIndex为 0 log长度为 1
120401 TRCE S0 的lastApplied为 0 commitIndex为 0 log长度为 1
120911 TRCE S0 的lastApplied为 0 commitIndex为 0 log长度为 1
120911 TRCE S3 的lastApplied为 0 commitIndex为 0 log长度为 1
120911 TRCE S4 的lastApplied为 0 commitIndex为 0 log长度为 1
120911 TRCE S5 的lastApplied为 0 commitIndex为 0 log长度为 1
120911 TRCE S2 的lastApplied为 0 commitIndex为 0 log长度为 1
121245 VOTE S6 预选举失败，获得1票数
121245 TRCE S6 的lastApplied为 0 commitIndex为 0 log长度为 1
121421 TRCE S0 的lastApplied为 0 commitIndex为 0 log长度为 1
121421 TRCE S2 的lastApplied为 0 commitIndex为 0 log长度为 1
121421 TRCE S3 的lastApplied为 0 commitIndex为 0 log长度为 1
121421 TRCE S4 的lastApplied为 0 commitIndex为 0 log长度为 1
121421 TRCE S5 的lastApplied为 0 commitIndex为 0 log长度为 1
121421 VOTE S1 预选举失败，获得1票数
121422 TRCE S1 的lastApplied为 0 commitIndex为 0 log长度为 1
121755 TRCE S6 的lastApplied为 0 commitIndex为 0 log长度为 1
121932 TRCE S1 的lastApplied为 0 commitIndex为 0 log长度为 1
121932 TRCE S0 的lastApplied为 0 commitIndex为 0 log长度为 1
121932 TRCE S2 的lastApplied为 0 commitIndex为 0 log长度为 1
121932 TRCE S3 的lastApplied为 0 commitIndex为 0 log长度为 1
121932 TRCE S4 的lastApplied为 0 commitIndex为 0 log长度为 1
121932 TRCE S5 的lastApplied为 0 commitIndex为 0 log长度为 1
122265 TRCE S6 的lastApplied为 0 commitIndex为 0 log长度为 1
122443 TRCE S5 的lastApplied为 0 commitIndex为 0 log长度为 1
122443 TRCE S4 的lastApplied为 0 commitIndex为 0 log长度为 1
122443 TRCE S2 的lastApplied为 0 commitIndex为 0 log长度为 1
122443 TRCE S1 的lastApplied为 0 commitIndex为 0 log长度为 1
122443 TRCE S0 的lastApplied为 0 commitIndex为 0 log长度为 1
122443 TRCE S3 的lastApplied为 0 commitIndex为 0 log长度为 1
122776 TRCE S6 的lastApplied为 0 commitIndex为 0 log长度为 1
122953 TRCE S5 的lastApplied为 0 commitIndex为 0 log长度为 1
122954 TRCE S3 的lastApplied为 0 commitIndex为 0 log长度为 1
122954 TRCE S0 的lastApplied为 0 commitIndex为 0 log长度为 1
122954 TRCE S2 的lastApplied为 0 commitIndex为 0 log长度为 1
122954 TRCE S4 的lastApplied为 0 commitIndex为 0 log长度为 1
122954 TRCE S1 的lastApplied为 0 commitIndex为 0 log长度为 1
123213 INFO S3 think itself is leader ,term is 1
==================第 2 轮check完成===========================
==================第 3 轮===========================
123284 TRCE S6 的lastApplied为 0 commitIndex为 0 log长度为 1
123464 TRCE S3 的lastApplied为 0 commitIndex为 0 log长度为 1
123466 TRCE S1 的lastApplied为 0 commitIndex为 0 log长度为 1
123466 TRCE S5 的lastApplied为 0 commitIndex为 0 log长度为 1
123466 TRCE S0 的lastApplied为 0 commitIndex为 0 log长度为 1
123466 TRCE S2 的lastApplied为 0 commitIndex为 0 log长度为 1
123466 TRCE S4 的lastApplied为 0 commitIndex为 0 log长度为 1
123795 TRCE S6 的lastApplied为 0 commitIndex为 0 log长度为 1
123977 TRCE S4 的lastApplied为 0 commitIndex为 0 log长度为 1
123979 TRCE S1 的lastApplied为 0 commitIndex为 0 log长度为 1
123979 TRCE S5 的lastApplied为 0 commitIndex为 0 log长度为 1
123979 TRCE S3 的lastApplied为 0 commitIndex为 0 log长度为 1
123979 TRCE S0 的lastApplied为 0 commitIndex为 0 log长度为 1
123979 TRCE S2 的lastApplied为 0 commitIndex为 0 log长度为 1
124305 TRCE S6 的lastApplied为 0 commitIndex为 0 log长度为 1
124490 TRCE S4 的lastApplied为 0 commitIndex为 0 log长度为 1
124490 TRCE S2 的lastApplied为 0 commitIndex为 0 log长度为 1
124490 TRCE S1 的lastApplied为 0 commitIndex为 0 log长度为 1
124490 TRCE S5 的lastApplied为 0 commitIndex为 0 log长度为 1
124490 TRCE S3 的lastApplied为 0 commitIndex为 0 log长度为 1
124490 TRCE S0 的lastApplied为 0 commitIndex为 0 log长度为 1
124816 TRCE S6 的lastApplied为 0 commitIndex为 0 log长度为 1
125001 TRCE S0 的lastApplied为 0 commitIndex为 0 log长度为 1
125002 TRCE S4 的lastApplied为 0 commitIndex为 0 log长度为 1
125002 TRCE S3 的lastApplied为 0 commitIndex为 0 log长度为 1
125002 TRCE S1 的lastApplied为 0 commitIndex为 0 log长度为 1
125002 TRCE S2 的lastApplied为 0 commitIndex为 0 log长度为 1
125002 TRCE S5 的lastApplied为 0 commitIndex为 0 log长度为 1
125320 TRCE S6 的lastApplied为 0 commitIndex为 0 log长度为 1
125512 TRCE S0 的lastApplied为 0 commitIndex为 0 log长度为 1
125512 TRCE S5 的lastApplied为 0 commitIndex为 0 log长度为 1
125513 TRCE S4 的lastApplied为 0 commitIndex为 0 log长度为 1
125513 TRCE S3 的lastApplied为 0 commitIndex为 0 log长度为 1
125513 TRCE S1 的lastApplied为 0 commitIndex为 0 log长度为 1
125513 TRCE S2 的lastApplied为 0 commitIndex为 0 log长度为 1
125831 TRCE S6 的lastApplied为 0 commitIndex为 0 log长度为 1
126018 TRCE S2 的lastApplied为 0 commitIndex为 0 log长度为 1
126020 TRCE S1 的lastApplied为 0 commitIndex为 0 log长度为 1
126022 TRCE S3 的lastApplied为 0 commitIndex为 0 log长度为 1
126023 TRCE S0 的lastApplied为 0 commitIndex为 0 log长度为 1
126023 TRCE S5 的lastApplied为 0 commitIndex为 0 log长度为 1
126023 TRCE S4 的lastApplied为 0 commitIndex为 0 log长度为 1
126337 TRCE S6 的lastApplied为 0 commitIndex为 0 log长度为 1
126530 TRCE S1 的lastApplied为 0 commitIndex为 0 log长度为 1
126532 TRCE S2 的lastApplied为 0 commitIndex为 0 log长度为 1
126533 TRCE S4 的lastApplied为 0 commitIndex为 0 log长度为 1
126534 TRCE S3 的lastApplied为 0 commitIndex为 0 log长度为 1
126534 TRCE S0 的lastApplied为 0 commitIndex为 0 log长度为 1
126534 TRCE S5 的lastApplied为 0 commitIndex为 0 log长度为 1
126845 TRCE S6 的lastApplied为 0 commitIndex为 0 log长度为 1
127044 TRCE S2 的lastApplied为 0 commitIndex为 0 log长度为 1
127044 TRCE S1 的lastApplied为 0 commitIndex为 0 log长度为 1
127045 TRCE S4 的lastApplied为 0 commitIndex为 0 log长度为 1
127045 TRCE S3 的lastApplied为 0 commitIndex为 0 log长度为 1
127045 TRCE S0 的lastApplied为 0 commitIndex为 0 log长度为 1
127045 TRCE S5 的lastApplied为 0 commitIndex为 0 log长度为 1
127355 TRCE S6 的lastApplied为 0 commitIndex为 0 log长度为 1
127553 TRCE S5 的lastApplied为 0 commitIndex为 0 log长度为 1
127553 TRCE S4 的lastApplied为 0 commitIndex为 0 log长度为 1
127553 TRCE S2 的lastApplied为 0 commitIndex为 0 log长度为 1
127553 TRCE S1 的lastApplied为 0 commitIndex为 0 log长度为 1
127553 TRCE S3 的lastApplied为 0 commitIndex为 0 log长度为 1
127553 TRCE S0 的lastApplied为 0 commitIndex为 0 log长度为 1
127834 INFO S3 think itself is leader ,term is 1
==================第 3 轮check完成===========================
==================第 4 轮===========================
127858 TRCE S6 的lastApplied为 0 commitIndex为 0 log长度为 1
128064 TRCE S0 的lastApplied为 0 commitIndex为 0 log长度为 1
128064 TRCE S2 的lastApplied为 0 commitIndex为 0 log长度为 1
128064 TRCE S5 的lastApplied为 0 commitIndex为 0 log长度为 1
128064 TRCE S4 的lastApplied为 0 commitIndex为 0 log长度为 1
128064 TRCE S1 的lastApplied为 0 commitIndex为 0 log长度为 1
128064 TRCE S3 的lastApplied为 0 commitIndex为 0 log长度为 1
128369 TRCE S6 的lastApplied为 0 commitIndex为 0 log长度为 1
128574 TRCE S3 的lastApplied为 0 commitIndex为 0 log长度为 1
128575 TRCE S4 的lastApplied为 0 commitIndex为 0 log长度为 1
128575 TRCE S5 的lastApplied为 0 commitIndex为 0 log长度为 1
128575 TRCE S0 的lastApplied为 0 commitIndex为 0 log长度为 1
128575 TRCE S2 的lastApplied为 0 commitIndex为 0 log长度为 1
128575 TRCE S1 的lastApplied为 0 commitIndex为 0 log长度为 1
128879 TRCE S6 的lastApplied为 0 commitIndex为 0 log长度为 1
129080 TRCE S1 的lastApplied为 0 commitIndex为 0 log长度为 1
129081 TRCE S0 的lastApplied为 0 commitIndex为 0 log长度为 1
129081 TRCE S5 的lastApplied为 0 commitIndex为 0 log长度为 1
129081 TRCE S4 的lastApplied为 0 commitIndex为 0 log长度为 1
129081 TRCE S2 的lastApplied为 0 commitIndex为 0 log长度为 1
129081 TRCE S3 的lastApplied为 0 commitIndex为 0 log长度为 1
129386 TRCE S6 的lastApplied为 0 commitIndex为 0 log长度为 1
129591 TRCE S3 的lastApplied为 0 commitIndex为 0 log长度为 1
129591 TRCE S5 的lastApplied为 0 commitIndex为 0 log长度为 1
129591 TRCE S0 的lastApplied为 0 commitIndex为 0 log长度为 1
129592 TRCE S4 的lastApplied为 0 commitIndex为 0 log长度为 1
129592 TRCE S2 的lastApplied为 0 commitIndex为 0 log长度为 1
129592 TRCE S1 的lastApplied为 0 commitIndex为 0 log长度为 1
129893 TRCE S6 的lastApplied为 0 commitIndex为 0 log长度为 1
130102 TRCE S0 的lastApplied为 0 commitIndex为 0 log长度为 1
130102 TRCE S1 的lastApplied为 0 commitIndex为 0 log长度为 1
130102 TRCE S4 的lastApplied为 0 commitIndex为 0 log长度为 1
130102 TRCE S2 的lastApplied为 0 commitIndex为 0 log长度为 1
130102 TRCE S3 的lastApplied为 0 commitIndex为 0 log长度为 1
130102 TRCE S5 的lastApplied为 0 commitIndex为 0 log长度为 1
130401 TRCE S6 的lastApplied为 0 commitIndex为 0 log长度为 1
130613 TRCE S5 的lastApplied为 0 commitIndex为 0 log长度为 1
130613 TRCE S4 的lastApplied为 0 commitIndex为 0 log长度为 1
130613 TRCE S0 的lastApplied为 0 commitIndex为 0 log长度为 1
130613 TRCE S1 的lastApplied为 0 commitIndex为 0 log长度为 1
130613 TRCE S2 的lastApplied为 0 commitIndex为 0 log长度为 1
130613 TRCE S3 的lastApplied为 0 commitIndex为 0 log长度为 1
130912 TRCE S6 的lastApplied为 0 commitIndex为 0 log长度为 1
131123 TRCE S3 的lastApplied为 0 commitIndex为 0 log长度为 1
131124 TRCE S5 的lastApplied为 0 commitIndex为 0 log长度为 1
131124 TRCE S4 的lastApplied为 0 commitIndex为 0 log长度为 1
131124 TRCE S1 的lastApplied为 0 commitIndex为 0 log长度为 1
131124 TRCE S2 的lastApplied为 0 commitIndex为 0 log长度为 1
131124 TRCE S0 的lastApplied为 0 commitIndex为 0 log长度为 1
131416 TRCE S6 的lastApplied为 0 commitIndex为 0 log长度为 1
131628 TRCE S1 的lastApplied为 0 commitIndex为 0 log长度为 1
131628 TRCE S0 的lastApplied为 0 commitIndex为 0 log长度为 1
131628 TRCE S2 的lastApplied为 0 commitIndex为 0 log长度为 1
131628 TRCE S4 的lastApplied为 0 commitIndex为 0 log长度为 1
131628 TRCE S3 的lastApplied为 0 commitIndex为 0 log长度为 1
131628 TRCE S5 的lastApplied为 0 commitIndex为 0 log长度为 1
131935 TRCE S6 的lastApplied为 0 commitIndex为 0 log长度为 1
132136 TRCE S5 的lastApplied为 0 commitIndex为 0 log长度为 1
132136 TRCE S2 的lastApplied为 0 commitIndex为 0 log长度为 1
132136 TRCE S1 的lastApplied为 0 commitIndex为 0 log长度为 1
132136 TRCE S0 的lastApplied为 0 commitIndex为 0 log长度为 1
132136 TRCE S4 的lastApplied为 0 commitIndex为 0 log长度为 1
132136 TRCE S3 的lastApplied为 0 commitIndex为 0 log长度为 1
132446 TRCE S6 的lastApplied为 0 commitIndex为 0 log长度为 1
132647 TRCE S3 的lastApplied为 0 commitIndex为 0 log长度为 1
132648 TRCE S5 的lastApplied为 0 commitIndex为 0 log长度为 1
132648 TRCE S2 的lastApplied为 0 commitIndex为 0 log长度为 1
132648 TRCE S1 的lastApplied为 0 commitIndex为 0 log长度为 1
132648 TRCE S0 的lastApplied为 0 commitIndex为 0 log长度为 1
132648 TRCE S4 的lastApplied为 0 commitIndex为 0 log长度为 1
132955 TRCE S6 的lastApplied为 0 commitIndex为 0 log长度为 1
133156 TRCE S4 的lastApplied为 0 commitIndex为 0 log长度为 1
133156 INFO S3 think itself is leader ,term is 1
==================第 4 轮check完成===========================
133156 TRCE S2 的lastApplied为 0 commitIndex为 0 log长度为 1
==================第 5 轮===========================
133156 TRCE S5 的lastApplied为 0 commitIndex为 0 log长度为 1
133156 TRCE S1 的lastApplied为 0 commitIndex为 0 log长度为 1
133156 TRCE S0 的lastApplied为 0 commitIndex为 0 log长度为 1
133157 TRCE S3 的lastApplied为 0 commitIndex为 0 log长度为 1
133465 TRCE S6 的lastApplied为 0 commitIndex为 0 log长度为 1
133670 TRCE S4 的lastApplied为 0 commitIndex为 0 log长度为 1
133671 TRCE S3 的lastApplied为 0 commitIndex为 0 log长度为 1
133671 TRCE S2 的lastApplied为 0 commitIndex为 0 log长度为 1
133671 TRCE S5 的lastApplied为 0 commitIndex为 0 log长度为 1
133672 TRCE S1 的lastApplied为 0 commitIndex为 0 log长度为 1
133672 TRCE S0 的lastApplied为 0 commitIndex为 0 log长度为 1
133970 TRCE S6 的lastApplied为 0 commitIndex为 0 log长度为 1
134177 TRCE S0 的lastApplied为 0 commitIndex为 0 log长度为 1
134177 TRCE S2 的lastApplied为 0 commitIndex为 0 log长度为 1
134177 TRCE S3 的lastApplied为 0 commitIndex为 0 log长度为 1
134177 TRCE S5 的lastApplied为 0 commitIndex为 0 log长度为 1
134177 TRCE S1 的lastApplied为 0 commitIndex为 0 log长度为 1
134177 TRCE S4 的lastApplied为 0 commitIndex为 0 log长度为 1
134481 TRCE S6 的lastApplied为 0 commitIndex为 0 log长度为 1
134683 TRCE S4 的lastApplied为 0 commitIndex为 0 log长度为 1
134683 TRCE S0 的lastApplied为 0 commitIndex为 0 log长度为 1
134683 TRCE S2 的lastApplied为 0 commitIndex为 0 log长度为 1
134683 TRCE S3 的lastApplied为 0 commitIndex为 0 log长度为 1
134684 TRCE S5 的lastApplied为 0 commitIndex为 0 log长度为 1
134684 TRCE S1 的lastApplied为 0 commitIndex为 0 log长度为 1
134984 TRCE S6 的lastApplied为 0 commitIndex为 0 log长度为 1
135194 TRCE S1 的lastApplied为 0 commitIndex为 0 log长度为 1
135194 TRCE S4 的lastApplied为 0 commitIndex为 0 log长度为 1
135194 TRCE S0 的lastApplied为 0 commitIndex为 0 log长度为 1
135194 TRCE S2 的lastApplied为 0 commitIndex为 0 log长度为 1
135194 TRCE S3 的lastApplied为 0 commitIndex为 0 log长度为 1
135195 TRCE S5 的lastApplied为 0 commitIndex为 0 log长度为 1
135493 TRCE S6 的lastApplied为 0 commitIndex为 0 log长度为 1
135698 TRCE S5 的lastApplied为 0 commitIndex为 0 log长度为 1
135698 TRCE S1 的lastApplied为 0 commitIndex为 0 log长度为 1
135698 TRCE S4 的lastApplied为 0 commitIndex为 0 log长度为 1
135698 TRCE S0 的lastApplied为 0 commitIndex为 0 log长度为 1
135698 TRCE S2 的lastApplied为 0 commitIndex为 0 log长度为 1
135699 TRCE S3 的lastApplied为 0 commitIndex为 0 log长度为 1
136003 TRCE S6 的lastApplied为 0 commitIndex为 0 log长度为 1
136208 TRCE S3 的lastApplied为 0 commitIndex为 0 log长度为 1
136209 TRCE S4 的lastApplied为 0 commitIndex为 0 log长度为 1
136209 TRCE S5 的lastApplied为 0 commitIndex为 0 log长度为 1
136209 TRCE S1 的lastApplied为 0 commitIndex为 0 log长度为 1
136209 TRCE S0 的lastApplied为 0 commitIndex为 0 log长度为 1
136209 TRCE S2 的lastApplied为 0 commitIndex为 0 log长度为 1
136513 TRCE S6 的lastApplied为 0 commitIndex为 0 log长度为 1
136712 TRCE S2 的lastApplied为 0 commitIndex为 0 log长度为 1
136713 TRCE S3 的lastApplied为 0 commitIndex为 0 log长度为 1
136713 TRCE S4 的lastApplied为 0 commitIndex为 0 log长度为 1
136713 TRCE S5 的lastApplied为 0 commitIndex为 0 log长度为 1
136713 TRCE S0 的lastApplied为 0 commitIndex为 0 log长度为 1
136713 TRCE S1 的lastApplied为 0 commitIndex为 0 log长度为 1
137022 TRCE S6 的lastApplied为 0 commitIndex为 0 log长度为 1
137223 TRCE S0 的lastApplied为 0 commitIndex为 0 log长度为 1
137223 TRCE S1 的lastApplied为 0 commitIndex为 0 log长度为 1
137223 TRCE S3 的lastApplied为 0 commitIndex为 0 log长度为 1
137223 TRCE S4 的lastApplied为 0 commitIndex为 0 log长度为 1
137223 TRCE S2 的lastApplied为 0 commitIndex为 0 log长度为 1
137223 TRCE S5 的lastApplied为 0 commitIndex为 0 log长度为 1
137532 TRCE S6 的lastApplied为 0 commitIndex为 0 log长度为 1
137734 TRCE S0 的lastApplied为 0 commitIndex为 0 log长度为 1
137734 TRCE S2 的lastApplied为 0 commitIndex为 0 log长度为 1
137734 TRCE S1 的lastApplied为 0 commitIndex为 0 log长度为 1
137734 TRCE S5 的lastApplied为 0 commitIndex为 0 log长度为 1
137734 TRCE S4 的lastApplied为 0 commitIndex为 0 log长度为 1
137734 TRCE S3 的lastApplied为 0 commitIndex为 0 log长度为 1
137870 VOTE S6 开始预选举 term为1 
137871 VOTE S6开始向5要票
137871 VOTE S6开始向2要票
137871 VOTE S6开始向1要票
137871 VOTE S6开始向0要票
137871 VOTE S6开始向3要票
137871 VOTE S6开始向4要票
137917 VOTE S5 开始预选举 term为1 
137918 VOTE S5开始向6要票
137918 VOTE S5开始向0要票
137918 VOTE S5开始向1要票
137918 VOTE S5开始向2要票
137918 VOTE S5开始向4要票
137918 VOTE S5开始向3要票
137988 INFO S3 think itself is leader ,term is 1
==================第 5 轮check完成===========================
==================第 6 轮===========================
138246 TRCE S2 的lastApplied为 0 commitIndex为 0 log长度为 1
138249 TRCE S0 的lastApplied为 0 commitIndex为 0 log长度为 1
138249 TRCE S3 的lastApplied为 0 commitIndex为 0 log长度为 1
138250 TRCE S1 的lastApplied为 0 commitIndex为 0 log长度为 1
138250 TRCE S4 的lastApplied为 0 commitIndex为 0 log长度为 1
138747 TRCE S2 的lastApplied为 0 commitIndex为 0 log长度为 1
138749 TRCE S0 的lastApplied为 0 commitIndex为 0 log长度为 1
138750 TRCE S1 的lastApplied为 0 commitIndex为 0 log长度为 1
138750 TRCE S3 的lastApplied为 0 commitIndex为 0 log长度为 1
138750 TRCE S4 的lastApplied为 0 commitIndex为 0 log长度为 1
139251 TRCE S4 的lastApplied为 0 commitIndex为 0 log长度为 1
139252 TRCE S3 的lastApplied为 0 commitIndex为 0 log长度为 1
139252 TRCE S1 的lastApplied为 0 commitIndex为 0 log长度为 1
139252 TRCE S2 的lastApplied为 0 commitIndex为 0 log长度为 1
139253 TRCE S0 的lastApplied为 0 commitIndex为 0 log长度为 1
139752 TRCE S4 的lastApplied为 0 commitIndex为 0 log长度为 1
139753 TRCE S3 的lastApplied为 0 commitIndex为 0 log长度为 1
139760 TRCE S0 的lastApplied为 0 commitIndex为 0 log长度为 1
139760 TRCE S1 的lastApplied为 0 commitIndex为 0 log长度为 1
139761 TRCE S2 的lastApplied为 0 commitIndex为 0 log长度为 1
140324 TRCE S3 的lastApplied为 0 commitIndex为 0 log长度为 1
140325 TRCE S4 的lastApplied为 0 commitIndex为 0 log长度为 1
140329 TRCE S2 的lastApplied为 0 commitIndex为 0 log长度为 1
140329 TRCE S0 的lastApplied为 0 commitIndex为 0 log长度为 1
140329 TRCE S1 的lastApplied为 0 commitIndex为 0 log长度为 1
140833 TRCE S4 的lastApplied为 0 commitIndex为 0 log长度为 1
140834 TRCE S3 的lastApplied为 0 commitIndex为 0 log长度为 1
140834 TRCE S1 的lastApplied为 0 commitIndex为 0 log长度为 1
140834 TRCE S2 的lastApplied为 0 commitIndex为 0 log长度为 1
140834 TRCE S0 的lastApplied为 0 commitIndex为 0 log长度为 1
141344 TRCE S0 的lastApplied为 0 commitIndex为 0 log长度为 1
141345 TRCE S4 的lastApplied为 0 commitIndex为 0 log长度为 1
141345 TRCE S3 的lastApplied为 0 commitIndex为 0 log长度为 1
141345 TRCE S1 的lastApplied为 0 commitIndex为 0 log长度为 1
141345 TRCE S2 的lastApplied为 0 commitIndex为 0 log长度为 1
141852 TRCE S2 的lastApplied为 0 commitIndex为 0 log长度为 1
141853 TRCE S0 的lastApplied为 0 commitIndex为 0 log长度为 1
141853 TRCE S4 的lastApplied为 0 commitIndex为 0 log长度为 1
141853 TRCE S3 的lastApplied为 0 commitIndex为 0 log长度为 1
141853 TRCE S1 的lastApplied为 0 commitIndex为 0 log长度为 1
142046 VOTE S5 预选举失败，获得1票数
142047 TRCE S5 的lastApplied为 0 commitIndex为 0 log长度为 1
142375 TRCE S1 的lastApplied为 0 commitIndex为 0 log长度为 1
142379 TRCE S2 的lastApplied为 0 commitIndex为 0 log长度为 1
142379 TRCE S0 的lastApplied为 0 commitIndex为 0 log长度为 1
142379 TRCE S4 的lastApplied为 0 commitIndex为 0 log长度为 1
142379 TRCE S3 的lastApplied为 0 commitIndex为 0 log长度为 1
142551 TRCE S5 的lastApplied为 0 commitIndex为 0 log长度为 1
142551 VOTE S6 预选举失败，获得1票数
142552 TRCE S6 的lastApplied为 0 commitIndex为 0 log长度为 1
142886 TRCE S3 的lastApplied为 0 commitIndex为 0 log长度为 1
142886 TRCE S2 的lastApplied为 0 commitIndex为 0 log长度为 1
142886 TRCE S1 的lastApplied为 0 commitIndex为 0 log长度为 1
142886 TRCE S0 的lastApplied为 0 commitIndex为 0 log长度为 1
142886 TRCE S4 的lastApplied为 0 commitIndex为 0 log长度为 1
143052 TRCE S5 的lastApplied为 0 commitIndex为 0 log长度为 1
143053 TRCE S6 的lastApplied为 0 commitIndex为 0 log长度为 1
143303 INFO S3 think itself is leader ,term is 1
==================第 6 轮check完成===========================
==================第 7 轮===========================
143536 TRCE S4 的lastApplied为 0 commitIndex为 0 log长度为 1
143540 TRCE S3 的lastApplied为 0 commitIndex为 0 log长度为 1
143541 TRCE S2 的lastApplied为 0 commitIndex为 0 log长度为 1
143541 TRCE S1 的lastApplied为 0 commitIndex为 0 log长度为 1
143541 TRCE S0 的lastApplied为 0 commitIndex为 0 log长度为 1
143558 TRCE S6 的lastApplied为 0 commitIndex为 0 log长度为 1
143558 TRCE S5 的lastApplied为 0 commitIndex为 0 log长度为 1
144051 TRCE S0 的lastApplied为 0 commitIndex为 0 log长度为 1
144051 TRCE S3 的lastApplied为 0 commitIndex为 0 log长度为 1
144051 TRCE S4 的lastApplied为 0 commitIndex为 0 log长度为 1
144051 TRCE S2 的lastApplied为 0 commitIndex为 0 log长度为 1
144051 TRCE S1 的lastApplied为 0 commitIndex为 0 log长度为 1
144060 TRCE S6 的lastApplied为 0 commitIndex为 0 log长度为 1
144060 TRCE S5 的lastApplied为 0 commitIndex为 0 log长度为 1
144562 TRCE S6 的lastApplied为 0 commitIndex为 0 log长度为 1
144562 TRCE S5 的lastApplied为 0 commitIndex为 0 log长度为 1
144562 TRCE S0 的lastApplied为 0 commitIndex为 0 log长度为 1
144562 TRCE S3 的lastApplied为 0 commitIndex为 0 log长度为 1
144562 TRCE S4 的lastApplied为 0 commitIndex为 0 log长度为 1
144563 TRCE S2 的lastApplied为 0 commitIndex为 0 log长度为 1
144563 TRCE S1 的lastApplied为 0 commitIndex为 0 log长度为 1
145065 TRCE S3 的lastApplied为 0 commitIndex为 0 log长度为 1
145065 TRCE S6 的lastApplied为 0 commitIndex为 0 log长度为 1
145066 TRCE S5 的lastApplied为 0 commitIndex为 0 log长度为 1
145066 TRCE S0 的lastApplied为 0 commitIndex为 0 log长度为 1
145066 TRCE S1 的lastApplied为 0 commitIndex为 0 log长度为 1
145066 TRCE S4 的lastApplied为 0 commitIndex为 0 log长度为 1
145066 TRCE S2 的lastApplied为 0 commitIndex为 0 log长度为 1
145573 TRCE S0 的lastApplied为 0 commitIndex为 0 log长度为 1
145574 TRCE S2 的lastApplied为 0 commitIndex为 0 log长度为 1
145574 TRCE S1 的lastApplied为 0 commitIndex为 0 log长度为 1
145574 TRCE S4 的lastApplied为 0 commitIndex为 0 log长度为 1
145574 TRCE S6 的lastApplied为 0 commitIndex为 0 log长度为 1
145574 TRCE S3 的lastApplied为 0 commitIndex为 0 log长度为 1
145574 TRCE S5 的lastApplied为 0 commitIndex为 0 log长度为 1
146078 TRCE S5 的lastApplied为 0 commitIndex为 0 log长度为 1
146079 TRCE S1 的lastApplied为 0 commitIndex为 0 log长度为 1
146079 TRCE S0 的lastApplied为 0 commitIndex为 0 log长度为 1
146079 TRCE S2 的lastApplied为 0 commitIndex为 0 log长度为 1
146079 TRCE S6 的lastApplied为 0 commitIndex为 0 log长度为 1
146079 TRCE S4 的lastApplied为 0 commitIndex为 0 log长度为 1
146079 TRCE S3 的lastApplied为 0 commitIndex为 0 log长度为 1
146472 VOTE S1 开始预选举 term为1 
146474 VOTE S1开始向6要票
146475 VOTE S1开始向0要票
146475 VOTE S1开始向2要票
146475 VOTE S1开始向3要票
146476 VOTE S1开始向4要票
146476 VOTE S1开始向5要票
146580 TRCE S0 的lastApplied为 0 commitIndex为 0 log长度为 1
146580 TRCE S4 的lastApplied为 0 commitIndex为 0 log长度为 1
146580 TRCE S3 的lastApplied为 0 commitIndex为 0 log长度为 1
146580 TRCE S2 的lastApplied为 0 commitIndex为 0 log长度为 1
146580 TRCE S6 的lastApplied为 0 commitIndex为 0 log长度为 1
146580 TRCE S5 的lastApplied为 0 commitIndex为 0 log长度为 1
147084 TRCE S5 的lastApplied为 0 commitIndex为 0 log长度为 1
147085 TRCE S0 的lastApplied为 0 commitIndex为 0 log长度为 1
147085 TRCE S3 的lastApplied为 0 commitIndex为 0 log长度为 1
147085 TRCE S2 的lastApplied为 0 commitIndex为 0 log长度为 1
147085 TRCE S6 的lastApplied为 0 commitIndex为 0 log长度为 1
147085 TRCE S4 的lastApplied为 0 commitIndex为 0 log长度为 1
147588 TRCE S4 的lastApplied为 0 commitIndex为 0 log长度为 1
147588 TRCE S3 的lastApplied为 0 commitIndex为 0 log长度为 1
147588 TRCE S2 的lastApplied为 0 commitIndex为 0 log长度为 1
147588 TRCE S6 的lastApplied为 0 commitIndex为 0 log长度为 1
147589 TRCE S0 的lastApplied为 0 commitIndex为 0 log长度为 1
147589 TRCE S5 的lastApplied为 0 commitIndex为 0 log长度为 1
148094 TRCE S5 的lastApplied为 0 commitIndex为 0 log长度为 1
148095 TRCE S0 的lastApplied为 0 commitIndex为 0 log长度为 1
148095 TRCE S6 的lastApplied为 0 commitIndex为 0 log长度为 1
148096 TRCE S4 的lastApplied为 0 commitIndex为 0 log长度为 1
148096 TRCE S3 的lastApplied为 0 commitIndex为 0 log长度为 1
148096 TRCE S2 的lastApplied为 0 commitIndex为 0 log长度为 1
148194 INFO S3 think itself is leader ,term is 1
==================第 7 轮check完成===========================
==================第 8 轮===========================
148599 TRCE S2 的lastApplied为 0 commitIndex为 0 log长度为 1
148600 TRCE S5 的lastApplied为 0 commitIndex为 0 log长度为 1
148600 TRCE S6 的lastApplied为 0 commitIndex为 0 log长度为 1
148600 TRCE S0 的lastApplied为 0 commitIndex为 0 log长度为 1
148600 TRCE S4 的lastApplied为 0 commitIndex为 0 log长度为 1
148600 TRCE S3 的lastApplied为 0 commitIndex为 0 log长度为 1
149105 TRCE S3 的lastApplied为 0 commitIndex为 0 log长度为 1
149105 TRCE S6 的lastApplied为 0 commitIndex为 0 log长度为 1
149105 TRCE S2 的lastApplied为 0 commitIndex为 0 log长度为 1
149105 TRCE S5 的lastApplied为 0 commitIndex为 0 log长度为 1
149105 TRCE S0 的lastApplied为 0 commitIndex为 0 log长度为 1
149105 TRCE S4 的lastApplied为 0 commitIndex为 0 log长度为 1
149608 TRCE S4 的lastApplied为 0 commitIndex为 0 log长度为 1
149608 TRCE S2 的lastApplied为 0 commitIndex为 0 log长度为 1
149608 TRCE S3 的lastApplied为 0 commitIndex为 0 log长度为 1
149608 TRCE S6 的lastApplied为 0 commitIndex为 0 log长度为 1
149608 TRCE S5 的lastApplied为 0 commitIndex为 0 log长度为 1
149608 TRCE S0 的lastApplied为 0 commitIndex为 0 log长度为 1
149755 VOTE S1 预选举失败，获得1票数
149757 TRCE S1 的lastApplied为 0 commitIndex为 0 log长度为 1
150119 TRCE S0 的lastApplied为 0 commitIndex为 0 log长度为 1
150120 TRCE S4 的lastApplied为 0 commitIndex为 0 log长度为 1
150120 TRCE S2 的lastApplied为 0 commitIndex为 0 log长度为 1
150120 TRCE S3 的lastApplied为 0 commitIndex为 0 log长度为 1
150120 TRCE S6 的lastApplied为 0 commitIndex为 0 log长度为 1
150120 TRCE S5 的lastApplied为 0 commitIndex为 0 log长度为 1
150273 TRCE S1 的lastApplied为 0 commitIndex为 0 log长度为 1
150623 TRCE S5 的lastApplied为 0 commitIndex为 0 log长度为 1
150624 TRCE S2 的lastApplied为 0 commitIndex为 0 log长度为 1
150624 TRCE S0 的lastApplied为 0 commitIndex为 0 log长度为 1
150624 TRCE S4 的lastApplied为 0 commitIndex为 0 log长度为 1
150624 TRCE S3 的lastApplied为 0 commitIndex为 0 log长度为 1
150624 TRCE S6 的lastApplied为 0 commitIndex为 0 log长度为 1
150783 TRCE S1 的lastApplied为 0 commitIndex为 0 log长度为 1
151126 TRCE S6 的lastApplied为 0 commitIndex为 0 log长度为 1
151127 TRCE S5 的lastApplied为 0 commitIndex为 0 log长度为 1
151127 TRCE S2 的lastApplied为 0 commitIndex为 0 log长度为 1
151128 TRCE S0 的lastApplied为 0 commitIndex为 0 log长度为 1
151128 TRCE S4 的lastApplied为 0 commitIndex为 0 log长度为 1
151128 TRCE S3 的lastApplied为 0 commitIndex为 0 log长度为 1
151293 TRCE S1 的lastApplied为 0 commitIndex为 0 log长度为 1
151638 TRCE S3 的lastApplied为 0 commitIndex为 0 log长度为 1
151638 TRCE S2 的lastApplied为 0 commitIndex为 0 log长度为 1
151639 TRCE S6 的lastApplied为 0 commitIndex为 0 log长度为 1
151639 TRCE S5 的lastApplied为 0 commitIndex为 0 log长度为 1
151639 TRCE S0 的lastApplied为 0 commitIndex为 0 log长度为 1
151639 TRCE S4 的lastApplied为 0 commitIndex为 0 log长度为 1
151797 TRCE S1 的lastApplied为 0 commitIndex为 0 log长度为 1
152143 TRCE S4 的lastApplied为 0 commitIndex为 0 log长度为 1
152143 TRCE S6 的lastApplied为 0 commitIndex为 0 log长度为 1
152143 TRCE S3 的lastApplied为 0 commitIndex为 0 log长度为 1
152144 TRCE S2 的lastApplied为 0 commitIndex为 0 log长度为 1
152144 TRCE S5 的lastApplied为 0 commitIndex为 0 log长度为 1
152144 TRCE S0 的lastApplied为 0 commitIndex为 0 log长度为 1
152323 TRCE S1 的lastApplied为 0 commitIndex为 0 log长度为 1
152655 TRCE S0 的lastApplied为 0 commitIndex为 0 log长度为 1
152655 TRCE S4 的lastApplied为 0 commitIndex为 0 log长度为 1
152656 TRCE S6 的lastApplied为 0 commitIndex为 0 log长度为 1
152656 TRCE S3 的lastApplied为 0 commitIndex为 0 log长度为 1
152656 TRCE S2 的lastApplied为 0 commitIndex为 0 log长度为 1
152656 TRCE S5 的lastApplied为 0 commitIndex为 0 log长度为 1
152829 TRCE S1 的lastApplied为 0 commitIndex为 0 log长度为 1
153062 INFO S3 think itself is leader ,term is 1
==================第 8 轮check完成===========================
153166 TRCE S6 的lastApplied为 0 commitIndex为 0 log长度为 1
153166 TRCE S5 的lastApplied为 0 commitIndex为 0 log长度为 1
153166 TRCE S3 的lastApplied为 0 commitIndex为 0 log长度为 1
153166 TRCE S2 的lastApplied为 0 commitIndex为 0 log长度为 1
153167 TRCE S0 的lastApplied为 0 commitIndex为 0 log长度为 1
153167 TRCE S4 的lastApplied为 0 commitIndex为 0 log长度为 1
153335 TRCE S1 的lastApplied为 0 commitIndex为 0 log长度为 1
153677 TRCE S4 的lastApplied为 0 commitIndex为 0 log长度为 1
153678 TRCE S2 的lastApplied为 0 commitIndex为 0 log长度为 1
153678 TRCE S0 的lastApplied为 0 commitIndex为 0 log长度为 1
153678 TRCE S6 的lastApplied为 0 commitIndex为 0 log长度为 1
153678 TRCE S5 的lastApplied为 0 commitIndex为 0 log长度为 1
153678 TRCE S3 的lastApplied为 0 commitIndex为 0 log长度为 1
153837 TRCE S1 的lastApplied为 0 commitIndex为 0 log长度为 1
154188 TRCE S2 的lastApplied为 0 commitIndex为 0 log长度为 1
154188 TRCE S3 的lastApplied为 0 commitIndex为 0 log长度为 1
154188 TRCE S0 的lastApplied为 0 commitIndex为 0 log长度为 1
154189 TRCE S6 的lastApplied为 0 commitIndex为 0 log长度为 1
154189 TRCE S5 的lastApplied为 0 commitIndex为 0 log长度为 1
154189 TRCE S4 的lastApplied为 0 commitIndex为 0 log长度为 1
154344 TRCE S1 的lastApplied为 0 commitIndex为 0 log长度为 1
154690 TRCE S4 的lastApplied为 0 commitIndex为 0 log长度为 1
154691 TRCE S2 的lastApplied为 0 commitIndex为 0 log长度为 1
154691 TRCE S3 的lastApplied为 0 commitIndex为 0 log长度为 1
154691 TRCE S0 的lastApplied为 0 commitIndex为 0 log长度为 1
154691 TRCE S6 的lastApplied为 0 commitIndex为 0 log长度为 1
154691 TRCE S5 的lastApplied为 0 commitIndex为 0 log长度为 1
154849 TRCE S1 的lastApplied为 0 commitIndex为 0 log长度为 1
155201 TRCE S4 的lastApplied为 0 commitIndex为 0 log长度为 1
155201 TRCE S5 的lastApplied为 0 commitIndex为 0 log长度为 1
155202 TRCE S3 的lastApplied为 0 commitIndex为 0 log长度为 1
155202 TRCE S2 的lastApplied为 0 commitIndex为 0 log长度为 1
155202 TRCE S0 的lastApplied为 0 commitIndex为 0 log长度为 1
155202 TRCE S6 的lastApplied为 0 commitIndex为 0 log长度为 1
155360 TRCE S1 的lastApplied为 0 commitIndex为 0 log长度为 1
155713 TRCE S6 的lastApplied为 0 commitIndex为 0 log长度为 1
155714 TRCE S4 的lastApplied为 0 commitIndex为 0 log长度为 1
155714 TRCE S5 的lastApplied为 0 commitIndex为 0 log长度为 1
155714 TRCE S3 的lastApplied为 0 commitIndex为 0 log长度为 1
155714 TRCE S0 的lastApplied为 0 commitIndex为 0 log长度为 1
155714 TRCE S2 的lastApplied为 0 commitIndex为 0 log长度为 1
155868 TRCE S1 的lastApplied为 0 commitIndex为 0 log长度为 1
156219 TRCE S2 的lastApplied为 0 commitIndex为 0 log长度为 1
156220 TRCE S6 的lastApplied为 0 commitIndex为 0 log长度为 1
156221 TRCE S4 的lastApplied为 0 commitIndex为 0 log长度为 1
156221 TRCE S5 的lastApplied为 0 commitIndex为 0 log长度为 1
156221 TRCE S3 的lastApplied为 0 commitIndex为 0 log长度为 1
156221 TRCE S0 的lastApplied为 0 commitIndex为 0 log长度为 1
156378 TRCE S1 的lastApplied为 0 commitIndex为 0 log长度为 1
156731 TRCE S4 的lastApplied为 0 commitIndex为 0 log长度为 1
156731 TRCE S0 的lastApplied为 0 commitIndex为 0 log长度为 1
156731 TRCE S5 的lastApplied为 0 commitIndex为 0 log长度为 1
156731 TRCE S3 的lastApplied为 0 commitIndex为 0 log长度为 1
156731 TRCE S2 的lastApplied为 0 commitIndex为 0 log长度为 1
156731 TRCE S6 的lastApplied为 0 commitIndex为 0 log长度为 1
156886 TRCE S1 的lastApplied为 0 commitIndex为 0 log长度为 1
157242 TRCE S6 的lastApplied为 0 commitIndex为 0 log长度为 1
157243 TRCE S4 的lastApplied为 0 commitIndex为 0 log长度为 1
157243 TRCE S0 的lastApplied为 0 commitIndex为 0 log长度为 1
157243 TRCE S5 的lastApplied为 0 commitIndex为 0 log长度为 1
157243 TRCE S3 的lastApplied为 0 commitIndex为 0 log长度为 1
157243 TRCE S2 的lastApplied为 0 commitIndex为 0 log长度为 1
157388 TRCE S1 的lastApplied为 0 commitIndex为 0 log长度为 1
157748 TRCE S2 的lastApplied为 0 commitIndex为 0 log长度为 1
157748 TRCE S0 的lastApplied为 0 commitIndex为 0 log长度为 1
157748 TRCE S6 的lastApplied为 0 commitIndex为 0 log长度为 1
157748 TRCE S4 的lastApplied为 0 commitIndex为 0 log长度为 1
157748 TRCE S5 的lastApplied为 0 commitIndex为 0 log长度为 1
157749 TRCE S3 的lastApplied为 0 commitIndex为 0 log长度为 1
157901 TRCE S1 的lastApplied为 0 commitIndex为 0 log长度为 1
158260 TRCE S3 的lastApplied为 0 commitIndex为 0 log长度为 1
158261 TRCE S6 的lastApplied为 0 commitIndex为 0 log长度为 1
158261 TRCE S2 的lastApplied为 0 commitIndex为 0 log长度为 1
158261 TRCE S4 的lastApplied为 0 commitIndex为 0 log长度为 1
158261 TRCE S5 的lastApplied为 0 commitIndex为 0 log长度为 1
158261 TRCE S0 的lastApplied为 0 commitIndex为 0 log长度为 1
158412 TRCE S1 的lastApplied为 0 commitIndex为 0 log长度为 1
158565 INFO S3 think itself is leader ,term is 1
  ... Passed --   6.0  7  192   42687    0
PASS
ok  	6.5840/raft	15.862s
