Test (2D): snapshots basic ...
  ... Passed --   5.1  3  190   69522  223
Test (2D): install snapshots (disconnect) ...
-------------断开S2-----------------
-------------断开S1-----------------
-------------断开S0-----------------
-------------断开S0-----------------
-------------断开S2-----------------
-------------断开S1-----------------
-------------断开S1-----------------
-------------断开S0-----------------
-------------断开S2-----------------
-------------断开S2-----------------
-------------断开S1-----------------
-------------断开S0-----------------
-------------断开S0-----------------
-------------断开S2-----------------
-------------断开S1-----------------
-------------断开S1-----------------
-------------断开S0-----------------
-------------断开S2-----------------
-------------断开S2-----------------
-------------断开S1-----------------
-------------断开S0-----------------
-------------断开S0-----------------
-------------断开S2-----------------
-------------断开S2-----------------
-------------断开S2-----------------
-------------断开S1-----------------
-------------断开S1-----------------
-------------断开S1-----------------
-------------断开S0-----------------
-------------断开S0-----------------
  ... Passed --  52.7  3 1528  511947  347
Test (2D): install snapshots (disconnect+unreliable) ...
-------------断开S0-----------------
-------------断开S2-----------------
-------------断开S2-----------------
-------------断开S2-----------------
-------------断开S1-----------------
-------------断开S0-----------------
-------------断开S0-----------------
-------------断开S2-----------------
-------------断开S2-----------------
-------------断开S2-----------------
-------------断开S1-----------------
-------------断开S0-----------------
-------------断开S0-----------------
-------------断开S2-----------------
-------------断开S2-----------------
-------------断开S2-----------------
-------------断开S1-----------------
-------------断开S0-----------------
-------------断开S0-----------------
-------------断开S2-----------------
-------------断开S2-----------------
-------------断开S2-----------------
-------------断开S1-----------------
-------------断开S0-----------------
-------------断开S0-----------------
-------------断开S2-----------------
-------------断开S2-----------------
-------------断开S2-----------------
-------------断开S1-----------------
-------------断开S1-----------------
  ... Passed --  58.2  3 1808  565408  308
Test (2D): install snapshots (crash) ...
  ... Passed --  39.5  3  983  386637  372
Test (2D): install snapshots (unreliable+crash) ...
  ... Passed --  48.4  3 1213  435847  328
Test (2D): crash and restart all servers ...
  ... Passed --  11.1  3  252   80694   54
Test (2D): snapshot initialization after crash ...
  ... Passed --   4.0  3   74   22960   14
PASS
ok  	6.5840/raft	219.121s
