008360 VOTE S1 开始预选举 term为1 
008390 VOTE S1开始向0要票
008398 VOTE S1开始向2要票
008415 VOTE S1 要票，args为 {Term:2 CandidateId:1 LastLogIndex:-1 LastLogTerm:0 PreElcection:true} 投票者0条件为 log: {V:[] LogIndex:0}, term: 1, votedFor: -1
008418 VOTE S1 要票，args为 {Term:2 CandidateId:1 LastLogIndex:-1 LastLogTerm:0 PreElcection:true} 投票者2条件为 log: {V:[] LogIndex:0}, term: 1, votedFor: -1
008430 VOTE S1 term 2 的情况下 向2要票结束, 结果为true
008430 VOTE S1 term 2 的情况下 向0要票结束, 结果为true
008431 VOTE S1 预选举成功
008432 VOTE S1 开始正式选举
008432 VOTE S1 开始选举 term为2 
008434 VOTE S1开始向0要票
008435 VOTE S1开始向2要票
008443 VOTE S1 要票，args为 {Term:2 CandidateId:1 LastLogIndex:-1 LastLogTerm:0 PreElcection:false} 投票者0条件为 log: {V:[] LogIndex:0}, term: 1, votedFor: -1
008444 VOTE S1 要票，args为 {Term:2 CandidateId:1 LastLogIndex:-1 LastLogTerm:0 PreElcection:false} 投票者2条件为 log: {V:[] LogIndex:0}, term: 1, votedFor: -1
008452 VOTE S1 term 2 的情况下 向0要票结束, 结果为true
008452 VOTE S1 term 2 的情况下 向2要票结束, 结果为true
008452 LOG1 S1 选举成功
008453 VOTE S1 选举成功 term为: 2
008453 LEAD S1 成为leader
008454 LEAD S1 的term: 2 votedFor:1 nextIndex: [0 0 0] matchIndex: [0 -1 0] logIndex: 0 log:{[] 0}
008455 LOG2 S1 发送给S0 commitIndex为 -1 S1的CommitIndex: 0 nextIndex为: [0 0 0]
008456 LOG2 S1 发送给S2 commitIndex为 -1 S1的CommitIndex: 0 nextIndex为: [0 0 0]
008471 LEAD S2 目前有{[] 0}日志, 长度为0, 接收S1 的参数为{Term:2 LeaderId:1 PrevLogIndex:-1 PrevLogTerm:0 Entries:[] LeaderCommit:-1}
008471 LEAD S0 目前有{[] 0}日志, 长度为0, 接收S1 的参数为{Term:2 LeaderId:1 PrevLogIndex:-1 PrevLogTerm:0 Entries:[] LeaderCommit:-1}
008472 LEAD S1 接收S2的日志的回复为Term: 2 Success: true Id: 2 NotHeartBeat: true ReplyIndex0 ReplyTerm: 0
008473 LEAD S1 接收S0的日志的回复为Term: 2 Success: true Id: 0 NotHeartBeat: true ReplyIndex0 ReplyTerm: 0
008628 LOG1 S1 接收到的命令为100 返回值 index: 0, term 2, isLeader true
008629 WARN S0 被塞了消息100
009482 LEAD S1 的term: 2 votedFor:1 nextIndex: [0 0 0] matchIndex: [0 0 0] logIndex: 0 log:{[{2 100}] 0}
009485 LOG2 S1 发送给S0 commitIndex为 -1 S1的CommitIndex: 0 nextIndex为: [0 0 0]
009489 LOG2 S1 发送给S2 commitIndex为 -1 S1的CommitIndex: 0 nextIndex为: [0 0 0]
009511 LEAD S0 目前有{[] 0}日志, 长度为0, 接收S1 的参数为{Term:2 LeaderId:1 PrevLogIndex:-1 PrevLogTerm:0 Entries:[] LeaderCommit:-1}
009511 LEAD S2 目前有{[] 0}日志, 长度为0, 接收S1 的参数为{Term:2 LeaderId:1 PrevLogIndex:-1 PrevLogTerm:0 Entries:[] LeaderCommit:-1}
009512 LEAD S1 接收S0的日志的回复为Term: 2 Success: true Id: 0 NotHeartBeat: true ReplyIndex0 ReplyTerm: 0
009512 LEAD S1 接收S2的日志的回复为Term: 2 Success: true Id: 2 NotHeartBeat: true ReplyIndex0 ReplyTerm: 0
010523 LEAD S1 的term: 2 votedFor:1 nextIndex: [0 0 0] matchIndex: [0 0 0] logIndex: 0 log:{[{2 100}] 0}
010527 LOG2 S1 发送给S0 commitIndex为 -1 S1的CommitIndex: 0 nextIndex为: [0 0 0]
010530 LOG2 S1 发送给S2 commitIndex为 -1 S1的CommitIndex: 0 nextIndex为: [0 0 0]
010558 LEAD S2 目前有{[] 0}日志, 长度为0, 接收S1 的参数为{Term:2 LeaderId:1 PrevLogIndex:-1 PrevLogTerm:0 Entries:[] LeaderCommit:-1}
010560 LEAD S1 接收S2的日志的回复为Term: 2 Success: true Id: 2 NotHeartBeat: true ReplyIndex0 ReplyTerm: 0
010563 LEAD S0 目前有{[] 0}日志, 长度为0, 接收S1 的参数为{Term:2 LeaderId:1 PrevLogIndex:-1 PrevLogTerm:0 Entries:[] LeaderCommit:-1}
010564 LEAD S1 接收S0的日志的回复为Term: 2 Success: true Id: 0 NotHeartBeat: true ReplyIndex0 ReplyTerm: 0
011572 LEAD S1 的term: 2 votedFor:1 nextIndex: [0 0 0] matchIndex: [0 0 0] logIndex: 0 log:{[{2 100}] 0}
011574 LOG2 S1 发送给S0 commitIndex为 -1 S1的CommitIndex: 0 nextIndex为: [0 0 0]
011575 LOG2 S1 发送给S2 commitIndex为 -1 S1的CommitIndex: 0 nextIndex为: [0 0 0]
011585 LEAD S0 目前有{[] 0}日志, 长度为0, 接收S1 的参数为{Term:2 LeaderId:1 PrevLogIndex:-1 PrevLogTerm:0 Entries:[] LeaderCommit:-1}
011586 LEAD S1 接收S0的日志的回复为Term: 2 Success: true Id: 0 NotHeartBeat: true ReplyIndex0 ReplyTerm: 0
011586 LEAD S2 目前有{[] 0}日志, 长度为0, 接收S1 的参数为{Term:2 LeaderId:1 PrevLogIndex:-1 PrevLogTerm:0 Entries:[] LeaderCommit:-1}
011587 LEAD S1 接收S2的日志的回复为Term: 2 Success: true Id: 2 NotHeartBeat: true ReplyIndex0 ReplyTerm: 0
012594 LEAD S1 的term: 2 votedFor:1 nextIndex: [0 0 0] matchIndex: [0 0 0] logIndex: 0 log:{[{2 100}] 0}
012597 LOG2 S1 发送给S0 commitIndex为 -1 S1的CommitIndex: 0 nextIndex为: [0 0 0]
012599 LOG2 S1 发送给S2 commitIndex为 -1 S1的CommitIndex: 0 nextIndex为: [0 0 0]
012631 LEAD S0 目前有{[] 0}日志, 长度为0, 接收S1 的参数为{Term:2 LeaderId:1 PrevLogIndex:-1 PrevLogTerm:0 Entries:[] LeaderCommit:-1}
012633 LEAD S1 接收S0的日志的回复为Term: 2 Success: true Id: 0 NotHeartBeat: true ReplyIndex0 ReplyTerm: 0
012632 LEAD S2 目前有{[] 0}日志, 长度为0, 接收S1 的参数为{Term:2 LeaderId:1 PrevLogIndex:-1 PrevLogTerm:0 Entries:[] LeaderCommit:-1}
012636 LEAD S1 接收S2的日志的回复为Term: 2 Success: true Id: 2 NotHeartBeat: true ReplyIndex0 ReplyTerm: 0
013646 LEAD S1 的term: 2 votedFor:1 nextIndex: [0 0 0] matchIndex: [0 0 0] logIndex: 0 log:{[{2 100}] 0}
013651 LOG2 S1 发送给S0 commitIndex为 -1 S1的CommitIndex: 0 nextIndex为: [0 0 0]
013655 LOG2 S1 发送给S2 commitIndex为 -1 S1的CommitIndex: 0 nextIndex为: [0 0 0]
013678 LEAD S0 目前有{[] 0}日志, 长度为0, 接收S1 的参数为{Term:2 LeaderId:1 PrevLogIndex:-1 PrevLogTerm:0 Entries:[] LeaderCommit:-1}
013678 LEAD S2 目前有{[] 0}日志, 长度为0, 接收S1 的参数为{Term:2 LeaderId:1 PrevLogIndex:-1 PrevLogTerm:0 Entries:[] LeaderCommit:-1}
013679 LEAD S1 接收S0的日志的回复为Term: 2 Success: true Id: 0 NotHeartBeat: true ReplyIndex0 ReplyTerm: 0
013679 LEAD S1 接收S2的日志的回复为Term: 2 Success: true Id: 2 NotHeartBeat: true ReplyIndex0 ReplyTerm: 0
014689 LEAD S1 的term: 2 votedFor:1 nextIndex: [0 0 0] matchIndex: [0 0 0] logIndex: 0 log:{[{2 100}] 0}
014693 LOG2 S1 发送给S0 commitIndex为 -1 S1的CommitIndex: 0 nextIndex为: [0 0 0]
014697 LOG2 S1 发送给S2 commitIndex为 -1 S1的CommitIndex: 0 nextIndex为: [0 0 0]
014722 LEAD S0 目前有{[] 0}日志, 长度为0, 接收S1 的参数为{Term:2 LeaderId:1 PrevLogIndex:-1 PrevLogTerm:0 Entries:[] LeaderCommit:-1}
014731 LEAD S1 接收S0的日志的回复为Term: 2 Success: true Id: 0 NotHeartBeat: true ReplyIndex0 ReplyTerm: 0
014747 LEAD S2 目前有{[] 0}日志, 长度为0, 接收S1 的参数为{Term:2 LeaderId:1 PrevLogIndex:-1 PrevLogTerm:0 Entries:[] LeaderCommit:-1}
014748 LEAD S1 接收S2的日志的回复为Term: 2 Success: true Id: 2 NotHeartBeat: true ReplyIndex0 ReplyTerm: 0
015756 LEAD S1 的term: 2 votedFor:1 nextIndex: [0 0 0] matchIndex: [0 0 0] logIndex: 0 log:{[{2 100}] 0}
015761 LOG2 S1 发送给S0 commitIndex为 -1 S1的CommitIndex: 0 nextIndex为: [0 0 0]
015764 LOG2 S1 发送给S2 commitIndex为 -1 S1的CommitIndex: 0 nextIndex为: [0 0 0]
015782 LEAD S0 目前有{[] 0}日志, 长度为0, 接收S1 的参数为{Term:2 LeaderId:1 PrevLogIndex:-1 PrevLogTerm:0 Entries:[] LeaderCommit:-1}
015782 LEAD S2 目前有{[] 0}日志, 长度为0, 接收S1 的参数为{Term:2 LeaderId:1 PrevLogIndex:-1 PrevLogTerm:0 Entries:[] LeaderCommit:-1}
015783 LEAD S1 接收S0的日志的回复为Term: 2 Success: true Id: 0 NotHeartBeat: true ReplyIndex0 ReplyTerm: 0
015784 LEAD S1 接收S2的日志的回复为Term: 2 Success: true Id: 2 NotHeartBeat: true ReplyIndex0 ReplyTerm: 0
016794 LEAD S1 的term: 2 votedFor:1 nextIndex: [0 0 0] matchIndex: [0 0 0] logIndex: 0 log:{[{2 100}] 0}
016796 LOG2 S1 发送给S0 commitIndex为 -1 S1的CommitIndex: 0 nextIndex为: [0 0 0]
016798 LOG2 S1 发送给S2 commitIndex为 -1 S1的CommitIndex: 0 nextIndex为: [0 0 0]
016840 LEAD S2 目前有{[] 0}日志, 长度为0, 接收S1 的参数为{Term:2 LeaderId:1 PrevLogIndex:-1 PrevLogTerm:0 Entries:[] LeaderCommit:-1}
016840 LEAD S0 目前有{[] 0}日志, 长度为0, 接收S1 的参数为{Term:2 LeaderId:1 PrevLogIndex:-1 PrevLogTerm:0 Entries:[] LeaderCommit:-1}
016841 LEAD S1 接收S2的日志的回复为Term: 2 Success: true Id: 2 NotHeartBeat: true ReplyIndex0 ReplyTerm: 0
016841 LEAD S1 接收S0的日志的回复为Term: 2 Success: true Id: 0 NotHeartBeat: true ReplyIndex0 ReplyTerm: 0
017849 LEAD S1 的term: 2 votedFor:1 nextIndex: [0 0 0] matchIndex: [0 0 0] logIndex: 0 log:{[{2 100}] 0}
017856 LOG2 S1 发送给S0 commitIndex为 -1 S1的CommitIndex: 0 nextIndex为: [0 0 0]
017858 LOG2 S1 发送给S2 commitIndex为 -1 S1的CommitIndex: 0 nextIndex为: [0 0 0]
017886 LEAD S2 目前有{[] 0}日志, 长度为0, 接收S1 的参数为{Term:2 LeaderId:1 PrevLogIndex:-1 PrevLogTerm:0 Entries:[] LeaderCommit:-1}
017888 LEAD S1 接收S2的日志的回复为Term: 2 Success: true Id: 2 NotHeartBeat: true ReplyIndex0 ReplyTerm: 0
017900 LEAD S0 目前有{[] 0}日志, 长度为0, 接收S1 的参数为{Term:2 LeaderId:1 PrevLogIndex:-1 PrevLogTerm:0 Entries:[] LeaderCommit:-1}
017902 LEAD S1 接收S0的日志的回复为Term: 2 Success: true Id: 0 NotHeartBeat: true ReplyIndex0 ReplyTerm: 0
018909 LEAD S1 的term: 2 votedFor:1 nextIndex: [0 0 0] matchIndex: [0 0 0] logIndex: 0 log:{[{2 100}] 0}
018912 LOG2 S1 发送给S0 commitIndex为 -1 S1的CommitIndex: 0 nextIndex为: [0 0 0]
018913 LOG2 S1 发送给S2 commitIndex为 -1 S1的CommitIndex: 0 nextIndex为: [0 0 0]
018926 LEAD S2 目前有{[] 0}日志, 长度为0, 接收S1 的参数为{Term:2 LeaderId:1 PrevLogIndex:-1 PrevLogTerm:0 Entries:[] LeaderCommit:-1}
018926 LEAD S0 目前有{[] 0}日志, 长度为0, 接收S1 的参数为{Term:2 LeaderId:1 PrevLogIndex:-1 PrevLogTerm:0 Entries:[] LeaderCommit:-1}
018927 LEAD S1 接收S2的日志的回复为Term: 2 Success: true Id: 2 NotHeartBeat: true ReplyIndex0 ReplyTerm: 0
018927 LEAD S1 接收S0的日志的回复为Term: 2 Success: true Id: 0 NotHeartBeat: true ReplyIndex0 ReplyTerm: 0
019936 LEAD S1 的term: 2 votedFor:1 nextIndex: [0 0 0] matchIndex: [0 0 0] logIndex: 0 log:{[{2 100}] 0}
019939 LOG2 S1 发送给S0 commitIndex为 -1 S1的CommitIndex: 0 nextIndex为: [0 0 0]
019940 LOG2 S1 发送给S2 commitIndex为 -1 S1的CommitIndex: 0 nextIndex为: [0 0 0]
019953 LEAD S0 目前有{[] 0}日志, 长度为0, 接收S1 的参数为{Term:2 LeaderId:1 PrevLogIndex:-1 PrevLogTerm:0 Entries:[] LeaderCommit:-1}
019953 LEAD S2 目前有{[] 0}日志, 长度为0, 接收S1 的参数为{Term:2 LeaderId:1 PrevLogIndex:-1 PrevLogTerm:0 Entries:[] LeaderCommit:-1}
019954 LEAD S1 接收S0的日志的回复为Term: 2 Success: true Id: 0 NotHeartBeat: true ReplyIndex0 ReplyTerm: 0
019954 LEAD S1 接收S2的日志的回复为Term: 2 Success: true Id: 2 NotHeartBeat: true ReplyIndex0 ReplyTerm: 0
020962 LEAD S1 的term: 2 votedFor:1 nextIndex: [0 0 0] matchIndex: [0 0 0] logIndex: 0 log:{[{2 100}] 0}
020966 LOG2 S1 发送给S0 commitIndex为 -1 S1的CommitIndex: 0 nextIndex为: [0 0 0]
020968 LOG2 S1 发送给S2 commitIndex为 -1 S1的CommitIndex: 0 nextIndex为: [0 0 0]
020993 LEAD S2 目前有{[] 0}日志, 长度为0, 接收S1 的参数为{Term:2 LeaderId:1 PrevLogIndex:-1 PrevLogTerm:0 Entries:[] LeaderCommit:-1}
020994 LEAD S0 目前有{[] 0}日志, 长度为0, 接收S1 的参数为{Term:2 LeaderId:1 PrevLogIndex:-1 PrevLogTerm:0 Entries:[] LeaderCommit:-1}
020994 LEAD S1 接收S2的日志的回复为Term: 2 Success: true Id: 2 NotHeartBeat: true ReplyIndex0 ReplyTerm: 0
020996 LEAD S1 接收S0的日志的回复为Term: 2 Success: true Id: 0 NotHeartBeat: true ReplyIndex0 ReplyTerm: 0
022008 LEAD S1 的term: 2 votedFor:1 nextIndex: [0 0 0] matchIndex: [0 0 0] logIndex: 0 log:{[{2 100}] 0}
022010 LOG2 S1 发送给S0 commitIndex为 -1 S1的CommitIndex: 0 nextIndex为: [0 0 0]
022012 LOG2 S1 发送给S2 commitIndex为 -1 S1的CommitIndex: 0 nextIndex为: [0 0 0]
022026 LEAD S2 目前有{[] 0}日志, 长度为0, 接收S1 的参数为{Term:2 LeaderId:1 PrevLogIndex:-1 PrevLogTerm:0 Entries:[] LeaderCommit:-1}
022027 LEAD S0 目前有{[] 0}日志, 长度为0, 接收S1 的参数为{Term:2 LeaderId:1 PrevLogIndex:-1 PrevLogTerm:0 Entries:[] LeaderCommit:-1}
022028 LEAD S1 接收S2的日志的回复为Term: 2 Success: true Id: 2 NotHeartBeat: true ReplyIndex0 ReplyTerm: 0
022028 LEAD S1 接收S0的日志的回复为Term: 2 Success: true Id: 0 NotHeartBeat: true ReplyIndex0 ReplyTerm: 0
023036 LEAD S1 的term: 2 votedFor:1 nextIndex: [0 0 0] matchIndex: [0 0 0] logIndex: 0 log:{[{2 100}] 0}
023040 LOG2 S1 发送给S0 commitIndex为 -1 S1的CommitIndex: 0 nextIndex为: [0 0 0]
023048 LOG2 S1 发送给S2 commitIndex为 -1 S1的CommitIndex: 0 nextIndex为: [0 0 0]
023080 LEAD S0 目前有{[] 0}日志, 长度为0, 接收S1 的参数为{Term:2 LeaderId:1 PrevLogIndex:-1 PrevLogTerm:0 Entries:[] LeaderCommit:-1}
023080 LEAD S2 目前有{[] 0}日志, 长度为0, 接收S1 的参数为{Term:2 LeaderId:1 PrevLogIndex:-1 PrevLogTerm:0 Entries:[] LeaderCommit:-1}
023081 LEAD S1 接收S0的日志的回复为Term: 2 Success: true Id: 0 NotHeartBeat: true ReplyIndex0 ReplyTerm: 0
023082 LEAD S1 接收S2的日志的回复为Term: 2 Success: true Id: 2 NotHeartBeat: true ReplyIndex0 ReplyTerm: 0
024092 LEAD S1 的term: 2 votedFor:1 nextIndex: [0 0 0] matchIndex: [0 0 0] logIndex: 0 log:{[{2 100}] 0}
024095 LOG2 S1 发送给S0 commitIndex为 -1 S1的CommitIndex: 0 nextIndex为: [0 0 0]
024097 LOG2 S1 发送给S2 commitIndex为 -1 S1的CommitIndex: 0 nextIndex为: [0 0 0]
024161 LEAD S2 目前有{[] 0}日志, 长度为0, 接收S1 的参数为{Term:2 LeaderId:1 PrevLogIndex:-1 PrevLogTerm:0 Entries:[] LeaderCommit:-1}
024163 LEAD S1 接收S2的日志的回复为Term: 2 Success: true Id: 2 NotHeartBeat: true ReplyIndex0 ReplyTerm: 0
024164 LEAD S0 目前有{[] 0}日志, 长度为0, 接收S1 的参数为{Term:2 LeaderId:1 PrevLogIndex:-1 PrevLogTerm:0 Entries:[] LeaderCommit:-1}
024165 LEAD S1 接收S0的日志的回复为Term: 2 Success: true Id: 0 NotHeartBeat: true ReplyIndex0 ReplyTerm: 0
025174 LEAD S1 的term: 2 votedFor:1 nextIndex: [0 0 0] matchIndex: [0 0 0] logIndex: 0 log:{[{2 100}] 0}
025179 LOG2 S1 发送给S0 commitIndex为 -1 S1的CommitIndex: 0 nextIndex为: [0 0 0]
025181 LOG2 S1 发送给S2 commitIndex为 -1 S1的CommitIndex: 0 nextIndex为: [0 0 0]
025202 LEAD S0 目前有{[] 0}日志, 长度为0, 接收S1 的参数为{Term:2 LeaderId:1 PrevLogIndex:-1 PrevLogTerm:0 Entries:[] LeaderCommit:-1}
025203 LEAD S1 接收S0的日志的回复为Term: 2 Success: true Id: 0 NotHeartBeat: true ReplyIndex0 ReplyTerm: 0
025203 LEAD S2 目前有{[] 0}日志, 长度为0, 接收S1 的参数为{Term:2 LeaderId:1 PrevLogIndex:-1 PrevLogTerm:0 Entries:[] LeaderCommit:-1}
025204 LEAD S1 接收S2的日志的回复为Term: 2 Success: true Id: 2 NotHeartBeat: true ReplyIndex0 ReplyTerm: 0
026214 LEAD S1 的term: 2 votedFor:1 nextIndex: [0 0 0] matchIndex: [0 0 0] logIndex: 0 log:{[{2 100}] 0}
026218 LOG2 S1 发送给S0 commitIndex为 -1 S1的CommitIndex: 0 nextIndex为: [0 0 0]
026219 LOG2 S1 发送给S2 commitIndex为 -1 S1的CommitIndex: 0 nextIndex为: [0 0 0]
026236 LEAD S2 目前有{[] 0}日志, 长度为0, 接收S1 的参数为{Term:2 LeaderId:1 PrevLogIndex:-1 PrevLogTerm:0 Entries:[] LeaderCommit:-1}
026237 LEAD S0 目前有{[] 0}日志, 长度为0, 接收S1 的参数为{Term:2 LeaderId:1 PrevLogIndex:-1 PrevLogTerm:0 Entries:[] LeaderCommit:-1}
026238 LEAD S1 接收S0的日志的回复为Term: 2 Success: true Id: 0 NotHeartBeat: true ReplyIndex0 ReplyTerm: 0
026237 LEAD S1 接收S2的日志的回复为Term: 2 Success: true Id: 2 NotHeartBeat: true ReplyIndex0 ReplyTerm: 0
027250 LEAD S1 的term: 2 votedFor:1 nextIndex: [0 0 0] matchIndex: [0 0 0] logIndex: 0 log:{[{2 100}] 0}
027252 LOG2 S1 发送给S0 commitIndex为 -1 S1的CommitIndex: 0 nextIndex为: [0 0 0]
027253 LOG2 S1 发送给S2 commitIndex为 -1 S1的CommitIndex: 0 nextIndex为: [0 0 0]
027267 LEAD S0 目前有{[] 0}日志, 长度为0, 接收S1 的参数为{Term:2 LeaderId:1 PrevLogIndex:-1 PrevLogTerm:0 Entries:[] LeaderCommit:-1}
027267 LEAD S2 目前有{[] 0}日志, 长度为0, 接收S1 的参数为{Term:2 LeaderId:1 PrevLogIndex:-1 PrevLogTerm:0 Entries:[] LeaderCommit:-1}
027268 LEAD S1 接收S0的日志的回复为Term: 2 Success: true Id: 0 NotHeartBeat: true ReplyIndex0 ReplyTerm: 0
027269 LEAD S1 接收S2的日志的回复为Term: 2 Success: true Id: 2 NotHeartBeat: true ReplyIndex0 ReplyTerm: 0
028276 LEAD S1 的term: 2 votedFor:1 nextIndex: [0 0 0] matchIndex: [0 0 0] logIndex: 0 log:{[{2 100}] 0}
028280 LOG2 S1 发送给S0 commitIndex为 -1 S1的CommitIndex: 0 nextIndex为: [0 0 0]
028282 LOG2 S1 发送给S2 commitIndex为 -1 S1的CommitIndex: 0 nextIndex为: [0 0 0]
028306 LEAD S2 目前有{[] 0}日志, 长度为0, 接收S1 的参数为{Term:2 LeaderId:1 PrevLogIndex:-1 PrevLogTerm:0 Entries:[] LeaderCommit:-1}
028308 LEAD S1 接收S2的日志的回复为Term: 2 Success: true Id: 2 NotHeartBeat: true ReplyIndex0 ReplyTerm: 0
028318 LEAD S0 目前有{[] 0}日志, 长度为0, 接收S1 的参数为{Term:2 LeaderId:1 PrevLogIndex:-1 PrevLogTerm:0 Entries:[] LeaderCommit:-1}
028320 LEAD S1 接收S0的日志的回复为Term: 2 Success: true Id: 0 NotHeartBeat: true ReplyIndex0 ReplyTerm: 0
--- FAIL: TestBasicAgree2B (2.87s)
    config.go:600: one(100) failed to reach agreement