Test: one client (3A) ...
  ... Passed --  15.1  2  4302  536
Test: ops complete fast enough (3A) ...
  ... Passed --  34.1  3  7759    0
Test: many clients (3A) ...
  ... Passed --  15.9  5 14127 1187
Test: unreliable net, many clients (3A) ...
  ... Passed --  17.2  5  5586  625
Test: concurrent append to same key, unreliable (3A) ...
  ... Passed --   2.6  3   284   52
Test: progress in majority (3A) ...
  ... Passed --   1.3  5   152    2
Test: no progress in minority (3A) ...
  ... Passed --   1.6  5   531    3
Test: completion after heal (3A) ...
  ... Passed --   1.0  5    58    3
Test: partitions, one client (3A) ...
  ... Passed --  22.9  5  6251  227
listen tcp :6060: bind: address already in use
Test: partitions, many clients (3A) ...
  ... Passed --  23.1  5 14538  883
Test: restarts, one client (3A) ...
shutdown servers
shutdown servers
shutdown servers
  ... Passed --  22.0  5 14893  492
Test: restarts, many clients (3A) ...
shutdown servers
shutdown servers
shutdown servers
  ... Passed --  23.2  5 23513  755
Test: unreliable net, restarts, many clients (3A) ...
shutdown servers
shutdown servers
shutdown servers
  ... Passed --  28.8  5  7032  672
Test: restarts, partitions, many clients (3A) ...
shutdown servers
shutdown servers
shutdown servers
  ... Passed --  32.2  5 22330 1016
Test: unreliable net, restarts, partitions, many clients (3A) ...
shutdown servers
shutdown servers
shutdown servers
  ... Passed --  30.6  5  5829  430
Test: unreliable net, restarts, partitions, random keys, many clients (3A) ...
shutdown servers
shutdown servers
shutdown servers
  ... Passed --  42.8  7 17232  937
PASS
ok  	6.5840/kvraft	315.286s
